16.02.2020 18:02:34      Количество символов а  = 97 
16.02.2020 18:02:35      Количество символов б  = 20 
16.02.2020 18:02:35      Количество символов в  = 60 
16.02.2020 18:02:35      Количество символов г  = 18 
16.02.2020 18:02:35      Количество символов д  = 33 
16.02.2020 18:02:35      Количество символов е  = 89 
16.02.2020 18:02:35      Количество символов ж  = 10 
16.02.2020 18:02:35      Количество символов з  = 27 
16.02.2020 18:02:35      Количество символов и  = 67 
16.02.2020 18:02:35      Количество символов й  = 22 
16.02.2020 18:02:35      Количество символов к  = 35 
16.02.2020 18:02:35      Количество символов л  = 57 
16.02.2020 18:02:35      Количество символов м  = 48 
16.02.2020 18:02:35      Количество символов н  = 73 
16.02.2020 18:02:35      Количество символов о  = 149 
16.02.2020 18:02:35      Количество символов п  = 27 
16.02.2020 18:02:35      Количество символов р  = 57 
16.02.2020 18:02:35      Количество символов с  = 69 
16.02.2020 18:02:35      Количество символов т  = 97 
16.02.2020 18:02:35      Количество символов у  = 17 
16.02.2020 18:02:35      Количество символов ф  = 1 
16.02.2020 18:02:35      Количество символов х  = 2 
16.02.2020 18:02:35      Количество символов ц  = 7 
16.02.2020 18:02:35      Количество символов ч  = 15 
16.02.2020 18:02:35      Количество символов ш  = 7 
16.02.2020 18:02:35      Количество символов щ  = 2 
16.02.2020 18:02:35      Количество символов ъ  = 4 
16.02.2020 18:02:35      Количество символов ы  = 22 
16.02.2020 18:02:35      Количество символов ь  = 23 
16.02.2020 18:02:35      Количество символов э  = 9 
16.02.2020 18:02:35      Количество символов ю  = 2 
16.02.2020 18:02:35      Количество символов я  = 19 
16.02.2020 18:02:35      Количество символов ё  = 1 
16.02.2020 18:02:35      Количество символов a  = 419 
16.02.2020 18:02:35      Количество символов b  = 111 
16.02.2020 18:02:35      Количество символов c  = 169 
16.02.2020 18:02:35      Количество символов d  = 217 
16.02.2020 18:02:35      Количество символов e  = 740 
16.02.2020 18:02:35      Количество символов f  = 114 
16.02.2020 18:02:35      Количество символов g  = 64 
16.02.2020 18:02:35      Количество символов h  = 253 
16.02.2020 18:02:35      Количество символов i  = 429 
16.02.2020 18:02:35      Количество символов j  = 4 
16.02.2020 18:02:35      Количество символов k  = 19 
16.02.2020 18:02:35      Количество символов l  = 254 
16.02.2020 18:02:35      Количество символов m  = 122 
16.02.2020 18:02:35      Количество символов n  = 388 
16.02.2020 18:02:35      Количество символов o  = 424 
16.02.2020 18:02:35      Количество символов p  = 119 
16.02.2020 18:02:35      Количество символов q  = 6 
16.02.2020 18:02:35      Количество символов r  = 345 
16.02.2020 18:02:35      Количество символов s  = 406 
16.02.2020 18:02:35      Количество символов t  = 519 
16.02.2020 18:02:35      Количество символов u  = 148 
16.02.2020 18:02:35      Количество символов v  = 87 
16.02.2020 18:02:35      Количество символов w  = 83 
16.02.2020 18:02:35      Количество символов x  = 24 
16.02.2020 18:02:35      Количество символов y  = 129 
16.02.2020 18:03:04      Количество символов 0  = 8097 
16.02.2020 18:03:26      Количество символов 1  = 5702 
18.02.2020 9:21:19      Количество символов а  = 97 
18.02.2020 9:21:19      Количество символов б  = 20 
18.02.2020 9:21:19      Количество символов в  = 60 
18.02.2020 9:21:19      Количество символов г  = 18 
18.02.2020 9:21:19      Количество символов д  = 33 
18.02.2020 9:21:19      Количество символов е  = 89 
18.02.2020 9:21:19      Количество символов ж  = 10 
18.02.2020 9:21:19      Количество символов з  = 27 
18.02.2020 9:21:19      Количество символов и  = 67 
18.02.2020 9:21:19      Количество символов й  = 22 
18.02.2020 9:21:19      Количество символов к  = 35 
18.02.2020 9:21:19      Количество символов л  = 57 
18.02.2020 9:21:19      Количество символов м  = 48 
18.02.2020 9:21:19      Количество символов н  = 73 
18.02.2020 9:21:19      Количество символов о  = 149 
18.02.2020 9:21:19      Количество символов п  = 27 
18.02.2020 9:21:19      Количество символов р  = 57 
18.02.2020 9:21:19      Количество символов с  = 69 
18.02.2020 9:21:19      Количество символов т  = 97 
18.02.2020 9:21:19      Количество символов у  = 17 
18.02.2020 9:21:19      Количество символов ф  = 1 
18.02.2020 9:21:19      Количество символов х  = 2 
18.02.2020 9:21:19      Количество символов ц  = 7 
18.02.2020 9:21:19      Количество символов ч  = 15 
18.02.2020 9:21:19      Количество символов ш  = 7 
18.02.2020 9:21:19      Количество символов щ  = 2 
18.02.2020 9:21:19      Количество символов ъ  = 4 
18.02.2020 9:21:19      Количество символов ы  = 22 
18.02.2020 9:21:19      Количество символов ь  = 23 
18.02.2020 9:21:19      Количество символов э  = 9 
18.02.2020 9:21:19      Количество символов ю  = 2 
18.02.2020 9:21:19      Количество символов я  = 19 
18.02.2020 9:21:19      Количество символов ё  = 1 
18.02.2020 9:21:19      Количество символов a  = 419 
18.02.2020 9:21:19      Количество символов b  = 111 
18.02.2020 9:21:19      Количество символов c  = 169 
18.02.2020 9:21:19      Количество символов d  = 217 
18.02.2020 9:21:19      Количество символов e  = 740 
18.02.2020 9:21:19      Количество символов f  = 114 
18.02.2020 9:21:20      Количество символов g  = 64 
18.02.2020 9:21:20      Количество символов h  = 253 
18.02.2020 9:21:20      Количество символов i  = 429 
18.02.2020 9:21:20      Количество символов j  = 4 
18.02.2020 9:21:20      Количество символов k  = 19 
18.02.2020 9:21:20      Количество символов l  = 254 
18.02.2020 9:21:20      Количество символов m  = 122 
18.02.2020 9:21:20      Количество символов n  = 388 
18.02.2020 9:21:20      Количество символов o  = 424 
18.02.2020 9:21:20      Количество символов p  = 119 
18.02.2020 9:21:20      Количество символов q  = 6 
18.02.2020 9:21:20      Количество символов r  = 345 
18.02.2020 9:21:20      Количество символов s  = 406 
18.02.2020 9:21:20      Количество символов t  = 519 
18.02.2020 9:21:20      Количество символов u  = 148 
18.02.2020 9:21:20      Количество символов v  = 87 
18.02.2020 9:21:20      Количество символов w  = 83 
18.02.2020 9:21:20      Количество символов x  = 24 
18.02.2020 9:21:20      Количество символов y  = 129 
18.02.2020 9:21:20      Количество символов 0  = 8097 
18.02.2020 9:21:20      Количество символов 1  = 5702 
18.02.2020 9:21:20      Количество символов a  = 419 
18.02.2020 9:21:20      Количество символов b  = 111 
18.02.2020 9:21:20      Количество символов c  = 169 
18.02.2020 9:21:20      Количество символов d  = 217 
18.02.2020 9:21:20      Количество символов e  = 740 
18.02.2020 9:21:20      Количество символов f  = 114 
18.02.2020 9:21:20      Количество символов g  = 64 
18.02.2020 9:21:20      Количество символов h  = 253 
18.02.2020 9:21:20      Количество символов i  = 429 
18.02.2020 9:21:20      Количество символов j  = 4 
18.02.2020 9:21:20      Количество символов k  = 19 
18.02.2020 9:21:20      Количество символов l  = 254 
18.02.2020 9:21:20      Количество символов m  = 122 
18.02.2020 9:21:20      Количество символов n  = 388 
18.02.2020 9:21:20      Количество символов o  = 424 
18.02.2020 9:21:20      Количество символов p  = 119 
18.02.2020 9:21:20      Количество символов q  = 6 
18.02.2020 9:21:20      Количество символов r  = 345 
18.02.2020 9:21:20      Количество символов s  = 406 
18.02.2020 9:21:20      Количество символов t  = 519 
18.02.2020 9:21:20      Количество символов u  = 148 
18.02.2020 9:21:20      Количество символов v  = 87 
18.02.2020 9:21:20      Количество символов w  = 83 
18.02.2020 9:21:20      Количество символов x  = 24 
18.02.2020 9:21:20      Количество символов y  = 129 
18.02.2020 10:07:45      Количество символов а  = 97 
18.02.2020 10:07:45      Количество символов б  = 20 
18.02.2020 10:07:45      Количество символов в  = 60 
18.02.2020 10:07:45      Количество символов г  = 18 
18.02.2020 10:07:46      Количество символов д  = 33 
18.02.2020 10:07:46      Количество символов е  = 89 
18.02.2020 10:07:46      Количество символов ж  = 10 
18.02.2020 10:07:46      Количество символов з  = 27 
18.02.2020 10:07:46      Количество символов и  = 67 
18.02.2020 10:07:46      Количество символов й  = 22 
18.02.2020 10:07:46      Количество символов к  = 35 
18.02.2020 10:07:46      Количество символов л  = 57 
18.02.2020 10:07:46      Количество символов м  = 48 
18.02.2020 10:07:46      Количество символов н  = 73 
18.02.2020 10:07:46      Количество символов о  = 149 
18.02.2020 10:07:46      Количество символов п  = 27 
18.02.2020 10:07:46      Количество символов р  = 57 
18.02.2020 10:07:46      Количество символов с  = 69 
18.02.2020 10:07:46      Количество символов т  = 97 
18.02.2020 10:07:46      Количество символов у  = 17 
18.02.2020 10:07:46      Количество символов ф  = 1 
18.02.2020 10:07:46      Количество символов х  = 2 
18.02.2020 10:07:46      Количество символов ц  = 7 
18.02.2020 10:07:46      Количество символов ч  = 15 
18.02.2020 10:07:46      Количество символов ш  = 7 
18.02.2020 10:07:46      Количество символов щ  = 2 
18.02.2020 10:07:46      Количество символов ъ  = 4 
18.02.2020 10:07:46      Количество символов ы  = 22 
18.02.2020 10:07:46      Количество символов ь  = 23 
18.02.2020 10:07:46      Количество символов э  = 9 
18.02.2020 10:07:46      Количество символов ю  = 2 
18.02.2020 10:07:46      Количество символов я  = 19 
18.02.2020 10:07:46      Количество символов ё  = 1 
18.02.2020 10:07:46      Количество символов a  = 419 
18.02.2020 10:07:46      Количество символов b  = 111 
18.02.2020 10:07:46      Количество символов c  = 169 
18.02.2020 10:07:46      Количество символов d  = 217 
18.02.2020 10:07:46      Количество символов e  = 740 
18.02.2020 10:07:46      Количество символов f  = 114 
18.02.2020 10:07:46      Количество символов g  = 64 
18.02.2020 10:07:46      Количество символов h  = 253 
18.02.2020 10:07:46      Количество символов i  = 429 
18.02.2020 10:07:46      Количество символов j  = 4 
18.02.2020 10:07:46      Количество символов k  = 19 
18.02.2020 10:07:46      Количество символов l  = 254 
18.02.2020 10:07:46      Количество символов m  = 122 
18.02.2020 10:07:46      Количество символов n  = 388 
18.02.2020 10:07:46      Количество символов o  = 424 
18.02.2020 10:07:46      Количество символов p  = 119 
18.02.2020 10:07:46      Количество символов q  = 6 
18.02.2020 10:07:46      Количество символов r  = 345 
18.02.2020 10:07:46      Количество символов s  = 406 
18.02.2020 10:07:46      Количество символов t  = 519 
18.02.2020 10:07:46      Количество символов u  = 148 
18.02.2020 10:07:46      Количество символов v  = 87 
18.02.2020 10:07:46      Количество символов w  = 83 
18.02.2020 10:07:46      Количество символов x  = 24 
18.02.2020 10:07:46      Количество символов y  = 129 
18.02.2020 10:07:46      Количество символов 0  = 8097 
18.02.2020 10:07:46      Количество символов 1  = 5702 
18.02.2020 10:07:46      Количество символов a  = 419 
18.02.2020 10:07:46      Количество символов b  = 111 
18.02.2020 10:07:46      Количество символов c  = 169 
18.02.2020 10:07:46      Количество символов d  = 217 
18.02.2020 10:07:46      Количество символов e  = 740 
18.02.2020 10:07:46      Количество символов f  = 114 
18.02.2020 10:07:46      Количество символов g  = 64 
18.02.2020 10:07:46      Количество символов h  = 253 
18.02.2020 10:07:46      Количество символов i  = 429 
18.02.2020 10:07:46      Количество символов j  = 4 
18.02.2020 10:07:46      Количество символов k  = 19 
18.02.2020 10:07:46      Количество символов l  = 254 
18.02.2020 10:07:46      Количество символов m  = 122 
18.02.2020 10:07:46      Количество символов n  = 388 
18.02.2020 10:07:46      Количество символов o  = 424 
18.02.2020 10:07:46      Количество символов p  = 119 
18.02.2020 10:07:46      Количество символов q  = 6 
18.02.2020 10:07:46      Количество символов r  = 345 
18.02.2020 10:07:46      Количество символов s  = 406 
18.02.2020 10:07:46      Количество символов t  = 519 
18.02.2020 10:07:46      Количество символов u  = 148 
18.02.2020 10:07:46      Количество символов v  = 87 
18.02.2020 10:07:46      Количество символов w  = 83 
18.02.2020 10:07:46      Количество символов x  = 24 
18.02.2020 10:07:46      Количество символов y  = 129 
18.02.2020 10:07:58      Количество символов а  = 97 
18.02.2020 10:07:58      Количество символов б  = 20 
18.02.2020 10:07:58      Количество символов в  = 60 
18.02.2020 10:07:58      Количество символов г  = 18 
18.02.2020 10:07:58      Количество символов д  = 33 
18.02.2020 10:07:58      Количество символов е  = 89 
18.02.2020 10:07:58      Количество символов ж  = 10 
18.02.2020 10:07:58      Количество символов з  = 27 
18.02.2020 10:07:58      Количество символов и  = 67 
18.02.2020 10:07:58      Количество символов й  = 22 
18.02.2020 10:07:58      Количество символов к  = 35 
18.02.2020 10:07:58      Количество символов л  = 57 
18.02.2020 10:07:58      Количество символов м  = 48 
18.02.2020 10:07:58      Количество символов н  = 73 
18.02.2020 10:07:58      Количество символов о  = 149 
18.02.2020 10:07:58      Количество символов п  = 27 
18.02.2020 10:07:58      Количество символов р  = 57 
18.02.2020 10:07:58      Количество символов с  = 69 
18.02.2020 10:07:58      Количество символов т  = 97 
18.02.2020 10:07:58      Количество символов у  = 17 
18.02.2020 10:07:58      Количество символов ф  = 1 
18.02.2020 10:07:58      Количество символов х  = 2 
18.02.2020 10:07:59      Количество символов ц  = 7 
18.02.2020 10:07:59      Количество символов ч  = 15 
18.02.2020 10:07:59      Количество символов ш  = 7 
18.02.2020 10:07:59      Количество символов щ  = 2 
18.02.2020 10:07:59      Количество символов ъ  = 4 
18.02.2020 10:07:59      Количество символов ы  = 22 
18.02.2020 10:07:59      Количество символов ь  = 23 
18.02.2020 10:07:59      Количество символов э  = 9 
18.02.2020 10:07:59      Количество символов ю  = 2 
18.02.2020 10:07:59      Количество символов я  = 19 
18.02.2020 10:07:59      Количество символов ё  = 1 
18.02.2020 10:07:59      Количество символов a  = 419 
18.02.2020 10:07:59      Количество символов b  = 111 
18.02.2020 10:07:59      Количество символов c  = 169 
18.02.2020 10:07:59      Количество символов d  = 217 
18.02.2020 10:07:59      Количество символов e  = 740 
18.02.2020 10:07:59      Количество символов f  = 114 
18.02.2020 10:07:59      Количество символов g  = 64 
18.02.2020 10:07:59      Количество символов h  = 253 
18.02.2020 10:07:59      Количество символов i  = 429 
18.02.2020 10:07:59      Количество символов j  = 4 
18.02.2020 10:07:59      Количество символов k  = 19 
18.02.2020 10:07:59      Количество символов l  = 254 
18.02.2020 10:07:59      Количество символов m  = 122 
18.02.2020 10:07:59      Количество символов n  = 388 
18.02.2020 10:07:59      Количество символов o  = 424 
18.02.2020 10:07:59      Количество символов p  = 119 
18.02.2020 10:07:59      Количество символов q  = 6 
18.02.2020 10:07:59      Количество символов r  = 345 
18.02.2020 10:07:59      Количество символов s  = 406 
18.02.2020 10:07:59      Количество символов t  = 519 
18.02.2020 10:07:59      Количество символов u  = 148 
18.02.2020 10:07:59      Количество символов v  = 87 
18.02.2020 10:07:59      Количество символов w  = 83 
18.02.2020 10:07:59      Количество символов x  = 24 
18.02.2020 10:07:59      Количество символов y  = 129 
18.02.2020 10:07:59      Количество символов 0  = 8097 
18.02.2020 10:07:59      Количество символов 1  = 5702 
18.02.2020 10:07:59      Количество символов a  = 419 
18.02.2020 10:07:59      Количество символов b  = 111 
18.02.2020 10:07:59      Количество символов c  = 169 
18.02.2020 10:07:59      Количество символов d  = 217 
18.02.2020 10:07:59      Количество символов e  = 740 
18.02.2020 10:07:59      Количество символов f  = 114 
18.02.2020 10:07:59      Количество символов g  = 64 
18.02.2020 10:07:59      Количество символов h  = 253 
18.02.2020 10:07:59      Количество символов i  = 429 
18.02.2020 10:07:59      Количество символов j  = 4 
18.02.2020 10:07:59      Количество символов k  = 19 
18.02.2020 10:07:59      Количество символов l  = 254 
18.02.2020 10:07:59      Количество символов m  = 122 
18.02.2020 10:07:59      Количество символов n  = 388 
18.02.2020 10:07:59      Количество символов o  = 424 
18.02.2020 10:07:59      Количество символов p  = 119 
18.02.2020 10:07:59      Количество символов q  = 6 
18.02.2020 10:07:59      Количество символов r  = 345 
18.02.2020 10:07:59      Количество символов s  = 406 
18.02.2020 10:07:59      Количество символов t  = 519 
18.02.2020 10:07:59      Количество символов u  = 148 
18.02.2020 10:07:59      Количество символов v  = 87 
18.02.2020 10:07:59      Количество символов w  = 83 
18.02.2020 10:07:59      Количество символов x  = 24 
18.02.2020 10:07:59      Количество символов y  = 129 
19.02.2020 20:50:36      Количество символов а  = 97 
19.02.2020 20:50:36      Количество символов б  = 20 
19.02.2020 20:50:36      Количество символов в  = 60 
19.02.2020 20:50:36      Количество символов г  = 18 
19.02.2020 20:50:36      Количество символов д  = 33 
19.02.2020 20:50:36      Количество символов е  = 89 
19.02.2020 20:50:36      Количество символов ж  = 10 
19.02.2020 20:50:36      Количество символов з  = 27 
19.02.2020 20:50:36      Количество символов и  = 67 
19.02.2020 20:50:36      Количество символов й  = 22 
19.02.2020 20:50:36      Количество символов к  = 35 
19.02.2020 20:50:36      Количество символов л  = 57 
19.02.2020 20:50:36      Количество символов м  = 48 
19.02.2020 20:50:36      Количество символов н  = 73 
19.02.2020 20:50:36      Количество символов о  = 149 
19.02.2020 20:50:36      Количество символов п  = 27 
19.02.2020 20:50:36      Количество символов р  = 57 
19.02.2020 20:50:37      Количество символов с  = 69 
19.02.2020 20:50:37      Количество символов т  = 97 
19.02.2020 20:50:37      Количество символов у  = 17 
19.02.2020 20:50:37      Количество символов ф  = 1 
19.02.2020 20:50:37      Количество символов х  = 2 
19.02.2020 20:50:37      Количество символов ц  = 7 
19.02.2020 20:50:37      Количество символов ч  = 15 
19.02.2020 20:50:37      Количество символов ш  = 7 
19.02.2020 20:50:37      Количество символов щ  = 2 
19.02.2020 20:50:37      Количество символов ъ  = 4 
19.02.2020 20:50:37      Количество символов ы  = 22 
19.02.2020 20:50:37      Количество символов ь  = 23 
19.02.2020 20:50:37      Количество символов э  = 9 
19.02.2020 20:50:37      Количество символов ю  = 2 
19.02.2020 20:50:37      Количество символов я  = 19 
19.02.2020 20:50:37      Количество символов ё  = 1 
20.02.2020 9:45:39      Количество символов а  = 97 
20.02.2020 9:45:39      Количество символов б  = 20 
20.02.2020 9:45:39      Количество символов в  = 60 
20.02.2020 9:45:39      Количество символов г  = 18 
20.02.2020 9:45:39      Количество символов д  = 33 
20.02.2020 9:45:39      Количество символов е  = 89 
20.02.2020 9:45:39      Количество символов ж  = 10 
20.02.2020 9:45:39      Количество символов з  = 27 
20.02.2020 9:45:39      Количество символов и  = 67 
20.02.2020 9:45:39      Количество символов й  = 22 
20.02.2020 9:45:39      Количество символов к  = 35 
20.02.2020 9:45:39      Количество символов л  = 57 
20.02.2020 9:45:39      Количество символов м  = 48 
20.02.2020 9:45:39      Количество символов н  = 73 
20.02.2020 9:45:39      Количество символов о  = 149 
20.02.2020 9:45:39      Количество символов п  = 27 
20.02.2020 9:45:39      Количество символов р  = 57 
20.02.2020 9:45:39      Количество символов с  = 69 
20.02.2020 9:45:39      Количество символов т  = 97 
20.02.2020 9:45:39      Количество символов у  = 17 
20.02.2020 9:45:39      Количество символов ф  = 1 
20.02.2020 9:45:39      Количество символов х  = 2 
20.02.2020 9:45:39      Количество символов ц  = 7 
20.02.2020 9:45:39      Количество символов ч  = 15 
20.02.2020 9:45:39      Количество символов ш  = 7 
20.02.2020 9:45:39      Количество символов щ  = 2 
20.02.2020 9:45:39      Количество символов ъ  = 4 
20.02.2020 9:45:39      Количество символов ы  = 22 
20.02.2020 9:45:39      Количество символов ь  = 23 
20.02.2020 9:45:39      Количество символов э  = 9 
20.02.2020 9:45:39      Количество символов ю  = 2 
20.02.2020 9:45:39      Количество символов я  = 19 
20.02.2020 9:45:39      Количество символов ё  = 1 
20.02.2020 9:45:39      Количество символов a  = 419 
20.02.2020 9:45:39      Количество символов b  = 111 
20.02.2020 9:45:39      Количество символов c  = 169 
20.02.2020 9:45:39      Количество символов d  = 217 
20.02.2020 9:45:39      Количество символов e  = 740 
20.02.2020 9:45:39      Количество символов f  = 114 
20.02.2020 9:45:39      Количество символов g  = 64 
20.02.2020 9:45:39      Количество символов h  = 253 
20.02.2020 9:45:39      Количество символов i  = 429 
20.02.2020 9:45:39      Количество символов j  = 4 
20.02.2020 9:45:39      Количество символов k  = 19 
20.02.2020 9:45:39      Количество символов l  = 254 
20.02.2020 9:45:39      Количество символов m  = 122 
20.02.2020 9:45:39      Количество символов n  = 388 
20.02.2020 9:45:39      Количество символов o  = 424 
20.02.2020 9:45:39      Количество символов p  = 119 
20.02.2020 9:45:39      Количество символов q  = 6 
20.02.2020 9:45:39      Количество символов r  = 345 
20.02.2020 9:45:39      Количество символов s  = 406 
20.02.2020 9:45:39      Количество символов t  = 519 
20.02.2020 9:45:39      Количество символов u  = 148 
20.02.2020 9:45:39      Количество символов v  = 87 
20.02.2020 9:45:39      Количество символов w  = 83 
20.02.2020 9:45:39      Количество символов x  = 24 
20.02.2020 9:45:39      Количество символов y  = 129 
20.02.2020 9:45:39      Количество символов 0  = 8097 
20.02.2020 9:45:39      Количество символов 1  = 5702 
20.02.2020 9:45:39      Количество символов a  = 419 
20.02.2020 9:45:39      Количество символов b  = 111 
20.02.2020 9:45:39      Количество символов c  = 169 
20.02.2020 9:45:39      Количество символов d  = 217 
20.02.2020 9:45:39      Количество символов e  = 740 
20.02.2020 9:45:39      Количество символов f  = 114 
20.02.2020 9:45:39      Количество символов g  = 64 
20.02.2020 9:45:39      Количество символов h  = 253 
20.02.2020 9:45:39      Количество символов i  = 429 
20.02.2020 9:45:39      Количество символов j  = 4 
20.02.2020 9:45:39      Количество символов k  = 19 
20.02.2020 9:45:39      Количество символов l  = 254 
20.02.2020 9:45:39      Количество символов m  = 122 
20.02.2020 9:45:39      Количество символов n  = 388 
20.02.2020 9:45:39      Количество символов o  = 424 
20.02.2020 9:45:39      Количество символов p  = 119 
20.02.2020 9:45:39      Количество символов q  = 6 
20.02.2020 9:45:39      Количество символов r  = 345 
20.02.2020 9:45:39      Количество символов s  = 406 
20.02.2020 9:45:39      Количество символов t  = 519 
20.02.2020 9:45:39      Количество символов u  = 148 
20.02.2020 9:45:39      Количество символов v  = 87 
20.02.2020 9:45:40      Количество символов w  = 83 
20.02.2020 9:45:40      Количество символов x  = 24 
20.02.2020 9:45:40      Количество символов y  = 129 
20.02.2020 9:47:16      Количество символов а  = 97 
20.02.2020 9:47:16      Количество символов б  = 20 
20.02.2020 9:47:16      Количество символов в  = 60 
20.02.2020 9:47:16      Количество символов г  = 18 
20.02.2020 9:47:16      Количество символов д  = 33 
20.02.2020 9:47:16      Количество символов е  = 89 
20.02.2020 9:47:16      Количество символов ж  = 10 
20.02.2020 9:47:16      Количество символов з  = 27 
20.02.2020 9:47:16      Количество символов и  = 67 
20.02.2020 9:47:16      Количество символов й  = 22 
20.02.2020 9:47:16      Количество символов к  = 35 
20.02.2020 9:47:16      Количество символов л  = 57 
20.02.2020 9:47:16      Количество символов м  = 48 
20.02.2020 9:47:16      Количество символов н  = 73 
20.02.2020 9:47:16      Количество символов о  = 149 
20.02.2020 9:47:17      Количество символов п  = 27 
20.02.2020 9:47:17      Количество символов р  = 57 
20.02.2020 9:47:17      Количество символов с  = 69 
20.02.2020 9:47:17      Количество символов т  = 97 
20.02.2020 9:47:17      Количество символов у  = 17 
20.02.2020 9:47:17      Количество символов ф  = 1 
20.02.2020 9:47:17      Количество символов х  = 2 
20.02.2020 9:47:17      Количество символов ц  = 7 
20.02.2020 9:47:17      Количество символов ч  = 15 
20.02.2020 9:47:17      Количество символов ш  = 7 
20.02.2020 9:47:17      Количество символов щ  = 2 
20.02.2020 9:47:17      Количество символов ъ  = 4 
20.02.2020 9:47:17      Количество символов ы  = 22 
20.02.2020 9:47:17      Количество символов ь  = 23 
20.02.2020 9:47:17      Количество символов э  = 9 
20.02.2020 9:47:17      Количество символов ю  = 2 
20.02.2020 9:47:17      Количество символов я  = 19 
20.02.2020 9:47:17      Количество символов ё  = 1 
20.02.2020 9:47:17      Количество символов a  = 419 
20.02.2020 9:47:17      Количество символов b  = 111 
20.02.2020 9:47:17      Количество символов c  = 169 
20.02.2020 9:47:17      Количество символов d  = 217 
20.02.2020 9:47:17      Количество символов e  = 740 
20.02.2020 9:47:17      Количество символов f  = 114 
20.02.2020 9:47:17      Количество символов g  = 64 
20.02.2020 9:47:17      Количество символов h  = 253 
20.02.2020 9:47:17      Количество символов i  = 429 
20.02.2020 9:47:17      Количество символов j  = 4 
20.02.2020 9:47:17      Количество символов k  = 19 
20.02.2020 9:47:17      Количество символов l  = 254 
20.02.2020 9:47:17      Количество символов m  = 122 
20.02.2020 9:47:17      Количество символов n  = 388 
20.02.2020 9:47:17      Количество символов o  = 424 
20.02.2020 9:47:17      Количество символов p  = 119 
20.02.2020 9:47:17      Количество символов q  = 6 
20.02.2020 9:47:17      Количество символов r  = 345 
20.02.2020 9:47:17      Количество символов s  = 406 
20.02.2020 9:47:17      Количество символов t  = 519 
20.02.2020 9:47:17      Количество символов u  = 148 
20.02.2020 9:47:17      Количество символов v  = 87 
20.02.2020 9:47:17      Количество символов w  = 83 
20.02.2020 9:47:17      Количество символов x  = 24 
20.02.2020 9:47:17      Количество символов y  = 129 
20.02.2020 9:47:31      Количество символов 0  = 8097 
20.02.2020 9:47:31      Количество символов 1  = 5702 
20.02.2020 10:04:47      Количество символов а  = 97 
20.02.2020 10:04:47      Количество символов б  = 20 
20.02.2020 10:04:47      Количество символов в  = 60 
20.02.2020 10:04:47      Количество символов г  = 18 
20.02.2020 10:04:47      Количество символов д  = 33 
20.02.2020 10:04:47      Количество символов е  = 89 
20.02.2020 10:04:47      Количество символов ж  = 10 
20.02.2020 10:04:47      Количество символов з  = 27 
20.02.2020 10:04:47      Количество символов и  = 67 
20.02.2020 10:04:47      Количество символов й  = 22 
20.02.2020 10:04:47      Количество символов к  = 35 
20.02.2020 10:04:47      Количество символов л  = 57 
20.02.2020 10:04:47      Количество символов м  = 48 
20.02.2020 10:04:47      Количество символов н  = 73 
20.02.2020 10:04:47      Количество символов о  = 149 
20.02.2020 10:04:47      Количество символов п  = 27 
20.02.2020 10:04:47      Количество символов р  = 57 
20.02.2020 10:04:47      Количество символов с  = 69 
20.02.2020 10:04:47      Количество символов т  = 97 
20.02.2020 10:04:47      Количество символов у  = 17 
20.02.2020 10:04:48      Количество символов ф  = 1 
20.02.2020 10:04:48      Количество символов х  = 2 
20.02.2020 10:04:48      Количество символов ц  = 7 
20.02.2020 10:04:48      Количество символов ч  = 15 
20.02.2020 10:04:48      Количество символов ш  = 7 
20.02.2020 10:04:48      Количество символов щ  = 2 
20.02.2020 10:04:48      Количество символов ъ  = 4 
20.02.2020 10:04:48      Количество символов ы  = 22 
20.02.2020 10:04:48      Количество символов ь  = 23 
20.02.2020 10:04:48      Количество символов э  = 9 
20.02.2020 10:04:48      Количество символов ю  = 2 
20.02.2020 10:04:48      Количество символов я  = 19 
20.02.2020 10:04:48      Количество символов ё  = 1 
20.02.2020 10:04:48      Количество символов a  = 419 
20.02.2020 10:04:48      Количество символов b  = 111 
20.02.2020 10:04:48      Количество символов c  = 169 
20.02.2020 10:04:48      Количество символов d  = 217 
20.02.2020 10:04:48      Количество символов e  = 740 
20.02.2020 10:04:48      Количество символов f  = 114 
20.02.2020 10:04:48      Количество символов g  = 64 
20.02.2020 10:04:48      Количество символов h  = 253 
20.02.2020 10:04:48      Количество символов i  = 429 
20.02.2020 10:04:48      Количество символов j  = 4 
20.02.2020 10:04:48      Количество символов k  = 19 
20.02.2020 10:04:48      Количество символов l  = 254 
20.02.2020 10:04:48      Количество символов m  = 122 
20.02.2020 10:04:48      Количество символов n  = 388 
20.02.2020 10:04:48      Количество символов o  = 424 
20.02.2020 10:04:48      Количество символов p  = 119 
20.02.2020 10:04:48      Количество символов q  = 6 
20.02.2020 10:04:48      Количество символов r  = 345 
20.02.2020 10:04:48      Количество символов s  = 406 
20.02.2020 10:04:48      Количество символов t  = 519 
20.02.2020 10:04:48      Количество символов u  = 148 
20.02.2020 10:04:48      Количество символов v  = 87 
20.02.2020 10:04:48      Количество символов w  = 83 
20.02.2020 10:04:48      Количество символов x  = 24 
20.02.2020 10:04:48      Количество символов y  = 129 
20.02.2020 10:04:48      Количество символов 0  = 8097 
20.02.2020 10:04:48      Количество символов 1  = 5702 
20.02.2020 10:04:48      Количество символов a  = 419 
20.02.2020 10:04:48      Количество символов b  = 111 
20.02.2020 10:04:48      Количество символов c  = 169 
20.02.2020 10:04:48      Количество символов d  = 217 
20.02.2020 10:04:48      Количество символов e  = 740 
20.02.2020 10:04:48      Количество символов f  = 114 
20.02.2020 10:04:48      Количество символов g  = 64 
20.02.2020 10:04:48      Количество символов h  = 253 
20.02.2020 10:04:48      Количество символов i  = 429 
20.02.2020 10:04:48      Количество символов j  = 4 
20.02.2020 10:04:48      Количество символов k  = 19 
20.02.2020 10:04:48      Количество символов l  = 254 
20.02.2020 10:04:49      Количество символов m  = 122 
20.02.2020 10:04:49      Количество символов n  = 388 
20.02.2020 10:04:49      Количество символов o  = 424 
20.02.2020 10:04:49      Количество символов p  = 119 
20.02.2020 10:04:49      Количество символов q  = 6 
20.02.2020 10:04:49      Количество символов r  = 345 
20.02.2020 10:04:49      Количество символов s  = 406 
20.02.2020 10:04:49      Количество символов t  = 519 
20.02.2020 10:04:49      Количество символов u  = 148 
20.02.2020 10:04:49      Количество символов v  = 87 
20.02.2020 10:04:49      Количество символов w  = 83 
20.02.2020 10:04:49      Количество символов x  = 24 
20.02.2020 10:04:49      Количество символов y  = 129 
20.02.2020 10:33:54      Количество символов 0  = 8097 
20.02.2020 10:33:54      Количество символов 1  = 5702 
20.02.2020 10:33:54      Количество символов а  = 97 
20.02.2020 10:33:54      Количество символов б  = 20 
20.02.2020 10:33:54      Количество символов в  = 60 
20.02.2020 10:33:54      Количество символов г  = 18 
20.02.2020 10:33:54      Количество символов д  = 33 
20.02.2020 10:33:54      Количество символов е  = 89 
20.02.2020 10:33:54      Количество символов ж  = 10 
20.02.2020 10:33:54      Количество символов з  = 27 
20.02.2020 10:33:55      Количество символов и  = 67 
20.02.2020 10:33:55      Количество символов й  = 22 
20.02.2020 10:33:55      Количество символов к  = 35 
20.02.2020 10:33:55      Количество символов л  = 57 
20.02.2020 10:33:55      Количество символов м  = 48 
20.02.2020 10:33:55      Количество символов н  = 73 
20.02.2020 10:33:55      Количество символов о  = 149 
20.02.2020 10:33:55      Количество символов п  = 27 
20.02.2020 10:33:55      Количество символов р  = 57 
20.02.2020 10:33:55      Количество символов с  = 69 
20.02.2020 10:33:55      Количество символов т  = 97 
20.02.2020 10:33:55      Количество символов у  = 17 
20.02.2020 10:33:55      Количество символов ф  = 1 
20.02.2020 10:33:55      Количество символов х  = 2 
20.02.2020 10:33:55      Количество символов ц  = 7 
20.02.2020 10:33:55      Количество символов ч  = 15 
20.02.2020 10:33:55      Количество символов ш  = 7 
20.02.2020 10:33:55      Количество символов щ  = 2 
20.02.2020 10:33:55      Количество символов ъ  = 4 
20.02.2020 10:33:55      Количество символов ы  = 22 
20.02.2020 10:33:55      Количество символов ь  = 23 
20.02.2020 10:33:55      Количество символов э  = 9 
20.02.2020 10:33:55      Количество символов ю  = 2 
20.02.2020 10:33:55      Количество символов я  = 19 
20.02.2020 10:33:55      Количество символов ё  = 1 
20.02.2020 10:33:55      Количество символов a  = 419 
20.02.2020 10:33:55      Количество символов b  = 111 
20.02.2020 10:33:55      Количество символов c  = 169 
20.02.2020 10:33:55      Количество символов d  = 217 
20.02.2020 10:33:55      Количество символов e  = 740 
20.02.2020 10:33:55      Количество символов f  = 114 
20.02.2020 10:33:55      Количество символов g  = 64 
20.02.2020 10:33:55      Количество символов h  = 253 
20.02.2020 10:33:55      Количество символов i  = 429 
20.02.2020 10:33:55      Количество символов j  = 4 
20.02.2020 10:33:55      Количество символов k  = 19 
20.02.2020 10:33:55      Количество символов l  = 254 
20.02.2020 10:33:55      Количество символов m  = 122 
20.02.2020 10:33:55      Количество символов n  = 388 
20.02.2020 10:33:55      Количество символов o  = 424 
20.02.2020 10:33:55      Количество символов p  = 119 
20.02.2020 10:33:55      Количество символов q  = 6 
20.02.2020 10:33:55      Количество символов r  = 345 
20.02.2020 10:33:55      Количество символов s  = 406 
20.02.2020 10:33:55      Количество символов t  = 519 
20.02.2020 10:33:55      Количество символов u  = 148 
20.02.2020 10:33:55      Количество символов v  = 87 
20.02.2020 10:33:55      Количество символов w  = 83 
20.02.2020 10:33:55      Количество символов x  = 24 
20.02.2020 10:33:55      Количество символов y  = 129 
20.02.2020 10:33:55      Количество символов a  = 419 
20.02.2020 10:33:55      Количество символов b  = 111 
20.02.2020 10:33:55      Количество символов c  = 169 
20.02.2020 10:33:55      Количество символов d  = 217 
20.02.2020 10:33:55      Количество символов e  = 740 
20.02.2020 10:33:55      Количество символов f  = 114 
20.02.2020 10:33:55      Количество символов g  = 64 
20.02.2020 10:33:55      Количество символов h  = 253 
20.02.2020 10:33:55      Количество символов i  = 429 
20.02.2020 10:33:55      Количество символов j  = 4 
20.02.2020 10:33:55      Количество символов k  = 19 
20.02.2020 10:33:55      Количество символов l  = 254 
20.02.2020 10:33:55      Количество символов m  = 122 
20.02.2020 10:33:55      Количество символов n  = 388 
20.02.2020 10:33:55      Количество символов o  = 424 
20.02.2020 10:33:55      Количество символов p  = 119 
20.02.2020 10:33:55      Количество символов q  = 6 
20.02.2020 10:33:55      Количество символов r  = 345 
20.02.2020 10:33:55      Количество символов s  = 406 
20.02.2020 10:33:55      Количество символов t  = 519 
20.02.2020 10:33:55      Количество символов u  = 148 
20.02.2020 10:33:55      Количество символов v  = 87 
20.02.2020 10:33:55      Количество символов w  = 83 
20.02.2020 10:33:55      Количество символов x  = 24 
20.02.2020 10:33:56      Количество символов y  = 129 
20.02.2020 10:34:07      Количество символов 0  = 8097 
20.02.2020 10:34:07      Количество символов 1  = 5702 
20.02.2020 10:34:07      Количество символов а  = 97 
20.02.2020 10:34:07      Количество символов б  = 20 
20.02.2020 10:34:07      Количество символов в  = 60 
20.02.2020 10:34:07      Количество символов г  = 18 
20.02.2020 10:34:07      Количество символов д  = 33 
20.02.2020 10:34:07      Количество символов е  = 89 
20.02.2020 10:34:07      Количество символов ж  = 10 
20.02.2020 10:34:07      Количество символов з  = 27 
20.02.2020 10:34:07      Количество символов и  = 67 
20.02.2020 10:34:07      Количество символов й  = 22 
20.02.2020 10:34:07      Количество символов к  = 35 
20.02.2020 10:34:07      Количество символов л  = 57 
20.02.2020 10:34:07      Количество символов м  = 48 
20.02.2020 10:34:07      Количество символов н  = 73 
20.02.2020 10:34:07      Количество символов о  = 149 
20.02.2020 10:34:07      Количество символов п  = 27 
20.02.2020 10:34:07      Количество символов р  = 57 
20.02.2020 10:34:07      Количество символов с  = 69 
20.02.2020 10:34:07      Количество символов т  = 97 
20.02.2020 10:34:07      Количество символов у  = 17 
20.02.2020 10:34:07      Количество символов ф  = 1 
20.02.2020 10:34:07      Количество символов х  = 2 
20.02.2020 10:34:07      Количество символов ц  = 7 
20.02.2020 10:34:07      Количество символов ч  = 15 
20.02.2020 10:34:07      Количество символов ш  = 7 
20.02.2020 10:34:07      Количество символов щ  = 2 
20.02.2020 10:34:07      Количество символов ъ  = 4 
20.02.2020 10:34:07      Количество символов ы  = 22 
20.02.2020 10:34:07      Количество символов ь  = 23 
20.02.2020 10:34:07      Количество символов э  = 9 
20.02.2020 10:34:08      Количество символов ю  = 2 
20.02.2020 10:34:08      Количество символов я  = 19 
20.02.2020 10:34:08      Количество символов ё  = 1 
20.02.2020 10:34:08      Количество символов a  = 419 
20.02.2020 10:34:08      Количество символов b  = 111 
20.02.2020 10:34:08      Количество символов c  = 169 
20.02.2020 10:34:08      Количество символов d  = 217 
20.02.2020 10:34:08      Количество символов e  = 740 
20.02.2020 10:34:08      Количество символов f  = 114 
20.02.2020 10:34:08      Количество символов g  = 64 
20.02.2020 10:34:08      Количество символов h  = 253 
20.02.2020 10:34:08      Количество символов i  = 429 
20.02.2020 10:34:08      Количество символов j  = 4 
20.02.2020 10:34:08      Количество символов k  = 19 
20.02.2020 10:34:08      Количество символов l  = 254 
20.02.2020 10:34:08      Количество символов m  = 122 
20.02.2020 10:34:08      Количество символов n  = 388 
20.02.2020 10:34:08      Количество символов o  = 424 
20.02.2020 10:34:08      Количество символов p  = 119 
20.02.2020 10:34:08      Количество символов q  = 6 
20.02.2020 10:34:08      Количество символов r  = 345 
20.02.2020 10:34:08      Количество символов s  = 406 
20.02.2020 10:34:08      Количество символов t  = 519 
20.02.2020 10:34:08      Количество символов u  = 148 
20.02.2020 10:34:08      Количество символов v  = 87 
20.02.2020 10:34:08      Количество символов w  = 83 
20.02.2020 10:34:08      Количество символов x  = 24 
20.02.2020 10:34:08      Количество символов y  = 129 
20.02.2020 10:34:08      Количество символов a  = 419 
20.02.2020 10:34:08      Количество символов b  = 111 
20.02.2020 10:34:08      Количество символов c  = 169 
20.02.2020 10:34:08      Количество символов d  = 217 
20.02.2020 10:34:08      Количество символов e  = 740 
20.02.2020 10:34:08      Количество символов f  = 114 
20.02.2020 10:34:08      Количество символов g  = 64 
20.02.2020 10:34:08      Количество символов h  = 253 
20.02.2020 10:34:08      Количество символов i  = 429 
20.02.2020 10:34:08      Количество символов j  = 4 
20.02.2020 10:34:08      Количество символов k  = 19 
20.02.2020 10:34:08      Количество символов l  = 254 
20.02.2020 10:34:08      Количество символов m  = 122 
20.02.2020 10:34:08      Количество символов n  = 388 
20.02.2020 10:34:08      Количество символов o  = 424 
20.02.2020 10:34:08      Количество символов p  = 119 
20.02.2020 10:34:08      Количество символов q  = 6 
20.02.2020 10:34:08      Количество символов r  = 345 
20.02.2020 10:34:08      Количество символов s  = 406 
20.02.2020 10:34:08      Количество символов t  = 519 
20.02.2020 10:34:08      Количество символов u  = 148 
20.02.2020 10:34:08      Количество символов v  = 87 
20.02.2020 10:34:08      Количество символов w  = 83 
20.02.2020 10:34:08      Количество символов x  = 24 
20.02.2020 10:34:08      Количество символов y  = 129 
20.02.2020 10:35:14      Количество символов 0  = 7698 
20.02.2020 10:35:14      Количество символов 1  = 5348 
20.02.2020 10:35:14      Количество символов а  = 97 
20.02.2020 10:35:14      Количество символов б  = 20 
20.02.2020 10:35:14      Количество символов в  = 60 
20.02.2020 10:35:14      Количество символов г  = 18 
20.02.2020 10:35:14      Количество символов д  = 33 
20.02.2020 10:35:14      Количество символов е  = 89 
20.02.2020 10:35:14      Количество символов ж  = 10 
20.02.2020 10:35:14      Количество символов з  = 27 
20.02.2020 10:35:14      Количество символов и  = 67 
20.02.2020 10:35:14      Количество символов й  = 22 
20.02.2020 10:35:14      Количество символов к  = 35 
20.02.2020 10:35:14      Количество символов л  = 57 
20.02.2020 10:35:14      Количество символов м  = 48 
20.02.2020 10:35:14      Количество символов н  = 73 
20.02.2020 10:35:14      Количество символов о  = 149 
20.02.2020 10:35:14      Количество символов п  = 27 
20.02.2020 10:35:14      Количество символов р  = 57 
20.02.2020 10:35:14      Количество символов с  = 69 
20.02.2020 10:35:14      Количество символов т  = 97 
20.02.2020 10:35:14      Количество символов у  = 17 
20.02.2020 10:35:14      Количество символов ф  = 1 
20.02.2020 10:35:14      Количество символов х  = 2 
20.02.2020 10:35:14      Количество символов ц  = 7 
20.02.2020 10:35:14      Количество символов ч  = 15 
20.02.2020 10:35:14      Количество символов ш  = 7 
20.02.2020 10:35:14      Количество символов щ  = 2 
20.02.2020 10:35:14      Количество символов ъ  = 4 
20.02.2020 10:35:14      Количество символов ы  = 22 
20.02.2020 10:35:14      Количество символов ь  = 23 
20.02.2020 10:35:14      Количество символов э  = 9 
20.02.2020 10:35:14      Количество символов ю  = 2 
20.02.2020 10:35:14      Количество символов я  = 19 
20.02.2020 10:35:14      Количество символов ё  = 1 
20.02.2020 10:35:14      Количество символов a  = 419 
20.02.2020 10:35:15      Количество символов b  = 111 
20.02.2020 10:35:15      Количество символов c  = 169 
20.02.2020 10:35:15      Количество символов d  = 217 
20.02.2020 10:35:15      Количество символов e  = 740 
20.02.2020 10:35:15      Количество символов f  = 114 
20.02.2020 10:35:15      Количество символов g  = 64 
20.02.2020 10:35:15      Количество символов h  = 253 
20.02.2020 10:35:15      Количество символов i  = 429 
20.02.2020 10:35:15      Количество символов j  = 4 
20.02.2020 10:35:15      Количество символов k  = 19 
20.02.2020 10:35:15      Количество символов l  = 254 
20.02.2020 10:35:15      Количество символов m  = 122 
20.02.2020 10:35:15      Количество символов n  = 388 
20.02.2020 10:35:15      Количество символов o  = 424 
20.02.2020 10:35:15      Количество символов p  = 119 
20.02.2020 10:35:15      Количество символов q  = 6 
20.02.2020 10:35:15      Количество символов r  = 345 
20.02.2020 10:35:15      Количество символов s  = 406 
20.02.2020 10:35:15      Количество символов t  = 519 
20.02.2020 10:35:15      Количество символов u  = 148 
20.02.2020 10:35:15      Количество символов v  = 87 
20.02.2020 10:35:15      Количество символов w  = 83 
20.02.2020 10:35:15      Количество символов x  = 24 
20.02.2020 10:35:15      Количество символов y  = 129 
20.02.2020 10:35:15      Количество символов a  = 419 
20.02.2020 10:35:15      Количество символов b  = 111 
20.02.2020 10:35:15      Количество символов c  = 169 
20.02.2020 10:35:15      Количество символов d  = 217 
20.02.2020 10:35:15      Количество символов e  = 740 
20.02.2020 10:35:15      Количество символов f  = 114 
20.02.2020 10:35:15      Количество символов g  = 64 
20.02.2020 10:35:15      Количество символов h  = 253 
20.02.2020 10:35:15      Количество символов i  = 429 
20.02.2020 10:35:15      Количество символов j  = 4 
20.02.2020 10:35:15      Количество символов k  = 19 
20.02.2020 10:35:15      Количество символов l  = 254 
20.02.2020 10:35:15      Количество символов m  = 122 
20.02.2020 10:35:15      Количество символов n  = 388 
20.02.2020 10:35:15      Количество символов o  = 424 
20.02.2020 10:35:15      Количество символов p  = 119 
20.02.2020 10:35:15      Количество символов q  = 6 
20.02.2020 10:35:15      Количество символов r  = 345 
20.02.2020 10:35:15      Количество символов s  = 406 
20.02.2020 10:35:15      Количество символов t  = 519 
20.02.2020 10:35:15      Количество символов u  = 148 
20.02.2020 10:35:15      Количество символов v  = 87 
20.02.2020 10:35:15      Количество символов w  = 83 
20.02.2020 10:35:15      Количество символов x  = 24 
20.02.2020 10:35:15      Количество символов y  = 129 
20.02.2020 10:35:38      Количество символов 0  = 7698 
20.02.2020 10:35:38      Количество символов 1  = 5348 
20.02.2020 10:35:38      Количество символов а  = 97 
20.02.2020 10:35:38      Количество символов б  = 20 
20.02.2020 10:35:38      Количество символов в  = 60 
20.02.2020 10:35:38      Количество символов г  = 18 
20.02.2020 10:35:38      Количество символов д  = 33 
20.02.2020 10:35:38      Количество символов е  = 89 
20.02.2020 10:35:38      Количество символов ж  = 10 
20.02.2020 10:35:39      Количество символов з  = 27 
20.02.2020 10:35:39      Количество символов и  = 67 
20.02.2020 10:35:39      Количество символов й  = 22 
20.02.2020 10:35:39      Количество символов к  = 35 
20.02.2020 10:35:39      Количество символов л  = 57 
20.02.2020 10:35:39      Количество символов м  = 48 
20.02.2020 10:35:39      Количество символов н  = 73 
20.02.2020 10:35:39      Количество символов о  = 149 
20.02.2020 10:35:39      Количество символов п  = 27 
20.02.2020 10:35:39      Количество символов р  = 57 
20.02.2020 10:35:39      Количество символов с  = 69 
20.02.2020 10:35:39      Количество символов т  = 97 
20.02.2020 10:35:39      Количество символов у  = 17 
20.02.2020 10:35:39      Количество символов ф  = 1 
20.02.2020 10:35:39      Количество символов х  = 2 
20.02.2020 10:35:39      Количество символов ц  = 7 
20.02.2020 10:35:39      Количество символов ч  = 15 
20.02.2020 10:35:39      Количество символов ш  = 7 
20.02.2020 10:35:39      Количество символов щ  = 2 
20.02.2020 10:35:39      Количество символов ъ  = 4 
20.02.2020 10:35:39      Количество символов ы  = 22 
20.02.2020 10:35:39      Количество символов ь  = 23 
20.02.2020 10:35:39      Количество символов э  = 9 
20.02.2020 10:35:39      Количество символов ю  = 2 
20.02.2020 10:35:39      Количество символов я  = 19 
20.02.2020 10:35:39      Количество символов ё  = 1 
20.02.2020 10:35:39      Количество символов a  = 419 
20.02.2020 10:35:39      Количество символов b  = 111 
20.02.2020 10:35:39      Количество символов c  = 169 
20.02.2020 10:35:39      Количество символов d  = 217 
20.02.2020 10:35:39      Количество символов e  = 740 
20.02.2020 10:35:39      Количество символов f  = 114 
20.02.2020 10:35:39      Количество символов g  = 64 
20.02.2020 10:35:39      Количество символов h  = 253 
20.02.2020 10:35:39      Количество символов i  = 429 
20.02.2020 10:35:39      Количество символов j  = 4 
20.02.2020 10:35:39      Количество символов k  = 19 
20.02.2020 10:35:39      Количество символов l  = 254 
20.02.2020 10:35:39      Количество символов m  = 122 
20.02.2020 10:35:39      Количество символов n  = 388 
20.02.2020 10:35:39      Количество символов o  = 424 
20.02.2020 10:35:39      Количество символов p  = 119 
20.02.2020 10:35:39      Количество символов q  = 6 
20.02.2020 10:35:39      Количество символов r  = 345 
20.02.2020 10:35:39      Количество символов s  = 406 
20.02.2020 10:35:39      Количество символов t  = 519 
20.02.2020 10:35:39      Количество символов u  = 148 
20.02.2020 10:35:39      Количество символов v  = 87 
20.02.2020 10:35:39      Количество символов w  = 83 
20.02.2020 10:35:39      Количество символов x  = 24 
20.02.2020 10:35:39      Количество символов y  = 129 
20.02.2020 10:35:39      Количество символов a  = 419 
20.02.2020 10:35:39      Количество символов b  = 111 
20.02.2020 10:35:39      Количество символов c  = 169 
20.02.2020 10:35:39      Количество символов d  = 217 
20.02.2020 10:35:39      Количество символов e  = 740 
20.02.2020 10:35:39      Количество символов f  = 114 
20.02.2020 10:35:39      Количество символов g  = 64 
20.02.2020 10:35:39      Количество символов h  = 253 
20.02.2020 10:35:39      Количество символов i  = 429 
20.02.2020 10:35:39      Количество символов j  = 4 
20.02.2020 10:35:39      Количество символов k  = 19 
20.02.2020 10:35:39      Количество символов l  = 254 
20.02.2020 10:35:39      Количество символов m  = 122 
20.02.2020 10:35:39      Количество символов n  = 388 
20.02.2020 10:35:39      Количество символов o  = 424 
20.02.2020 10:35:39      Количество символов p  = 119 
20.02.2020 10:35:39      Количество символов q  = 6 
20.02.2020 10:35:39      Количество символов r  = 345 
20.02.2020 10:35:39      Количество символов s  = 406 
20.02.2020 10:35:39      Количество символов t  = 519 
20.02.2020 10:35:39      Количество символов u  = 148 
20.02.2020 10:35:39      Количество символов v  = 87 
20.02.2020 10:35:39      Количество символов w  = 83 
20.02.2020 10:35:39      Количество символов x  = 24 
20.02.2020 10:35:39      Количество символов y  = 129 
20.02.2020 10:38:36      Количество символов 0  = 7698 
20.02.2020 10:38:36      Количество символов 1  = 5348 
20.02.2020 10:38:36      Количество символов а  = 97 
20.02.2020 10:38:36      Количество символов б  = 20 
20.02.2020 10:38:36      Количество символов в  = 60 
20.02.2020 10:38:36      Количество символов г  = 18 
20.02.2020 10:38:37      Количество символов д  = 33 
20.02.2020 10:38:37      Количество символов е  = 89 
20.02.2020 10:38:37      Количество символов ж  = 10 
20.02.2020 10:38:37      Количество символов з  = 27 
20.02.2020 10:38:37      Количество символов и  = 67 
20.02.2020 10:38:37      Количество символов й  = 22 
20.02.2020 10:38:37      Количество символов к  = 35 
20.02.2020 10:38:37      Количество символов л  = 57 
20.02.2020 10:38:37      Количество символов м  = 48 
20.02.2020 10:38:37      Количество символов н  = 73 
20.02.2020 10:38:37      Количество символов о  = 149 
20.02.2020 10:38:37      Количество символов п  = 27 
20.02.2020 10:38:37      Количество символов р  = 57 
20.02.2020 10:38:37      Количество символов с  = 69 
20.02.2020 10:38:37      Количество символов т  = 97 
20.02.2020 10:38:37      Количество символов у  = 17 
20.02.2020 10:38:37      Количество символов ф  = 1 
20.02.2020 10:38:37      Количество символов х  = 2 
20.02.2020 10:38:37      Количество символов ц  = 7 
20.02.2020 10:38:37      Количество символов ч  = 15 
20.02.2020 10:38:37      Количество символов ш  = 7 
20.02.2020 10:38:37      Количество символов щ  = 2 
20.02.2020 10:38:37      Количество символов ъ  = 4 
20.02.2020 10:38:37      Количество символов ы  = 22 
20.02.2020 10:38:37      Количество символов ь  = 23 
20.02.2020 10:38:37      Количество символов э  = 9 
20.02.2020 10:38:37      Количество символов ю  = 2 
20.02.2020 10:38:37      Количество символов я  = 19 
20.02.2020 10:38:37      Количество символов ё  = 1 
20.02.2020 10:38:37      Количество символов a  = 419 
20.02.2020 10:38:37      Количество символов b  = 111 
20.02.2020 10:38:37      Количество символов c  = 169 
20.02.2020 10:38:37      Количество символов d  = 217 
20.02.2020 10:38:37      Количество символов e  = 740 
20.02.2020 10:38:37      Количество символов f  = 114 
20.02.2020 10:38:37      Количество символов g  = 64 
20.02.2020 10:38:37      Количество символов h  = 253 
20.02.2020 10:38:37      Количество символов i  = 429 
20.02.2020 10:38:37      Количество символов j  = 4 
20.02.2020 10:38:37      Количество символов k  = 19 
20.02.2020 10:38:37      Количество символов l  = 254 
20.02.2020 10:38:37      Количество символов m  = 122 
20.02.2020 10:38:37      Количество символов n  = 388 
20.02.2020 10:38:37      Количество символов o  = 424 
20.02.2020 10:38:37      Количество символов p  = 119 
20.02.2020 10:38:37      Количество символов q  = 6 
20.02.2020 10:38:37      Количество символов r  = 345 
20.02.2020 10:38:37      Количество символов s  = 406 
20.02.2020 10:38:37      Количество символов t  = 519 
20.02.2020 10:38:37      Количество символов u  = 148 
20.02.2020 10:38:37      Количество символов v  = 87 
20.02.2020 10:38:37      Количество символов w  = 83 
20.02.2020 10:38:37      Количество символов x  = 24 
20.02.2020 10:38:37      Количество символов y  = 129 
20.02.2020 10:38:37      Количество символов a  = 419 
20.02.2020 10:38:37      Количество символов b  = 111 
20.02.2020 10:38:37      Количество символов c  = 169 
20.02.2020 10:38:37      Количество символов d  = 217 
20.02.2020 10:38:37      Количество символов e  = 740 
20.02.2020 10:38:37      Количество символов f  = 114 
20.02.2020 10:38:37      Количество символов g  = 64 
20.02.2020 10:38:37      Количество символов h  = 253 
20.02.2020 10:38:37      Количество символов i  = 429 
20.02.2020 10:38:37      Количество символов j  = 4 
20.02.2020 10:38:37      Количество символов k  = 19 
20.02.2020 10:38:37      Количество символов l  = 254 
20.02.2020 10:38:37      Количество символов m  = 122 
20.02.2020 10:38:37      Количество символов n  = 388 
20.02.2020 10:38:37      Количество символов o  = 424 
20.02.2020 10:38:37      Количество символов p  = 119 
20.02.2020 10:38:37      Количество символов q  = 6 
20.02.2020 10:38:37      Количество символов r  = 345 
20.02.2020 10:38:37      Количество символов s  = 406 
20.02.2020 10:38:37      Количество символов t  = 519 
20.02.2020 10:38:37      Количество символов u  = 148 
20.02.2020 10:38:37      Количество символов v  = 87 
20.02.2020 10:38:37      Количество символов w  = 83 
20.02.2020 10:38:37      Количество символов x  = 24 
20.02.2020 10:38:37      Количество символов y  = 129 
20.02.2020 10:38:47      Количество символов 0  = 7698 
20.02.2020 10:38:47      Количество символов 1  = 5348 
20.02.2020 10:38:47      Количество символов а  = 97 
20.02.2020 10:38:47      Количество символов б  = 20 
20.02.2020 10:38:47      Количество символов в  = 60 
20.02.2020 10:38:47      Количество символов г  = 18 
20.02.2020 10:38:47      Количество символов д  = 33 
20.02.2020 10:38:47      Количество символов е  = 89 
20.02.2020 10:38:47      Количество символов ж  = 10 
20.02.2020 10:38:47      Количество символов з  = 27 
20.02.2020 10:38:47      Количество символов и  = 67 
20.02.2020 10:38:47      Количество символов й  = 22 
20.02.2020 10:38:47      Количество символов к  = 35 
20.02.2020 10:38:47      Количество символов л  = 57 
20.02.2020 10:38:47      Количество символов м  = 48 
20.02.2020 10:38:47      Количество символов н  = 73 
20.02.2020 10:38:47      Количество символов о  = 149 
20.02.2020 10:38:47      Количество символов п  = 27 
20.02.2020 10:38:47      Количество символов р  = 57 
20.02.2020 10:38:47      Количество символов с  = 69 
20.02.2020 10:38:47      Количество символов т  = 97 
20.02.2020 10:38:47      Количество символов у  = 17 
20.02.2020 10:38:47      Количество символов ф  = 1 
20.02.2020 10:38:47      Количество символов х  = 2 
20.02.2020 10:38:47      Количество символов ц  = 7 
20.02.2020 10:38:47      Количество символов ч  = 15 
20.02.2020 10:38:47      Количество символов ш  = 7 
20.02.2020 10:38:47      Количество символов щ  = 2 
20.02.2020 10:38:47      Количество символов ъ  = 4 
20.02.2020 10:38:47      Количество символов ы  = 22 
20.02.2020 10:38:47      Количество символов ь  = 23 
20.02.2020 10:38:47      Количество символов э  = 9 
20.02.2020 10:38:47      Количество символов ю  = 2 
20.02.2020 10:38:47      Количество символов я  = 19 
20.02.2020 10:38:47      Количество символов ё  = 1 
20.02.2020 10:38:47      Количество символов a  = 419 
20.02.2020 10:38:47      Количество символов b  = 111 
20.02.2020 10:38:47      Количество символов c  = 169 
20.02.2020 10:38:47      Количество символов d  = 217 
20.02.2020 10:38:47      Количество символов e  = 740 
20.02.2020 10:38:47      Количество символов f  = 114 
20.02.2020 10:38:47      Количество символов g  = 64 
20.02.2020 10:38:47      Количество символов h  = 253 
20.02.2020 10:38:47      Количество символов i  = 429 
20.02.2020 10:38:47      Количество символов j  = 4 
20.02.2020 10:38:47      Количество символов k  = 19 
20.02.2020 10:38:47      Количество символов l  = 254 
20.02.2020 10:38:47      Количество символов m  = 122 
20.02.2020 10:38:47      Количество символов n  = 388 
20.02.2020 10:38:47      Количество символов o  = 424 
20.02.2020 10:38:47      Количество символов p  = 119 
20.02.2020 10:38:47      Количество символов q  = 6 
20.02.2020 10:38:47      Количество символов r  = 345 
20.02.2020 10:38:47      Количество символов s  = 406 
20.02.2020 10:38:47      Количество символов t  = 519 
20.02.2020 10:38:47      Количество символов u  = 148 
20.02.2020 10:38:47      Количество символов v  = 87 
20.02.2020 10:38:47      Количество символов w  = 83 
20.02.2020 10:38:47      Количество символов x  = 24 
20.02.2020 10:38:47      Количество символов y  = 129 
20.02.2020 10:38:47      Количество символов a  = 419 
20.02.2020 10:38:47      Количество символов b  = 111 
20.02.2020 10:38:47      Количество символов c  = 169 
20.02.2020 10:38:47      Количество символов d  = 217 
20.02.2020 10:38:47      Количество символов e  = 740 
20.02.2020 10:38:47      Количество символов f  = 114 
20.02.2020 10:38:47      Количество символов g  = 64 
20.02.2020 10:38:47      Количество символов h  = 253 
20.02.2020 10:38:47      Количество символов i  = 429 
20.02.2020 10:38:47      Количество символов j  = 4 
20.02.2020 10:38:47      Количество символов k  = 19 
20.02.2020 10:38:47      Количество символов l  = 254 
20.02.2020 10:38:47      Количество символов m  = 122 
20.02.2020 10:38:47      Количество символов n  = 388 
20.02.2020 10:38:47      Количество символов o  = 424 
20.02.2020 10:38:47      Количество символов p  = 119 
20.02.2020 10:38:47      Количество символов q  = 6 
20.02.2020 10:38:47      Количество символов r  = 345 
20.02.2020 10:38:47      Количество символов s  = 406 
20.02.2020 10:38:47      Количество символов t  = 519 
20.02.2020 10:38:47      Количество символов u  = 148 
20.02.2020 10:38:48      Количество символов v  = 87 
20.02.2020 10:38:48      Количество символов w  = 83 
20.02.2020 10:38:48      Количество символов x  = 24 
20.02.2020 10:38:48      Количество символов y  = 129 
20.02.2020 10:39:31      Количество символов 0  = 7698 
20.02.2020 10:39:31      Количество символов 1  = 5348 
20.02.2020 10:39:31      Количество символов а  = 97 
20.02.2020 10:39:31      Количество символов б  = 20 
20.02.2020 10:39:31      Количество символов в  = 60 
20.02.2020 10:39:31      Количество символов г  = 18 
20.02.2020 10:39:31      Количество символов д  = 33 
20.02.2020 10:39:31      Количество символов е  = 89 
20.02.2020 10:39:31      Количество символов ж  = 10 
20.02.2020 10:39:31      Количество символов з  = 27 
20.02.2020 10:39:31      Количество символов и  = 67 
20.02.2020 10:39:31      Количество символов й  = 22 
20.02.2020 10:39:31      Количество символов к  = 35 
20.02.2020 10:39:32      Количество символов л  = 57 
20.02.2020 10:39:32      Количество символов м  = 48 
20.02.2020 10:39:32      Количество символов н  = 73 
20.02.2020 10:39:32      Количество символов о  = 149 
20.02.2020 10:39:32      Количество символов п  = 27 
20.02.2020 10:39:32      Количество символов р  = 57 
20.02.2020 10:39:32      Количество символов с  = 69 
20.02.2020 10:39:32      Количество символов т  = 97 
20.02.2020 10:39:32      Количество символов у  = 17 
20.02.2020 10:39:32      Количество символов ф  = 1 
20.02.2020 10:39:32      Количество символов х  = 2 
20.02.2020 10:39:32      Количество символов ц  = 7 
20.02.2020 10:39:32      Количество символов ч  = 15 
20.02.2020 10:39:32      Количество символов ш  = 7 
20.02.2020 10:39:32      Количество символов щ  = 2 
20.02.2020 10:39:32      Количество символов ъ  = 4 
20.02.2020 10:39:32      Количество символов ы  = 22 
20.02.2020 10:39:32      Количество символов ь  = 23 
20.02.2020 10:39:32      Количество символов э  = 9 
20.02.2020 10:39:32      Количество символов ю  = 2 
20.02.2020 10:39:32      Количество символов я  = 19 
20.02.2020 10:39:32      Количество символов ё  = 1 
20.02.2020 10:39:32      Количество символов a  = 419 
20.02.2020 10:39:32      Количество символов b  = 111 
20.02.2020 10:39:32      Количество символов c  = 169 
20.02.2020 10:39:32      Количество символов d  = 217 
20.02.2020 10:39:32      Количество символов e  = 740 
20.02.2020 10:39:32      Количество символов f  = 114 
20.02.2020 10:39:32      Количество символов g  = 64 
20.02.2020 10:39:32      Количество символов h  = 253 
20.02.2020 10:39:32      Количество символов i  = 429 
20.02.2020 10:39:32      Количество символов j  = 4 
20.02.2020 10:39:32      Количество символов k  = 19 
20.02.2020 10:39:32      Количество символов l  = 254 
20.02.2020 10:39:32      Количество символов m  = 122 
20.02.2020 10:39:32      Количество символов n  = 388 
20.02.2020 10:39:32      Количество символов o  = 424 
20.02.2020 10:39:32      Количество символов p  = 119 
20.02.2020 10:39:32      Количество символов q  = 6 
20.02.2020 10:39:32      Количество символов r  = 345 
20.02.2020 10:39:32      Количество символов s  = 406 
20.02.2020 10:39:32      Количество символов t  = 519 
20.02.2020 10:39:32      Количество символов u  = 148 
20.02.2020 10:39:32      Количество символов v  = 87 
20.02.2020 10:39:32      Количество символов w  = 83 
20.02.2020 10:39:32      Количество символов x  = 24 
20.02.2020 10:39:32      Количество символов y  = 129 
20.02.2020 10:39:32      Количество символов a  = 419 
20.02.2020 10:39:32      Количество символов b  = 111 
20.02.2020 10:39:32      Количество символов c  = 169 
20.02.2020 10:39:32      Количество символов d  = 217 
20.02.2020 10:39:32      Количество символов e  = 740 
20.02.2020 10:39:32      Количество символов f  = 114 
20.02.2020 10:39:32      Количество символов g  = 64 
20.02.2020 10:39:32      Количество символов h  = 253 
20.02.2020 10:39:32      Количество символов i  = 429 
20.02.2020 10:39:32      Количество символов j  = 4 
20.02.2020 10:39:32      Количество символов k  = 19 
20.02.2020 10:39:32      Количество символов l  = 254 
20.02.2020 10:39:32      Количество символов m  = 122 
20.02.2020 10:39:32      Количество символов n  = 388 
20.02.2020 10:39:32      Количество символов o  = 424 
20.02.2020 10:39:32      Количество символов p  = 119 
20.02.2020 10:39:32      Количество символов q  = 6 
20.02.2020 10:39:32      Количество символов r  = 345 
20.02.2020 10:39:32      Количество символов s  = 406 
20.02.2020 10:39:32      Количество символов t  = 519 
20.02.2020 10:39:32      Количество символов u  = 148 
20.02.2020 10:39:32      Количество символов v  = 87 
20.02.2020 10:39:32      Количество символов w  = 83 
20.02.2020 10:39:32      Количество символов x  = 24 
20.02.2020 10:39:32      Количество символов y  = 129 
20.02.2020 10:45:28      Количество символов 0  = 7698 
20.02.2020 10:45:28      Количество символов 1  = 5348 
20.02.2020 10:45:28      Количество символов а  = 97 
20.02.2020 10:45:28      Количество символов б  = 20 
20.02.2020 10:45:28      Количество символов в  = 60 
20.02.2020 10:45:28      Количество символов г  = 18 
20.02.2020 10:45:28      Количество символов д  = 33 
20.02.2020 10:45:28      Количество символов е  = 89 
20.02.2020 10:45:28      Количество символов ж  = 10 
20.02.2020 10:45:28      Количество символов з  = 27 
20.02.2020 10:45:28      Количество символов и  = 67 
20.02.2020 10:45:28      Количество символов й  = 22 
20.02.2020 10:45:28      Количество символов к  = 35 
20.02.2020 10:45:28      Количество символов л  = 57 
20.02.2020 10:45:28      Количество символов м  = 48 
20.02.2020 10:45:28      Количество символов н  = 73 
20.02.2020 10:45:28      Количество символов о  = 149 
20.02.2020 10:45:28      Количество символов п  = 27 
20.02.2020 10:45:28      Количество символов р  = 57 
20.02.2020 10:45:28      Количество символов с  = 69 
20.02.2020 10:45:28      Количество символов т  = 97 
20.02.2020 10:45:28      Количество символов у  = 17 
20.02.2020 10:45:29      Количество символов ф  = 1 
20.02.2020 10:45:29      Количество символов х  = 2 
20.02.2020 10:45:29      Количество символов ц  = 7 
20.02.2020 10:45:29      Количество символов ч  = 15 
20.02.2020 10:45:29      Количество символов ш  = 7 
20.02.2020 10:45:29      Количество символов щ  = 2 
20.02.2020 10:45:29      Количество символов ъ  = 4 
20.02.2020 10:45:29      Количество символов ы  = 22 
20.02.2020 10:45:29      Количество символов ь  = 23 
20.02.2020 10:45:29      Количество символов э  = 9 
20.02.2020 10:45:29      Количество символов ю  = 2 
20.02.2020 10:45:29      Количество символов я  = 19 
20.02.2020 10:45:29      Количество символов ё  = 1 
20.02.2020 10:45:29      Количество символов a  = 419 
20.02.2020 10:45:29      Количество символов b  = 111 
20.02.2020 10:45:29      Количество символов c  = 169 
20.02.2020 10:45:29      Количество символов d  = 217 
20.02.2020 10:45:29      Количество символов e  = 740 
20.02.2020 10:45:29      Количество символов f  = 114 
20.02.2020 10:45:29      Количество символов g  = 64 
20.02.2020 10:45:29      Количество символов h  = 253 
20.02.2020 10:45:29      Количество символов i  = 429 
20.02.2020 10:45:29      Количество символов j  = 4 
20.02.2020 10:45:29      Количество символов k  = 19 
20.02.2020 10:45:29      Количество символов l  = 254 
20.02.2020 10:45:29      Количество символов m  = 122 
20.02.2020 10:45:29      Количество символов n  = 388 
20.02.2020 10:45:29      Количество символов o  = 424 
20.02.2020 10:45:29      Количество символов p  = 119 
20.02.2020 10:45:29      Количество символов q  = 6 
20.02.2020 10:45:29      Количество символов r  = 345 
20.02.2020 10:45:29      Количество символов s  = 406 
20.02.2020 10:45:29      Количество символов t  = 519 
20.02.2020 10:45:29      Количество символов u  = 148 
20.02.2020 10:45:29      Количество символов v  = 87 
20.02.2020 10:45:29      Количество символов w  = 83 
20.02.2020 10:45:29      Количество символов x  = 24 
20.02.2020 10:45:29      Количество символов y  = 129 
20.02.2020 10:45:29      Количество символов a  = 419 
20.02.2020 10:45:29      Количество символов b  = 111 
20.02.2020 10:45:29      Количество символов c  = 169 
20.02.2020 10:45:29      Количество символов d  = 217 
20.02.2020 10:45:29      Количество символов e  = 740 
20.02.2020 10:45:29      Количество символов f  = 114 
20.02.2020 10:45:29      Количество символов g  = 64 
20.02.2020 10:45:29      Количество символов h  = 253 
20.02.2020 10:45:29      Количество символов i  = 429 
20.02.2020 10:45:29      Количество символов j  = 4 
20.02.2020 10:45:29      Количество символов k  = 19 
20.02.2020 10:45:29      Количество символов l  = 254 
20.02.2020 10:45:29      Количество символов m  = 122 
20.02.2020 10:45:30      Количество символов n  = 388 
20.02.2020 10:45:30      Количество символов o  = 424 
20.02.2020 10:45:30      Количество символов p  = 119 
20.02.2020 10:45:30      Количество символов q  = 6 
20.02.2020 10:45:30      Количество символов r  = 345 
20.02.2020 10:45:30      Количество символов s  = 406 
20.02.2020 10:45:30      Количество символов t  = 519 
20.02.2020 10:45:30      Количество символов u  = 148 
20.02.2020 10:45:30      Количество символов v  = 87 
20.02.2020 10:45:30      Количество символов w  = 83 
20.02.2020 10:45:30      Количество символов x  = 24 
20.02.2020 10:45:30      Количество символов y  = 129 
28.02.2020 8:51:15      Количество символов 0  = 7698 
28.02.2020 8:51:15      Количество символов 1  = 5348 
28.02.2020 8:51:15      Количество символов а  = 97 
28.02.2020 8:51:15      Количество символов б  = 20 
28.02.2020 8:51:15      Количество символов в  = 60 
28.02.2020 8:51:15      Количество символов г  = 18 
28.02.2020 8:51:15      Количество символов д  = 33 
28.02.2020 8:51:15      Количество символов е  = 89 
28.02.2020 8:51:15      Количество символов ж  = 10 
28.02.2020 8:51:15      Количество символов з  = 27 
28.02.2020 8:51:15      Количество символов и  = 67 
28.02.2020 8:51:15      Количество символов й  = 22 
28.02.2020 8:51:15      Количество символов к  = 35 
28.02.2020 8:51:15      Количество символов л  = 57 
28.02.2020 8:51:15      Количество символов м  = 48 
28.02.2020 8:51:15      Количество символов н  = 73 
28.02.2020 8:51:15      Количество символов о  = 149 
28.02.2020 8:51:15      Количество символов п  = 27 
28.02.2020 8:51:15      Количество символов р  = 57 
28.02.2020 8:51:16      Количество символов с  = 69 
28.02.2020 8:51:16      Количество символов т  = 97 
28.02.2020 8:51:16      Количество символов у  = 17 
28.02.2020 8:51:16      Количество символов ф  = 1 
28.02.2020 8:51:16      Количество символов х  = 2 
28.02.2020 8:51:16      Количество символов ц  = 7 
28.02.2020 8:51:16      Количество символов ч  = 15 
28.02.2020 8:51:16      Количество символов ш  = 7 
28.02.2020 8:51:16      Количество символов щ  = 2 
28.02.2020 8:51:16      Количество символов ъ  = 4 
28.02.2020 8:51:16      Количество символов ы  = 22 
28.02.2020 8:51:16      Количество символов ь  = 23 
28.02.2020 8:51:16      Количество символов э  = 9 
28.02.2020 8:51:16      Количество символов ю  = 2 
28.02.2020 8:51:16      Количество символов я  = 19 
28.02.2020 8:51:16      Количество символов ё  = 1 
28.02.2020 8:51:16      Количество символов a  = 419 
28.02.2020 8:51:16      Количество символов b  = 111 
28.02.2020 8:51:16      Количество символов c  = 169 
28.02.2020 8:51:16      Количество символов d  = 217 
28.02.2020 8:51:16      Количество символов e  = 740 
28.02.2020 8:51:16      Количество символов f  = 114 
28.02.2020 8:51:16      Количество символов g  = 64 
28.02.2020 8:51:16      Количество символов h  = 253 
28.02.2020 8:51:16      Количество символов i  = 429 
28.02.2020 8:51:16      Количество символов j  = 4 
28.02.2020 8:51:16      Количество символов k  = 19 
28.02.2020 8:51:16      Количество символов l  = 254 
28.02.2020 8:51:16      Количество символов m  = 122 
28.02.2020 8:51:16      Количество символов n  = 388 
28.02.2020 8:51:16      Количество символов o  = 424 
28.02.2020 8:51:16      Количество символов p  = 119 
28.02.2020 8:51:16      Количество символов q  = 6 
28.02.2020 8:51:16      Количество символов r  = 345 
28.02.2020 8:51:16      Количество символов s  = 406 
28.02.2020 8:51:16      Количество символов t  = 519 
28.02.2020 8:51:16      Количество символов u  = 148 
28.02.2020 8:51:17      Количество символов v  = 87 
28.02.2020 8:51:17      Количество символов w  = 83 
28.02.2020 8:51:17      Количество символов x  = 24 
28.02.2020 8:51:17      Количество символов y  = 129 
28.02.2020 8:51:17      Количество символов a  = 419 
28.02.2020 8:51:17      Количество символов b  = 111 
28.02.2020 8:51:17      Количество символов c  = 169 
28.02.2020 8:51:17      Количество символов d  = 217 
28.02.2020 8:51:17      Количество символов e  = 740 
28.02.2020 8:51:17      Количество символов f  = 114 
28.02.2020 8:51:17      Количество символов g  = 64 
28.02.2020 8:51:17      Количество символов h  = 253 
28.02.2020 8:51:17      Количество символов i  = 429 
28.02.2020 8:51:17      Количество символов j  = 4 
28.02.2020 8:51:17      Количество символов k  = 19 
28.02.2020 8:51:17      Количество символов l  = 254 
28.02.2020 8:51:17      Количество символов m  = 122 
28.02.2020 8:51:17      Количество символов n  = 388 
28.02.2020 8:51:17      Количество символов o  = 424 
28.02.2020 8:51:17      Количество символов p  = 119 
28.02.2020 8:51:17      Количество символов q  = 6 
28.02.2020 8:51:17      Количество символов r  = 345 
28.02.2020 8:51:17      Количество символов s  = 406 
28.02.2020 8:51:17      Количество символов t  = 519 
28.02.2020 8:51:17      Количество символов u  = 148 
28.02.2020 8:51:17      Количество символов v  = 87 
28.02.2020 8:51:17      Количество символов w  = 83 
28.02.2020 8:51:17      Количество символов x  = 24 
28.02.2020 8:51:17      Количество символов y  = 129 
28.02.2020 8:51:27      Количество символов 0  = 7698 
28.02.2020 8:51:27      Количество символов 1  = 5348 
28.02.2020 8:51:27      Количество символов а  = 97 
28.02.2020 8:51:27      Количество символов б  = 20 
28.02.2020 8:51:27      Количество символов в  = 60 
28.02.2020 8:51:27      Количество символов г  = 18 
28.02.2020 8:51:27      Количество символов д  = 33 
28.02.2020 8:51:27      Количество символов е  = 89 
28.02.2020 8:51:27      Количество символов ж  = 10 
28.02.2020 8:51:27      Количество символов з  = 27 
28.02.2020 8:51:27      Количество символов и  = 67 
28.02.2020 8:51:27      Количество символов й  = 22 
28.02.2020 8:51:27      Количество символов к  = 35 
28.02.2020 8:51:27      Количество символов л  = 57 
28.02.2020 8:51:27      Количество символов м  = 48 
28.02.2020 8:51:27      Количество символов н  = 73 
28.02.2020 8:51:27      Количество символов о  = 149 
28.02.2020 8:51:27      Количество символов п  = 27 
28.02.2020 8:51:27      Количество символов р  = 57 
28.02.2020 8:51:27      Количество символов с  = 69 
28.02.2020 8:51:27      Количество символов т  = 97 
28.02.2020 8:51:27      Количество символов у  = 17 
28.02.2020 8:51:27      Количество символов ф  = 1 
28.02.2020 8:51:27      Количество символов х  = 2 
28.02.2020 8:51:27      Количество символов ц  = 7 
28.02.2020 8:51:27      Количество символов ч  = 15 
28.02.2020 8:51:27      Количество символов ш  = 7 
28.02.2020 8:51:27      Количество символов щ  = 2 
28.02.2020 8:51:28      Количество символов ъ  = 4 
28.02.2020 8:51:28      Количество символов ы  = 22 
28.02.2020 8:51:28      Количество символов ь  = 23 
28.02.2020 8:51:28      Количество символов э  = 9 
28.02.2020 8:51:28      Количество символов ю  = 2 
28.02.2020 8:51:28      Количество символов я  = 19 
28.02.2020 8:51:28      Количество символов ё  = 1 
28.02.2020 8:51:28      Количество символов a  = 419 
28.02.2020 8:51:28      Количество символов b  = 111 
28.02.2020 8:51:28      Количество символов c  = 169 
28.02.2020 8:51:28      Количество символов d  = 217 
28.02.2020 8:51:28      Количество символов e  = 740 
28.02.2020 8:51:28      Количество символов f  = 114 
28.02.2020 8:51:28      Количество символов g  = 64 
28.02.2020 8:51:28      Количество символов h  = 253 
28.02.2020 8:51:28      Количество символов i  = 429 
28.02.2020 8:51:28      Количество символов j  = 4 
28.02.2020 8:51:28      Количество символов k  = 19 
28.02.2020 8:51:28      Количество символов l  = 254 
28.02.2020 8:51:28      Количество символов m  = 122 
28.02.2020 8:51:28      Количество символов n  = 388 
28.02.2020 8:51:28      Количество символов o  = 424 
28.02.2020 8:51:28      Количество символов p  = 119 
28.02.2020 8:51:28      Количество символов q  = 6 
28.02.2020 8:51:28      Количество символов r  = 345 
28.02.2020 8:51:28      Количество символов s  = 406 
28.02.2020 8:51:28      Количество символов t  = 519 
28.02.2020 8:51:28      Количество символов u  = 148 
28.02.2020 8:51:28      Количество символов v  = 87 
28.02.2020 8:51:28      Количество символов w  = 83 
28.02.2020 8:51:28      Количество символов x  = 24 
28.02.2020 8:51:28      Количество символов y  = 129 
28.02.2020 8:51:28      Количество символов a  = 419 
28.02.2020 8:51:28      Количество символов b  = 111 
28.02.2020 8:51:28      Количество символов c  = 169 
28.02.2020 8:51:28      Количество символов d  = 217 
28.02.2020 8:51:28      Количество символов e  = 740 
28.02.2020 8:51:28      Количество символов f  = 114 
28.02.2020 8:51:28      Количество символов g  = 64 
28.02.2020 8:51:28      Количество символов h  = 253 
28.02.2020 8:51:28      Количество символов i  = 429 
28.02.2020 8:51:28      Количество символов j  = 4 
28.02.2020 8:51:28      Количество символов k  = 19 
28.02.2020 8:51:28      Количество символов l  = 254 
28.02.2020 8:51:28      Количество символов m  = 122 
28.02.2020 8:51:28      Количество символов n  = 388 
28.02.2020 8:51:28      Количество символов o  = 424 
28.02.2020 8:51:28      Количество символов p  = 119 
28.02.2020 8:51:28      Количество символов q  = 6 
28.02.2020 8:51:28      Количество символов r  = 345 
28.02.2020 8:51:28      Количество символов s  = 406 
28.02.2020 8:51:28      Количество символов t  = 519 
28.02.2020 8:51:28      Количество символов u  = 148 
28.02.2020 8:51:28      Количество символов v  = 87 
28.02.2020 8:51:28      Количество символов w  = 83 
28.02.2020 8:51:28      Количество символов x  = 24 
28.02.2020 8:51:28      Количество символов y  = 129 
15.03.2020 19:27:55      Количество символов 0  = 7698 
15.03.2020 19:27:55      Количество символов 1  = 5348 
15.03.2020 19:27:55      Количество символов а  = 97 
15.03.2020 19:27:55      Количество символов б  = 20 
15.03.2020 19:27:56      Количество символов в  = 60 
15.03.2020 19:27:56      Количество символов г  = 18 
15.03.2020 19:27:56      Количество символов д  = 33 
15.03.2020 19:27:56      Количество символов е  = 89 
15.03.2020 19:27:56      Количество символов ж  = 10 
15.03.2020 19:27:56      Количество символов з  = 27 
15.03.2020 19:27:56      Количество символов и  = 67 
15.03.2020 19:27:56      Количество символов й  = 22 
15.03.2020 19:27:56      Количество символов к  = 35 
15.03.2020 19:27:56      Количество символов л  = 57 
15.03.2020 19:27:56      Количество символов м  = 48 
15.03.2020 19:27:56      Количество символов н  = 73 
15.03.2020 19:27:56      Количество символов о  = 149 
15.03.2020 19:27:56      Количество символов п  = 27 
15.03.2020 19:27:56      Количество символов р  = 57 
15.03.2020 19:27:56      Количество символов с  = 69 
15.03.2020 19:27:56      Количество символов т  = 97 
15.03.2020 19:27:56      Количество символов у  = 17 
15.03.2020 19:27:56      Количество символов ф  = 1 
15.03.2020 19:27:56      Количество символов х  = 2 
15.03.2020 19:27:56      Количество символов ц  = 7 
15.03.2020 19:27:56      Количество символов ч  = 15 
15.03.2020 19:27:56      Количество символов ш  = 7 
15.03.2020 19:27:56      Количество символов щ  = 2 
15.03.2020 19:27:56      Количество символов ъ  = 4 
15.03.2020 19:27:56      Количество символов ы  = 22 
15.03.2020 19:27:56      Количество символов ь  = 23 
15.03.2020 19:27:56      Количество символов э  = 9 
15.03.2020 19:27:56      Количество символов ю  = 2 
15.03.2020 19:27:56      Количество символов я  = 19 
15.03.2020 19:27:56      Количество символов ё  = 1 
15.03.2020 19:27:56      Количество символов a  = 419 
15.03.2020 19:27:56      Количество символов b  = 111 
15.03.2020 19:27:56      Количество символов c  = 169 
15.03.2020 19:27:56      Количество символов d  = 217 
15.03.2020 19:27:56      Количество символов e  = 740 
15.03.2020 19:27:56      Количество символов f  = 114 
15.03.2020 19:27:56      Количество символов g  = 64 
15.03.2020 19:27:56      Количество символов h  = 253 
15.03.2020 19:27:56      Количество символов i  = 429 
15.03.2020 19:27:56      Количество символов j  = 4 
15.03.2020 19:27:56      Количество символов k  = 19 
15.03.2020 19:27:56      Количество символов l  = 254 
15.03.2020 19:27:56      Количество символов m  = 122 
15.03.2020 19:27:56      Количество символов n  = 388 
15.03.2020 19:27:56      Количество символов o  = 424 
15.03.2020 19:27:56      Количество символов p  = 119 
15.03.2020 19:27:56      Количество символов q  = 6 
15.03.2020 19:27:56      Количество символов r  = 345 
15.03.2020 19:27:56      Количество символов s  = 406 
15.03.2020 19:27:56      Количество символов t  = 519 
15.03.2020 19:27:56      Количество символов u  = 148 
15.03.2020 19:27:56      Количество символов v  = 87 
15.03.2020 19:27:56      Количество символов w  = 83 
15.03.2020 19:27:56      Количество символов x  = 24 
15.03.2020 19:27:56      Количество символов y  = 129 
15.03.2020 19:27:56      Количество символов a  = 419 
15.03.2020 19:27:56      Количество символов b  = 111 
15.03.2020 19:27:56      Количество символов c  = 169 
15.03.2020 19:27:56      Количество символов d  = 217 
15.03.2020 19:27:56      Количество символов e  = 740 
15.03.2020 19:27:56      Количество символов f  = 114 
15.03.2020 19:27:56      Количество символов g  = 64 
15.03.2020 19:27:56      Количество символов h  = 253 
15.03.2020 19:27:56      Количество символов i  = 429 
15.03.2020 19:27:56      Количество символов j  = 4 
15.03.2020 19:27:56      Количество символов k  = 19 
15.03.2020 19:27:56      Количество символов l  = 254 
15.03.2020 19:27:56      Количество символов m  = 122 
15.03.2020 19:27:56      Количество символов n  = 388 
15.03.2020 19:27:56      Количество символов o  = 424 
15.03.2020 19:27:56      Количество символов p  = 119 
15.03.2020 19:27:56      Количество символов q  = 6 
15.03.2020 19:27:56      Количество символов r  = 345 
15.03.2020 19:27:56      Количество символов s  = 406 
15.03.2020 19:27:56      Количество символов t  = 519 
15.03.2020 19:27:56      Количество символов u  = 148 
15.03.2020 19:27:56      Количество символов v  = 87 
15.03.2020 19:27:56      Количество символов w  = 83 
15.03.2020 19:27:56      Количество символов x  = 24 
15.03.2020 19:27:56      Количество символов y  = 129 
