20.03.2020 20:45:36      Количество символов i  = 347 частота 0,05628548256285482
20.03.2020 20:45:36      Количество символов а  = 1032 частота 0,16739659367396595
20.03.2020 20:45:36      Количество символов б  = 121 частота 0,01962692619626926
20.03.2020 20:45:36      Количество символов в  = 184 частота 0,02984590429845904
20.03.2020 20:45:36      Количество символов г  = 99 частота 0,016058394160583942
20.03.2020 20:45:36      Количество символов д  = 216 частота 0,035036496350364967
20.03.2020 20:45:36      Количество символов е  = 196 частота 0,03179237631792376
20.03.2020 20:45:36      Количество символов ж  = 86 частота 0,013949716139497161
20.03.2020 20:45:36      Количество символов з  = 200 частота 0,032441200324412
20.03.2020 20:45:36      Количество символов й  = 94 частота 0,01524736415247364
20.03.2020 20:45:36      Количество символов к  = 148 частота 0,024006488240064884
20.03.2020 20:45:36      Количество символов л  = 196 частота 0,03179237631792376
20.03.2020 20:45:36      Количество символов м  = 174 частота 0,028223844282238442
20.03.2020 20:45:36      Количество символов н  = 507 частота 0,08223844282238443
20.03.2020 20:45:36      Количество символов о  = 164 частота 0,026601784266017843
20.03.2020 20:45:36      Количество символов п  = 159 частота 0,02579075425790754
20.03.2020 20:45:36      Количество символов р  = 356 частота 0,057745336577453364
20.03.2020 20:45:36      Количество символов с  = 258 частота 0,04184914841849149
20.03.2020 20:45:36      Количество символов т  = 161 частота 0,02611516626115166
20.03.2020 20:45:36      Количество символов у  = 174 частота 0,028223844282238442
20.03.2020 20:45:36      Количество символов ф  = 7 частота 0,0011354420113544202
20.03.2020 20:45:36      Количество символов х  = 64 частота 0,010381184103811841
20.03.2020 20:45:36      Количество символов ц  = 207 частота 0,033576642335766425
20.03.2020 20:45:36      Количество символов ч  = 48 частота 0,007785888077858881
20.03.2020 20:45:36      Количество символов ш  = 32 частота 0,0051905920519059205
20.03.2020 20:45:36      Количество символов ы  = 297 частота 0,04817518248175182
20.03.2020 20:45:36      Количество символов ь  = 100 частота 0,016220600162206
20.03.2020 20:45:36      Количество символов э  = 91 частота 0,014760746147607461
20.03.2020 20:45:36      Количество символов ю  = 56 частота 0,009083536090835361
20.03.2020 20:45:36      Количество символов я  = 248 частота 0,040227088402270884
20.03.2020 20:45:36      Количество символов ё  = 8 частота 0,0012976480129764801
20.03.2020 20:45:36      Количество символов ў  = 135 частота 0,021897810218978103
20.03.2020 20:47:17      Количество символов i  = 347 частота 0,05628548256285482
20.03.2020 20:47:17      Количество символов а  = 1032 частота 0,16739659367396595
20.03.2020 20:47:17      Количество символов б  = 121 частота 0,01962692619626926
20.03.2020 20:47:17      Количество символов в  = 184 частота 0,02984590429845904
20.03.2020 20:47:17      Количество символов г  = 99 частота 0,016058394160583942
20.03.2020 20:47:17      Количество символов д  = 216 частота 0,035036496350364967
20.03.2020 20:47:17      Количество символов е  = 196 частота 0,03179237631792376
20.03.2020 20:47:17      Количество символов ж  = 86 частота 0,013949716139497161
20.03.2020 20:47:17      Количество символов з  = 200 частота 0,032441200324412
20.03.2020 20:47:17      Количество символов й  = 94 частота 0,01524736415247364
20.03.2020 20:47:17      Количество символов к  = 148 частота 0,024006488240064884
20.03.2020 20:47:17      Количество символов л  = 196 частота 0,03179237631792376
20.03.2020 20:47:17      Количество символов м  = 174 частота 0,028223844282238442
20.03.2020 20:47:17      Количество символов н  = 507 частота 0,08223844282238443
20.03.2020 20:47:17      Количество символов о  = 164 частота 0,026601784266017843
20.03.2020 20:47:17      Количество символов п  = 159 частота 0,02579075425790754
20.03.2020 20:47:17      Количество символов р  = 356 частота 0,057745336577453364
20.03.2020 20:47:17      Количество символов с  = 258 частота 0,04184914841849149
20.03.2020 20:47:17      Количество символов т  = 161 частота 0,02611516626115166
20.03.2020 20:47:17      Количество символов у  = 174 частота 0,028223844282238442
20.03.2020 20:47:17      Количество символов ф  = 7 частота 0,0011354420113544202
20.03.2020 20:47:17      Количество символов х  = 64 частота 0,010381184103811841
20.03.2020 20:47:17      Количество символов ц  = 207 частота 0,033576642335766425
20.03.2020 20:47:17      Количество символов ч  = 48 частота 0,007785888077858881
20.03.2020 20:47:17      Количество символов ш  = 32 частота 0,0051905920519059205
20.03.2020 20:47:17      Количество символов ы  = 297 частота 0,04817518248175182
20.03.2020 20:47:17      Количество символов ь  = 100 частота 0,016220600162206
20.03.2020 20:47:17      Количество символов э  = 91 частота 0,014760746147607461
20.03.2020 20:47:17      Количество символов ю  = 56 частота 0,009083536090835361
20.03.2020 20:47:17      Количество символов я  = 248 частота 0,040227088402270884
20.03.2020 20:47:17      Количество символов ё  = 8 частота 0,0012976480129764801
20.03.2020 20:47:17      Количество символов ў  = 135 частота 0,021897810218978103
20.03.2020 20:47:46      Количество символов i  = 347 частота 0,05628548256285482
20.03.2020 20:47:46      Количество символов а  = 1032 частота 0,16739659367396595
20.03.2020 20:47:46      Количество символов б  = 121 частота 0,01962692619626926
20.03.2020 20:47:46      Количество символов в  = 184 частота 0,02984590429845904
20.03.2020 20:47:46      Количество символов г  = 99 частота 0,016058394160583942
20.03.2020 20:47:46      Количество символов д  = 216 частота 0,035036496350364967
20.03.2020 20:47:46      Количество символов е  = 196 частота 0,03179237631792376
20.03.2020 20:47:46      Количество символов ж  = 86 частота 0,013949716139497161
20.03.2020 20:47:46      Количество символов з  = 200 частота 0,032441200324412
20.03.2020 20:47:46      Количество символов й  = 94 частота 0,01524736415247364
20.03.2020 20:47:46      Количество символов к  = 148 частота 0,024006488240064884
20.03.2020 20:47:46      Количество символов л  = 196 частота 0,03179237631792376
20.03.2020 20:47:46      Количество символов м  = 174 частота 0,028223844282238442
20.03.2020 20:47:46      Количество символов н  = 507 частота 0,08223844282238443
20.03.2020 20:47:46      Количество символов о  = 164 частота 0,026601784266017843
20.03.2020 20:47:46      Количество символов п  = 159 частота 0,02579075425790754
20.03.2020 20:47:46      Количество символов р  = 356 частота 0,057745336577453364
20.03.2020 20:47:46      Количество символов с  = 258 частота 0,04184914841849149
20.03.2020 20:47:46      Количество символов т  = 161 частота 0,02611516626115166
20.03.2020 20:47:46      Количество символов у  = 174 частота 0,028223844282238442
20.03.2020 20:47:47      Количество символов ф  = 7 частота 0,0011354420113544202
20.03.2020 20:47:47      Количество символов х  = 64 частота 0,010381184103811841
20.03.2020 20:47:47      Количество символов ц  = 207 частота 0,033576642335766425
20.03.2020 20:47:47      Количество символов ч  = 48 частота 0,007785888077858881
20.03.2020 20:47:47      Количество символов ш  = 32 частота 0,0051905920519059205
20.03.2020 20:47:47      Количество символов ы  = 297 частота 0,04817518248175182
20.03.2020 20:47:47      Количество символов ь  = 100 частота 0,016220600162206
20.03.2020 20:47:47      Количество символов э  = 91 частота 0,014760746147607461
20.03.2020 20:47:47      Количество символов ю  = 56 частота 0,009083536090835361
20.03.2020 20:47:47      Количество символов я  = 248 частота 0,040227088402270884
20.03.2020 20:47:47      Количество символов ё  = 8 частота 0,0012976480129764801
20.03.2020 20:47:47      Количество символов ў  = 135 частота 0,021897810218978103
20.03.2020 20:48:29      Количество символов i  = 347 частота 0,05628548256285482
20.03.2020 20:48:29      Количество символов а  = 1032 частота 0,16739659367396595
20.03.2020 20:48:29      Количество символов б  = 121 частота 0,01962692619626926
20.03.2020 20:48:29      Количество символов в  = 184 частота 0,02984590429845904
20.03.2020 20:48:29      Количество символов г  = 99 частота 0,016058394160583942
20.03.2020 20:48:29      Количество символов д  = 216 частота 0,035036496350364967
20.03.2020 20:48:29      Количество символов е  = 196 частота 0,03179237631792376
20.03.2020 20:48:29      Количество символов ж  = 86 частота 0,013949716139497161
20.03.2020 20:48:29      Количество символов з  = 200 частота 0,032441200324412
20.03.2020 20:48:29      Количество символов й  = 94 частота 0,01524736415247364
20.03.2020 20:48:29      Количество символов к  = 148 частота 0,024006488240064884
20.03.2020 20:48:29      Количество символов л  = 196 частота 0,03179237631792376
20.03.2020 20:48:29      Количество символов м  = 174 частота 0,028223844282238442
20.03.2020 20:48:29      Количество символов н  = 507 частота 0,08223844282238443
20.03.2020 20:48:29      Количество символов о  = 164 частота 0,026601784266017843
20.03.2020 20:48:29      Количество символов п  = 159 частота 0,02579075425790754
20.03.2020 20:48:29      Количество символов р  = 356 частота 0,057745336577453364
20.03.2020 20:48:29      Количество символов с  = 258 частота 0,04184914841849149
20.03.2020 20:48:29      Количество символов т  = 161 частота 0,02611516626115166
20.03.2020 20:48:29      Количество символов у  = 174 частота 0,028223844282238442
20.03.2020 20:48:29      Количество символов ф  = 7 частота 0,0011354420113544202
20.03.2020 20:48:29      Количество символов х  = 64 частота 0,010381184103811841
20.03.2020 20:48:29      Количество символов ц  = 207 частота 0,033576642335766425
20.03.2020 20:48:29      Количество символов ч  = 48 частота 0,007785888077858881
20.03.2020 20:48:29      Количество символов ш  = 32 частота 0,0051905920519059205
20.03.2020 20:48:29      Количество символов ы  = 297 частота 0,04817518248175182
20.03.2020 20:48:29      Количество символов ь  = 100 частота 0,016220600162206
20.03.2020 20:48:29      Количество символов э  = 91 частота 0,014760746147607461
20.03.2020 20:48:29      Количество символов ю  = 56 частота 0,009083536090835361
20.03.2020 20:48:29      Количество символов я  = 248 частота 0,040227088402270884
20.03.2020 20:48:29      Количество символов ё  = 8 частота 0,0012976480129764801
20.03.2020 20:48:29      Количество символов ў  = 135 частота 0,021897810218978103
20.03.2020 20:57:26      Количество символов i  = 347 частота 0,05628548256285482
20.03.2020 20:57:26      Количество символов а  = 1032 частота 0,16739659367396595
20.03.2020 20:57:26      Количество символов б  = 121 частота 0,01962692619626926
20.03.2020 20:57:26      Количество символов в  = 184 частота 0,02984590429845904
20.03.2020 20:57:26      Количество символов г  = 99 частота 0,016058394160583942
20.03.2020 20:57:26      Количество символов д  = 216 частота 0,035036496350364967
20.03.2020 20:57:26      Количество символов е  = 196 частота 0,03179237631792376
20.03.2020 20:57:26      Количество символов ж  = 86 частота 0,013949716139497161
20.03.2020 20:57:26      Количество символов з  = 200 частота 0,032441200324412
20.03.2020 20:57:26      Количество символов й  = 94 частота 0,01524736415247364
20.03.2020 20:57:26      Количество символов к  = 148 частота 0,024006488240064884
20.03.2020 20:57:26      Количество символов л  = 196 частота 0,03179237631792376
20.03.2020 20:57:26      Количество символов м  = 174 частота 0,028223844282238442
20.03.2020 20:57:26      Количество символов н  = 507 частота 0,08223844282238443
20.03.2020 20:57:26      Количество символов о  = 164 частота 0,026601784266017843
20.03.2020 20:57:26      Количество символов п  = 159 частота 0,02579075425790754
20.03.2020 20:57:26      Количество символов р  = 356 частота 0,057745336577453364
20.03.2020 20:57:26      Количество символов с  = 258 частота 0,04184914841849149
20.03.2020 20:57:26      Количество символов т  = 161 частота 0,02611516626115166
20.03.2020 20:57:26      Количество символов у  = 174 частота 0,028223844282238442
20.03.2020 20:57:26      Количество символов ф  = 7 частота 0,0011354420113544202
20.03.2020 20:57:26      Количество символов х  = 64 частота 0,010381184103811841
20.03.2020 20:57:26      Количество символов ц  = 207 частота 0,033576642335766425
20.03.2020 20:57:26      Количество символов ч  = 48 частота 0,007785888077858881
20.03.2020 20:57:26      Количество символов ш  = 32 частота 0,0051905920519059205
20.03.2020 20:57:26      Количество символов ы  = 297 частота 0,04817518248175182
20.03.2020 20:57:26      Количество символов ь  = 100 частота 0,016220600162206
20.03.2020 20:57:26      Количество символов э  = 91 частота 0,014760746147607461
20.03.2020 20:57:26      Количество символов ю  = 56 частота 0,009083536090835361
20.03.2020 20:57:26      Количество символов я  = 248 частота 0,040227088402270884
20.03.2020 20:57:26      Количество символов ё  = 8 частота 0,0012976480129764801
20.03.2020 20:57:26      Количество символов ў  = 135 частота 0,021897810218978103
20.03.2020 20:58:02      Количество символов i  = 347 частота 0,05628548256285482
20.03.2020 20:58:02      Количество символов а  = 1032 частота 0,16739659367396595
20.03.2020 20:58:02      Количество символов б  = 121 частота 0,01962692619626926
20.03.2020 20:58:02      Количество символов в  = 184 частота 0,02984590429845904
20.03.2020 20:58:02      Количество символов г  = 99 частота 0,016058394160583942
20.03.2020 20:58:02      Количество символов д  = 216 частота 0,035036496350364967
20.03.2020 20:58:02      Количество символов е  = 196 частота 0,03179237631792376
20.03.2020 20:58:02      Количество символов ж  = 86 частота 0,013949716139497161
20.03.2020 20:58:02      Количество символов з  = 200 частота 0,032441200324412
20.03.2020 20:58:02      Количество символов й  = 94 частота 0,01524736415247364
20.03.2020 20:58:02      Количество символов к  = 148 частота 0,024006488240064884
20.03.2020 20:58:02      Количество символов л  = 196 частота 0,03179237631792376
20.03.2020 20:58:02      Количество символов м  = 174 частота 0,028223844282238442
20.03.2020 20:58:02      Количество символов н  = 507 частота 0,08223844282238443
20.03.2020 20:58:02      Количество символов о  = 164 частота 0,026601784266017843
20.03.2020 20:58:02      Количество символов п  = 159 частота 0,02579075425790754
20.03.2020 20:58:02      Количество символов р  = 356 частота 0,057745336577453364
20.03.2020 20:58:02      Количество символов с  = 258 частота 0,04184914841849149
20.03.2020 20:58:02      Количество символов т  = 161 частота 0,02611516626115166
20.03.2020 20:58:02      Количество символов у  = 174 частота 0,028223844282238442
20.03.2020 20:58:02      Количество символов ф  = 7 частота 0,0011354420113544202
20.03.2020 20:58:02      Количество символов х  = 64 частота 0,010381184103811841
20.03.2020 20:58:02      Количество символов ц  = 207 частота 0,033576642335766425
20.03.2020 20:58:02      Количество символов ч  = 48 частота 0,007785888077858881
20.03.2020 20:58:02      Количество символов ш  = 32 частота 0,0051905920519059205
20.03.2020 20:58:02      Количество символов ы  = 297 частота 0,04817518248175182
20.03.2020 20:58:02      Количество символов ь  = 100 частота 0,016220600162206
20.03.2020 20:58:02      Количество символов э  = 91 частота 0,014760746147607461
20.03.2020 20:58:02      Количество символов ю  = 56 частота 0,009083536090835361
20.03.2020 20:58:02      Количество символов я  = 248 частота 0,040227088402270884
20.03.2020 20:58:02      Количество символов ё  = 8 частота 0,0012976480129764801
20.03.2020 20:58:02      Количество символов ў  = 135 частота 0,021897810218978103
20.03.2020 21:00:49      Количество символов i  = 347 частота 0,05628548256285482
20.03.2020 21:00:49      Количество символов а  = 1032 частота 0,16739659367396595
20.03.2020 21:00:49      Количество символов б  = 121 частота 0,01962692619626926
20.03.2020 21:00:49      Количество символов в  = 184 частота 0,02984590429845904
20.03.2020 21:00:49      Количество символов г  = 99 частота 0,016058394160583942
20.03.2020 21:00:49      Количество символов д  = 216 частота 0,035036496350364967
20.03.2020 21:00:49      Количество символов е  = 196 частота 0,03179237631792376
20.03.2020 21:00:49      Количество символов ж  = 86 частота 0,013949716139497161
20.03.2020 21:00:49      Количество символов з  = 200 частота 0,032441200324412
20.03.2020 21:00:49      Количество символов й  = 94 частота 0,01524736415247364
20.03.2020 21:00:49      Количество символов к  = 148 частота 0,024006488240064884
20.03.2020 21:00:49      Количество символов л  = 196 частота 0,03179237631792376
20.03.2020 21:00:49      Количество символов м  = 174 частота 0,028223844282238442
20.03.2020 21:00:49      Количество символов н  = 507 частота 0,08223844282238443
20.03.2020 21:00:49      Количество символов о  = 164 частота 0,026601784266017843
20.03.2020 21:00:49      Количество символов п  = 159 частота 0,02579075425790754
20.03.2020 21:00:49      Количество символов р  = 356 частота 0,057745336577453364
20.03.2020 21:00:49      Количество символов с  = 258 частота 0,04184914841849149
20.03.2020 21:00:49      Количество символов т  = 161 частота 0,02611516626115166
20.03.2020 21:00:49      Количество символов у  = 174 частота 0,028223844282238442
20.03.2020 21:00:50      Количество символов ф  = 7 частота 0,0011354420113544202
20.03.2020 21:00:50      Количество символов х  = 64 частота 0,010381184103811841
20.03.2020 21:00:50      Количество символов ц  = 207 частота 0,033576642335766425
20.03.2020 21:00:50      Количество символов ч  = 48 частота 0,007785888077858881
20.03.2020 21:00:50      Количество символов ш  = 32 частота 0,0051905920519059205
20.03.2020 21:00:50      Количество символов ы  = 297 частота 0,04817518248175182
20.03.2020 21:00:50      Количество символов ь  = 100 частота 0,016220600162206
20.03.2020 21:00:50      Количество символов э  = 91 частота 0,014760746147607461
20.03.2020 21:00:50      Количество символов ю  = 56 частота 0,009083536090835361
20.03.2020 21:00:50      Количество символов я  = 248 частота 0,040227088402270884
20.03.2020 21:00:50      Количество символов ё  = 8 частота 0,0012976480129764801
20.03.2020 21:00:50      Количество символов ў  = 135 частота 0,021897810218978103
20.03.2020 21:01:37      Количество символов i  = 347 частота 0,05628548256285482
20.03.2020 21:01:37      Количество символов а  = 1032 частота 0,16739659367396595
20.03.2020 21:01:37      Количество символов б  = 121 частота 0,01962692619626926
20.03.2020 21:01:37      Количество символов в  = 184 частота 0,02984590429845904
20.03.2020 21:01:37      Количество символов г  = 99 частота 0,016058394160583942
20.03.2020 21:01:37      Количество символов д  = 216 частота 0,035036496350364967
20.03.2020 21:01:37      Количество символов е  = 196 частота 0,03179237631792376
20.03.2020 21:01:37      Количество символов ж  = 86 частота 0,013949716139497161
20.03.2020 21:01:37      Количество символов з  = 200 частота 0,032441200324412
20.03.2020 21:01:37      Количество символов й  = 94 частота 0,01524736415247364
20.03.2020 21:01:37      Количество символов к  = 148 частота 0,024006488240064884
20.03.2020 21:01:37      Количество символов л  = 196 частота 0,03179237631792376
20.03.2020 21:01:37      Количество символов м  = 174 частота 0,028223844282238442
20.03.2020 21:01:37      Количество символов н  = 507 частота 0,08223844282238443
20.03.2020 21:01:37      Количество символов о  = 164 частота 0,026601784266017843
20.03.2020 21:01:37      Количество символов п  = 159 частота 0,02579075425790754
20.03.2020 21:01:37      Количество символов р  = 356 частота 0,057745336577453364
20.03.2020 21:01:37      Количество символов с  = 258 частота 0,04184914841849149
20.03.2020 21:01:37      Количество символов т  = 161 частота 0,02611516626115166
20.03.2020 21:01:37      Количество символов у  = 174 частота 0,028223844282238442
20.03.2020 21:01:37      Количество символов ф  = 7 частота 0,0011354420113544202
20.03.2020 21:01:37      Количество символов х  = 64 частота 0,010381184103811841
20.03.2020 21:01:37      Количество символов ц  = 207 частота 0,033576642335766425
20.03.2020 21:01:37      Количество символов ч  = 48 частота 0,007785888077858881
20.03.2020 21:01:37      Количество символов ш  = 32 частота 0,0051905920519059205
20.03.2020 21:01:37      Количество символов ы  = 297 частота 0,04817518248175182
20.03.2020 21:01:37      Количество символов ь  = 100 частота 0,016220600162206
20.03.2020 21:01:37      Количество символов э  = 91 частота 0,014760746147607461
20.03.2020 21:01:37      Количество символов ю  = 56 частота 0,009083536090835361
20.03.2020 21:01:37      Количество символов я  = 248 частота 0,040227088402270884
20.03.2020 21:01:37      Количество символов ё  = 8 частота 0,0012976480129764801
20.03.2020 21:01:37      Количество символов ў  = 135 частота 0,021897810218978103
20.03.2020 21:02:18      Количество символов i  = 347 частота 0,05628548256285482
20.03.2020 21:02:18      Количество символов а  = 1032 частота 0,16739659367396595
20.03.2020 21:02:18      Количество символов б  = 121 частота 0,01962692619626926
20.03.2020 21:02:18      Количество символов в  = 184 частота 0,02984590429845904
20.03.2020 21:02:18      Количество символов г  = 99 частота 0,016058394160583942
20.03.2020 21:02:18      Количество символов д  = 216 частота 0,035036496350364967
20.03.2020 21:02:18      Количество символов е  = 196 частота 0,03179237631792376
20.03.2020 21:02:18      Количество символов ж  = 86 частота 0,013949716139497161
20.03.2020 21:02:18      Количество символов з  = 200 частота 0,032441200324412
20.03.2020 21:02:18      Количество символов й  = 94 частота 0,01524736415247364
20.03.2020 21:02:18      Количество символов к  = 148 частота 0,024006488240064884
20.03.2020 21:02:18      Количество символов л  = 196 частота 0,03179237631792376
20.03.2020 21:02:18      Количество символов м  = 174 частота 0,028223844282238442
20.03.2020 21:02:18      Количество символов н  = 507 частота 0,08223844282238443
20.03.2020 21:02:18      Количество символов о  = 164 частота 0,026601784266017843
20.03.2020 21:02:18      Количество символов п  = 159 частота 0,02579075425790754
20.03.2020 21:02:18      Количество символов р  = 356 частота 0,057745336577453364
20.03.2020 21:02:18      Количество символов с  = 258 частота 0,04184914841849149
20.03.2020 21:02:18      Количество символов т  = 161 частота 0,02611516626115166
20.03.2020 21:02:18      Количество символов у  = 174 частота 0,028223844282238442
20.03.2020 21:02:18      Количество символов ф  = 7 частота 0,0011354420113544202
20.03.2020 21:02:18      Количество символов х  = 64 частота 0,010381184103811841
20.03.2020 21:02:18      Количество символов ц  = 207 частота 0,033576642335766425
20.03.2020 21:02:18      Количество символов ч  = 48 частота 0,007785888077858881
20.03.2020 21:02:18      Количество символов ш  = 32 частота 0,0051905920519059205
20.03.2020 21:02:18      Количество символов ы  = 297 частота 0,04817518248175182
20.03.2020 21:02:18      Количество символов ь  = 100 частота 0,016220600162206
20.03.2020 21:02:18      Количество символов э  = 91 частота 0,014760746147607461
20.03.2020 21:02:18      Количество символов ю  = 56 частота 0,009083536090835361
20.03.2020 21:02:18      Количество символов я  = 248 частота 0,040227088402270884
20.03.2020 21:02:18      Количество символов ё  = 8 частота 0,0012976480129764801
20.03.2020 21:02:18      Количество символов ў  = 135 частота 0,021897810218978103
21.03.2020 21:14:22      Количество символов i  = 347 частота 0,05628548256285482
21.03.2020 21:14:22      Количество символов а  = 1032 частота 0,16739659367396595
21.03.2020 21:14:22      Количество символов б  = 121 частота 0,01962692619626926
21.03.2020 21:14:22      Количество символов в  = 184 частота 0,02984590429845904
21.03.2020 21:14:22      Количество символов г  = 99 частота 0,016058394160583942
21.03.2020 21:14:22      Количество символов д  = 216 частота 0,035036496350364967
21.03.2020 21:14:22      Количество символов е  = 196 частота 0,03179237631792376
21.03.2020 21:14:22      Количество символов ж  = 86 частота 0,013949716139497161
21.03.2020 21:14:22      Количество символов з  = 200 частота 0,032441200324412
21.03.2020 21:14:22      Количество символов й  = 94 частота 0,01524736415247364
21.03.2020 21:14:22      Количество символов к  = 148 частота 0,024006488240064884
21.03.2020 21:14:22      Количество символов л  = 196 частота 0,03179237631792376
21.03.2020 21:14:22      Количество символов м  = 174 частота 0,028223844282238442
21.03.2020 21:14:23      Количество символов н  = 507 частота 0,08223844282238443
21.03.2020 21:14:23      Количество символов о  = 164 частота 0,026601784266017843
21.03.2020 21:14:23      Количество символов п  = 159 частота 0,02579075425790754
21.03.2020 21:14:23      Количество символов р  = 356 частота 0,057745336577453364
21.03.2020 21:14:23      Количество символов с  = 258 частота 0,04184914841849149
21.03.2020 21:14:23      Количество символов т  = 161 частота 0,02611516626115166
21.03.2020 21:14:23      Количество символов у  = 174 частота 0,028223844282238442
21.03.2020 21:14:23      Количество символов ф  = 7 частота 0,0011354420113544202
21.03.2020 21:14:23      Количество символов х  = 64 частота 0,010381184103811841
21.03.2020 21:14:23      Количество символов ц  = 207 частота 0,033576642335766425
21.03.2020 21:14:23      Количество символов ч  = 48 частота 0,007785888077858881
21.03.2020 21:14:23      Количество символов ш  = 32 частота 0,0051905920519059205
21.03.2020 21:14:23      Количество символов ы  = 297 частота 0,04817518248175182
21.03.2020 21:14:23      Количество символов ь  = 100 частота 0,016220600162206
21.03.2020 21:14:23      Количество символов э  = 91 частота 0,014760746147607461
21.03.2020 21:14:23      Количество символов ю  = 56 частота 0,009083536090835361
21.03.2020 21:14:23      Количество символов я  = 248 частота 0,040227088402270884
21.03.2020 21:14:23      Количество символов ё  = 8 частота 0,0012976480129764801
21.03.2020 21:14:23      Количество символов ў  = 135 частота 0,021897810218978103
26.03.2020 9:48:23      Количество символов i  = 347 частота 0,05628548256285482
26.03.2020 9:48:23      Количество символов а  = 1032 частота 0,16739659367396595
26.03.2020 9:48:23      Количество символов б  = 121 частота 0,01962692619626926
26.03.2020 9:48:23      Количество символов в  = 184 частота 0,02984590429845904
26.03.2020 9:48:23      Количество символов г  = 99 частота 0,016058394160583942
26.03.2020 9:48:23      Количество символов д  = 216 частота 0,035036496350364967
26.03.2020 9:48:23      Количество символов е  = 196 частота 0,03179237631792376
26.03.2020 9:48:23      Количество символов ж  = 86 частота 0,013949716139497161
26.03.2020 9:48:23      Количество символов з  = 200 частота 0,032441200324412
26.03.2020 9:48:23      Количество символов й  = 94 частота 0,01524736415247364
26.03.2020 9:48:23      Количество символов к  = 148 частота 0,024006488240064884
26.03.2020 9:48:23      Количество символов л  = 196 частота 0,03179237631792376
26.03.2020 9:48:23      Количество символов м  = 174 частота 0,028223844282238442
26.03.2020 9:48:23      Количество символов н  = 507 частота 0,08223844282238443
26.03.2020 9:48:23      Количество символов о  = 164 частота 0,026601784266017843
26.03.2020 9:48:23      Количество символов п  = 159 частота 0,02579075425790754
26.03.2020 9:48:23      Количество символов р  = 356 частота 0,057745336577453364
26.03.2020 9:48:23      Количество символов с  = 258 частота 0,04184914841849149
26.03.2020 9:48:23      Количество символов т  = 161 частота 0,02611516626115166
26.03.2020 9:48:23      Количество символов у  = 174 частота 0,028223844282238442
26.03.2020 9:48:23      Количество символов ф  = 7 частота 0,0011354420113544202
26.03.2020 9:48:23      Количество символов х  = 64 частота 0,010381184103811841
26.03.2020 9:48:23      Количество символов ц  = 207 частота 0,033576642335766425
26.03.2020 9:48:23      Количество символов ч  = 48 частота 0,007785888077858881
26.03.2020 9:48:23      Количество символов ш  = 32 частота 0,0051905920519059205
26.03.2020 9:48:23      Количество символов ы  = 297 частота 0,04817518248175182
26.03.2020 9:48:23      Количество символов ь  = 100 частота 0,016220600162206
26.03.2020 9:48:23      Количество символов э  = 91 частота 0,014760746147607461
26.03.2020 9:48:23      Количество символов ю  = 56 частота 0,009083536090835361
26.03.2020 9:48:23      Количество символов я  = 248 частота 0,040227088402270884
26.03.2020 9:48:23      Количество символов ё  = 8 частота 0,0012976480129764801
26.03.2020 9:48:23      Количество символов ў  = 135 частота 0,021897810218978103
