16.03.2020 10:07:20      Количество символов i  = 184  частота 0,02984590429845904
16.03.2020 10:07:20      Количество символов а  = 196  частота 0,03179237631792376
16.03.2020 10:07:20      Количество символов б  = 148  частота 0,024006488240064884
16.03.2020 10:07:20      Количество символов в  = 196  частота 0,03179237631792376
16.03.2020 10:07:21      Количество символов г  = 174  частота 0,028223844282238442
16.03.2020 10:07:21      Количество символов д  = 507  частота 0,08223844282238443
16.03.2020 10:07:21      Количество символов е  = 164  частота 0,026601784266017843
16.03.2020 10:07:21      Количество символов ж  = 356  частота 0,057745336577453364
16.03.2020 10:07:21      Количество символов з  = 258  частота 0,04184914841849149
16.03.2020 10:07:21      Количество символов й  = 161  частота 0,02611516626115166
16.03.2020 10:07:21      Количество символов к  = 94  частота 0,01524736415247364
16.03.2020 10:07:21      Количество символов л  = 174  частота 0,028223844282238442
16.03.2020 10:07:21      Количество символов м  = 86  частота 0,013949716139497161
16.03.2020 10:07:21      Количество символов н  = 99  частота 0,016058394160583942
16.03.2020 10:07:21      Количество символов о  = 135  частота 0,021897810218978103
16.03.2020 10:07:21      Количество символов п  = 7  частота 0,0011354420113544202
16.03.2020 10:07:21      Количество символов р  = 8  частота 0,0012976480129764801
16.03.2020 10:07:21      Количество символов с  = 64  частота 0,010381184103811841
16.03.2020 10:07:21      Количество символов т  = 200  частота 0,032441200324412
16.03.2020 10:07:21      Количество символов у  = 207  частота 0,033576642335766425
16.03.2020 10:07:21      Количество символов ф  = 216  частота 0,035036496350364967
16.03.2020 10:07:21      Количество символов х  = 32  частота 0,0051905920519059205
16.03.2020 10:07:21      Количество символов ц  = 297  частота 0,04817518248175182
16.03.2020 10:07:21      Количество символов ч  = 100  частота 0,016220600162206
16.03.2020 10:07:21      Количество символов ш  = 91  частота 0,014760746147607461
16.03.2020 10:07:21      Количество символов ы  = 347  частота 0,05628548256285482
16.03.2020 10:07:21      Количество символов ь  = 56  частота 0,009083536090835361
16.03.2020 10:07:21      Количество символов э  = 248  частота 0,040227088402270884
16.03.2020 10:07:21      Количество символов ю  = 1032  частота 0,16739659367396595
16.03.2020 10:07:21      Количество символов я  = 121  частота 0,01962692619626926
16.03.2020 10:07:21      Количество символов ё  = 159  частота 0,02579075425790754
16.03.2020 10:07:21      Количество символов ў  = 48  частота 0,007785888077858881
16.03.2020 10:14:50      Количество символов i  = 347  частота 0
16.03.2020 10:14:50      Количество символов а  = 196  частота 0
16.03.2020 10:14:50      Количество символов б  = 258  частота 0
16.03.2020 10:14:50      Количество символов в  = 161  частота 0
16.03.2020 10:14:50      Количество символов г  = 174  частота 0
16.03.2020 10:14:50      Количество символов д  = 135  частота 0
16.03.2020 10:14:50      Количество символов е  = 7  частота 0
16.03.2020 10:14:50      Количество символов ж  = 207  частота 0
16.03.2020 10:14:50      Количество символов з  = 48  частота 0
16.03.2020 10:14:50      Количество символов й  = 32  частота 0
16.03.2020 10:14:50      Количество символов к  = 356  частота 0
16.03.2020 10:14:50      Количество символов л  = 297  частота 0
16.03.2020 10:14:50      Количество символов м  = 507  частота 0
16.03.2020 10:14:50      Количество символов н  = 94  частота 0
16.03.2020 10:14:50      Количество символов о  = 100  частота 0
16.03.2020 10:14:50      Количество символов п  = 91  частота 0
16.03.2020 10:14:51      Количество символов р  = 174  частота 0
16.03.2020 10:14:51      Количество символов с  = 56  частота 0
16.03.2020 10:14:51      Количество символов т  = 164  частота 0
16.03.2020 10:14:51      Количество символов у  = 248  частота 0
16.03.2020 10:14:51      Количество символов ф  = 148  частота 0
16.03.2020 10:14:51      Количество символов х  = 121  частота 0
16.03.2020 10:14:51      Количество символов ц  = 184  частота 0
16.03.2020 10:14:51      Количество символов ч  = 99  частота 0
16.03.2020 10:14:51      Количество символов ш  = 216  частота 0
16.03.2020 10:14:51      Количество символов ы  = 159  частота 0
16.03.2020 10:14:51      Количество символов ь  = 196  частота 0
16.03.2020 10:14:51      Количество символов э  = 8  частота 0
16.03.2020 10:14:51      Количество символов ю  = 86  частота 0
16.03.2020 10:14:51      Количество символов я  = 200  частота 0
16.03.2020 10:14:51      Количество символов ё  = 64  частота 0
16.03.2020 10:14:51      Количество символов ў  = 1032  частота 0
16.03.2020 10:14:58      Количество символов i  = 347  частота 0
16.03.2020 10:14:58      Количество символов а  = 196  частота 0
16.03.2020 10:14:58      Количество символов б  = 258  частота 0
16.03.2020 10:14:58      Количество символов в  = 161  частота 0
16.03.2020 10:14:58      Количество символов г  = 174  частота 0
16.03.2020 10:14:58      Количество символов д  = 135  частота 0
16.03.2020 10:14:58      Количество символов е  = 7  частота 0
16.03.2020 10:14:58      Количество символов ж  = 207  частота 0
16.03.2020 10:14:58      Количество символов з  = 48  частота 0
16.03.2020 10:14:58      Количество символов й  = 32  частота 0
16.03.2020 10:14:58      Количество символов к  = 356  частота 0
16.03.2020 10:14:58      Количество символов л  = 297  частота 0
16.03.2020 10:14:58      Количество символов м  = 507  частота 0
16.03.2020 10:14:58      Количество символов н  = 94  частота 0
16.03.2020 10:14:58      Количество символов о  = 100  частота 0
16.03.2020 10:14:58      Количество символов п  = 91  частота 0
16.03.2020 10:14:58      Количество символов р  = 174  частота 0
16.03.2020 10:14:58      Количество символов с  = 56  частота 0
16.03.2020 10:14:58      Количество символов т  = 164  частота 0
16.03.2020 10:14:58      Количество символов у  = 248  частота 0
16.03.2020 10:14:58      Количество символов ф  = 148  частота 0
16.03.2020 10:14:58      Количество символов х  = 121  частота 0
16.03.2020 10:14:58      Количество символов ц  = 184  частота 0
16.03.2020 10:14:58      Количество символов ч  = 99  частота 0
16.03.2020 10:14:58      Количество символов ш  = 216  частота 0
16.03.2020 10:14:58      Количество символов ы  = 159  частота 0
16.03.2020 10:14:58      Количество символов ь  = 196  частота 0
16.03.2020 10:14:58      Количество символов э  = 8  частота 0
16.03.2020 10:14:58      Количество символов ю  = 86  частота 0
16.03.2020 10:14:58      Количество символов я  = 200  частота 0
16.03.2020 10:14:58      Количество символов ё  = 64  частота 0
16.03.2020 10:14:58      Количество символов ў  = 1032  частота 0
16.03.2020 10:16:14      Количество символов i  = 99  частота 0
16.03.2020 10:16:14      Количество символов а  = 8  частота 0
16.03.2020 10:16:14      Количество символов б  = 196  частота 0
16.03.2020 10:16:14      Количество символов в  = 174  частота 0
16.03.2020 10:16:14      Количество символов г  = 507  частота 0
16.03.2020 10:16:14      Количество символов д  = 164  частота 0
16.03.2020 10:16:14      Количество символов е  = 159  частота 0
16.03.2020 10:16:14      Количество символов ж  = 258  частота 0
16.03.2020 10:16:14      Количество символов з  = 161  частота 0
16.03.2020 10:16:14      Количество символов й  = 174  частота 0
16.03.2020 10:16:14      Количество символов к  = 148  частота 0
16.03.2020 10:16:14      Количество символов л  = 135  частота 0
16.03.2020 10:16:14      Количество символов м  = 200  частота 0
16.03.2020 10:16:14      Количество символов н  = 216  частота 0
16.03.2020 10:16:14      Количество символов о  = 7  частота 0
16.03.2020 10:16:14      Количество символов п  = 64  частота 0
16.03.2020 10:16:14      Количество символов р  = 86  частота 0
16.03.2020 10:16:14      Количество символов с  = 207  частота 0
16.03.2020 10:16:14      Количество символов т  = 347  частота 0
16.03.2020 10:16:14      Количество символов у  = 48  частота 0
16.03.2020 10:16:14      Количество символов ф  = 196  частота 0
16.03.2020 10:16:14      Количество символов х  = 297  частота 0
16.03.2020 10:16:14      Количество символов ц  = 100  частота 0
16.03.2020 10:16:14      Количество символов ч  = 91  частота 0
16.03.2020 10:16:14      Количество символов ш  = 56  частота 0
16.03.2020 10:16:14      Количество символов ы  = 94  частота 0
16.03.2020 10:16:14      Количество символов ь  = 248  частота 0
16.03.2020 10:16:14      Количество символов э  = 1032  частота 0
16.03.2020 10:16:14      Количество символов ю  = 121  частота 0
16.03.2020 10:16:14      Количество символов я  = 184  частота 0
16.03.2020 10:16:14      Количество символов ё  = 356  частота 0
16.03.2020 10:16:14      Количество символов ў  = 32  частота 0
16.03.2020 10:17:37      Количество символов i  = 99  частота 0
16.03.2020 10:17:37      Количество символов а  = 8  частота 0
16.03.2020 10:17:37      Количество символов б  = 196  частота 0
16.03.2020 10:17:37      Количество символов в  = 174  частота 0
16.03.2020 10:17:37      Количество символов г  = 507  частота 0
16.03.2020 10:17:37      Количество символов д  = 164  частота 0
16.03.2020 10:17:37      Количество символов е  = 159  частота 0
16.03.2020 10:17:37      Количество символов ж  = 258  частота 0
16.03.2020 10:17:37      Количество символов з  = 161  частота 0
16.03.2020 10:17:37      Количество символов й  = 174  частота 0
16.03.2020 10:17:37      Количество символов к  = 148  частота 0
16.03.2020 10:17:37      Количество символов л  = 135  частота 0
16.03.2020 10:17:37      Количество символов м  = 200  частота 0
16.03.2020 10:17:37      Количество символов н  = 216  частота 0
16.03.2020 10:17:37      Количество символов о  = 7  частота 0
16.03.2020 10:17:37      Количество символов п  = 64  частота 0
16.03.2020 10:17:37      Количество символов р  = 86  частота 0
16.03.2020 10:17:37      Количество символов с  = 207  частота 0
16.03.2020 10:17:37      Количество символов т  = 347  частота 0
16.03.2020 10:17:37      Количество символов у  = 48  частота 0
16.03.2020 10:17:37      Количество символов ф  = 196  частота 0
16.03.2020 10:17:37      Количество символов х  = 297  частота 0
16.03.2020 10:17:37      Количество символов ц  = 100  частота 0
16.03.2020 10:17:37      Количество символов ч  = 91  частота 0
16.03.2020 10:17:37      Количество символов ш  = 56  частота 0
16.03.2020 10:17:37      Количество символов ы  = 94  частота 0
16.03.2020 10:17:37      Количество символов ь  = 248  частота 0
16.03.2020 10:17:37      Количество символов э  = 1032  частота 0
16.03.2020 10:17:37      Количество символов ю  = 121  частота 0
16.03.2020 10:17:37      Количество символов я  = 184  частота 0
16.03.2020 10:17:37      Количество символов ё  = 356  частота 0
16.03.2020 10:17:37      Количество символов ў  = 32  частота 0
16.03.2020 10:24:52      Количество символов i  = 99  частота 0
16.03.2020 10:24:52      Количество символов а  = 8  частота 0
16.03.2020 10:24:52      Количество символов б  = 196  частота 0
16.03.2020 10:24:52      Количество символов в  = 174  частота 0
16.03.2020 10:24:52      Количество символов г  = 507  частота 0
16.03.2020 10:24:52      Количество символов д  = 164  частота 0
16.03.2020 10:24:52      Количество символов е  = 159  частота 0
16.03.2020 10:24:52      Количество символов ж  = 258  частота 0
16.03.2020 10:24:52      Количество символов з  = 161  частота 0
16.03.2020 10:24:52      Количество символов й  = 174  частота 0
16.03.2020 10:24:52      Количество символов к  = 148  частота 0
16.03.2020 10:24:52      Количество символов л  = 135  частота 0
16.03.2020 10:24:52      Количество символов м  = 200  частота 0
16.03.2020 10:24:52      Количество символов н  = 216  частота 0
16.03.2020 10:24:52      Количество символов о  = 7  частота 0
16.03.2020 10:24:52      Количество символов п  = 64  частота 0
16.03.2020 10:24:52      Количество символов р  = 86  частота 0
16.03.2020 10:24:52      Количество символов с  = 207  частота 0
16.03.2020 10:24:52      Количество символов т  = 347  частота 0
16.03.2020 10:24:52      Количество символов у  = 48  частота 0
16.03.2020 10:24:52      Количество символов ф  = 196  частота 0
16.03.2020 10:24:52      Количество символов х  = 297  частота 0
16.03.2020 10:24:52      Количество символов ц  = 100  частота 0
16.03.2020 10:24:52      Количество символов ч  = 91  частота 0
16.03.2020 10:24:52      Количество символов ш  = 56  частота 0
16.03.2020 10:24:52      Количество символов ы  = 94  частота 0
16.03.2020 10:24:52      Количество символов ь  = 248  частота 0
16.03.2020 10:24:52      Количество символов э  = 1032  частота 0
16.03.2020 10:24:52      Количество символов ю  = 121  частота 0
16.03.2020 10:24:52      Количество символов я  = 184  частота 0
16.03.2020 10:24:52      Количество символов ё  = 356  частота 0
16.03.2020 10:24:52      Количество символов ў  = 32  частота 0
16.03.2020 10:26:34      Количество символов i  = 99  частота 0
16.03.2020 10:26:34      Количество символов а  = 8  частота 0
16.03.2020 10:26:34      Количество символов б  = 196  частота 0
16.03.2020 10:26:34      Количество символов в  = 174  частота 0
16.03.2020 10:26:34      Количество символов г  = 507  частота 0
16.03.2020 10:26:34      Количество символов д  = 164  частота 0
16.03.2020 10:26:34      Количество символов е  = 159  частота 0
16.03.2020 10:26:34      Количество символов ж  = 258  частота 0
16.03.2020 10:26:34      Количество символов з  = 161  частота 0
16.03.2020 10:26:34      Количество символов й  = 174  частота 0
16.03.2020 10:26:34      Количество символов к  = 148  частота 0
16.03.2020 10:26:34      Количество символов л  = 135  частота 0
16.03.2020 10:26:34      Количество символов м  = 200  частота 0
16.03.2020 10:26:34      Количество символов н  = 216  частота 0
16.03.2020 10:26:34      Количество символов о  = 7  частота 0
16.03.2020 10:26:34      Количество символов п  = 64  частота 0
16.03.2020 10:26:34      Количество символов р  = 86  частота 0
16.03.2020 10:26:34      Количество символов с  = 207  частота 0
16.03.2020 10:26:34      Количество символов т  = 347  частота 0
16.03.2020 10:26:34      Количество символов у  = 48  частота 0
16.03.2020 10:26:34      Количество символов ф  = 196  частота 0
16.03.2020 10:26:34      Количество символов х  = 297  частота 0
16.03.2020 10:26:34      Количество символов ц  = 100  частота 0
16.03.2020 10:26:34      Количество символов ч  = 91  частота 0
16.03.2020 10:26:34      Количество символов ш  = 56  частота 0
16.03.2020 10:26:34      Количество символов ы  = 94  частота 0
16.03.2020 10:26:35      Количество символов ь  = 248  частота 0
16.03.2020 10:26:35      Количество символов э  = 1032  частота 0
16.03.2020 10:26:35      Количество символов ю  = 121  частота 0
16.03.2020 10:26:35      Количество символов я  = 184  частота 0
16.03.2020 10:26:35      Количество символов ё  = 356  частота 0
16.03.2020 10:26:35      Количество символов ў  = 32  частота 0
19.03.2020 10:10:37      Количество символов i  = 99  частота 0
19.03.2020 10:10:37      Количество символов а  = 8  частота 0
19.03.2020 10:10:37      Количество символов б  = 196  частота 0
19.03.2020 10:10:37      Количество символов в  = 174  частота 0
19.03.2020 10:10:37      Количество символов г  = 507  частота 0
19.03.2020 10:10:37      Количество символов д  = 164  частота 0
19.03.2020 10:10:37      Количество символов е  = 159  частота 0
19.03.2020 10:10:37      Количество символов ж  = 258  частота 0
19.03.2020 10:10:37      Количество символов з  = 161  частота 0
19.03.2020 10:10:37      Количество символов й  = 174  частота 0
19.03.2020 10:10:37      Количество символов к  = 148  частота 0
19.03.2020 10:10:37      Количество символов л  = 135  частота 0
19.03.2020 10:10:37      Количество символов м  = 200  частота 0
19.03.2020 10:10:38      Количество символов н  = 216  частота 0
19.03.2020 10:10:38      Количество символов о  = 7  частота 0
19.03.2020 10:10:38      Количество символов п  = 64  частота 0
19.03.2020 10:10:38      Количество символов р  = 86  частота 0
19.03.2020 10:10:38      Количество символов с  = 207  частота 0
19.03.2020 10:10:38      Количество символов т  = 347  частота 0
19.03.2020 10:10:38      Количество символов у  = 48  частота 0
19.03.2020 10:10:38      Количество символов ф  = 196  частота 0
19.03.2020 10:10:38      Количество символов х  = 297  частота 0
19.03.2020 10:10:38      Количество символов ц  = 100  частота 0
19.03.2020 10:10:38      Количество символов ч  = 91  частота 0
19.03.2020 10:10:38      Количество символов ш  = 56  частота 0
19.03.2020 10:10:38      Количество символов ы  = 94  частота 0
19.03.2020 10:10:38      Количество символов ь  = 248  частота 0
19.03.2020 10:10:38      Количество символов э  = 1032  частота 0
19.03.2020 10:10:38      Количество символов ю  = 121  частота 0
19.03.2020 10:10:38      Количество символов я  = 184  частота 0
19.03.2020 10:10:38      Количество символов ё  = 356  частота 0
19.03.2020 10:10:38      Количество символов ў  = 32  частота 0
19.03.2020 10:11:53      Количество символов i  = 99  частота 0
19.03.2020 10:11:53      Количество символов а  = 8  частота 0
19.03.2020 10:11:53      Количество символов б  = 196  частота 0
19.03.2020 10:11:53      Количество символов в  = 174  частота 0
19.03.2020 10:11:53      Количество символов г  = 507  частота 0
19.03.2020 10:11:53      Количество символов д  = 164  частота 0
19.03.2020 10:11:53      Количество символов е  = 159  частота 0
19.03.2020 10:11:53      Количество символов ж  = 258  частота 0
19.03.2020 10:11:53      Количество символов з  = 161  частота 0
19.03.2020 10:11:53      Количество символов й  = 174  частота 0
19.03.2020 10:11:53      Количество символов к  = 148  частота 0
19.03.2020 10:11:53      Количество символов л  = 135  частота 0
19.03.2020 10:11:53      Количество символов м  = 200  частота 0
19.03.2020 10:11:53      Количество символов н  = 216  частота 0
19.03.2020 10:11:53      Количество символов о  = 7  частота 0
19.03.2020 10:11:53      Количество символов п  = 64  частота 0
19.03.2020 10:11:53      Количество символов р  = 86  частота 0
19.03.2020 10:11:53      Количество символов с  = 207  частота 0
19.03.2020 10:11:53      Количество символов т  = 347  частота 0
19.03.2020 10:11:53      Количество символов у  = 48  частота 0
19.03.2020 10:11:53      Количество символов ф  = 196  частота 0
19.03.2020 10:11:53      Количество символов х  = 297  частота 0
19.03.2020 10:11:53      Количество символов ц  = 100  частота 0
19.03.2020 10:11:53      Количество символов ч  = 91  частота 0
19.03.2020 10:11:53      Количество символов ш  = 56  частота 0
19.03.2020 10:11:53      Количество символов ы  = 94  частота 0
19.03.2020 10:11:53      Количество символов ь  = 248  частота 0
19.03.2020 10:11:53      Количество символов э  = 1032  частота 0
19.03.2020 10:11:53      Количество символов ю  = 121  частота 0
19.03.2020 10:11:53      Количество символов я  = 184  частота 0
19.03.2020 10:11:53      Количество символов ё  = 356  частота 0
19.03.2020 10:11:53      Количество символов ў  = 32  частота 0
19.03.2020 10:14:09      Количество символов i  = 99  частота 0
19.03.2020 10:14:09      Количество символов а  = 8  частота 0
19.03.2020 10:14:09      Количество символов б  = 196  частота 0
19.03.2020 10:14:09      Количество символов в  = 174  частота 0
19.03.2020 10:14:09      Количество символов г  = 507  частота 0
19.03.2020 10:14:09      Количество символов д  = 164  частота 0
19.03.2020 10:14:09      Количество символов е  = 159  частота 0
19.03.2020 10:14:09      Количество символов ж  = 258  частота 0
19.03.2020 10:14:09      Количество символов з  = 161  частота 0
19.03.2020 10:14:09      Количество символов й  = 174  частота 0
19.03.2020 10:14:09      Количество символов к  = 148  частота 0
19.03.2020 10:14:09      Количество символов л  = 135  частота 0
19.03.2020 10:14:09      Количество символов м  = 200  частота 0
19.03.2020 10:14:09      Количество символов н  = 216  частота 0
19.03.2020 10:14:09      Количество символов о  = 7  частота 0
19.03.2020 10:14:09      Количество символов п  = 64  частота 0
19.03.2020 10:14:09      Количество символов р  = 86  частота 0
19.03.2020 10:14:09      Количество символов с  = 207  частота 0
19.03.2020 10:14:09      Количество символов т  = 347  частота 0
19.03.2020 10:14:09      Количество символов у  = 48  частота 0
19.03.2020 10:14:09      Количество символов ф  = 196  частота 0
19.03.2020 10:14:09      Количество символов х  = 297  частота 0
19.03.2020 10:14:09      Количество символов ц  = 100  частота 0
19.03.2020 10:14:09      Количество символов ч  = 91  частота 0
19.03.2020 10:14:09      Количество символов ш  = 56  частота 0
19.03.2020 10:14:09      Количество символов ы  = 94  частота 0
19.03.2020 10:14:09      Количество символов ь  = 248  частота 0
19.03.2020 10:14:09      Количество символов э  = 1032  частота 0
19.03.2020 10:14:09      Количество символов ю  = 121  частота 0
19.03.2020 10:14:09      Количество символов я  = 184  частота 0
19.03.2020 10:14:09      Количество символов ё  = 356  частота 0
19.03.2020 10:14:09      Количество символов ў  = 32  частота 0
19.03.2020 10:14:25      Количество символов i  = 99  частота 0
19.03.2020 10:14:25      Количество символов а  = 8  частота 0
19.03.2020 10:14:25      Количество символов б  = 196  частота 0
19.03.2020 10:14:25      Количество символов в  = 174  частота 0
19.03.2020 10:14:25      Количество символов г  = 507  частота 0
19.03.2020 10:14:25      Количество символов д  = 164  частота 0
19.03.2020 10:14:25      Количество символов е  = 159  частота 0
19.03.2020 10:14:25      Количество символов ж  = 258  частота 0
19.03.2020 10:14:25      Количество символов з  = 161  частота 0
19.03.2020 10:14:25      Количество символов й  = 174  частота 0
19.03.2020 10:14:25      Количество символов к  = 148  частота 0
19.03.2020 10:14:25      Количество символов л  = 135  частота 0
19.03.2020 10:14:25      Количество символов м  = 200  частота 0
19.03.2020 10:14:25      Количество символов н  = 216  частота 0
19.03.2020 10:14:25      Количество символов о  = 7  частота 0
19.03.2020 10:14:25      Количество символов п  = 64  частота 0
19.03.2020 10:14:25      Количество символов р  = 86  частота 0
19.03.2020 10:14:25      Количество символов с  = 207  частота 0
19.03.2020 10:14:25      Количество символов т  = 347  частота 0
19.03.2020 10:14:25      Количество символов у  = 48  частота 0
19.03.2020 10:14:25      Количество символов ф  = 196  частота 0
19.03.2020 10:14:25      Количество символов х  = 297  частота 0
19.03.2020 10:14:25      Количество символов ц  = 100  частота 0
19.03.2020 10:14:25      Количество символов ч  = 91  частота 0
19.03.2020 10:14:26      Количество символов ш  = 56  частота 0
19.03.2020 10:14:26      Количество символов ы  = 94  частота 0
19.03.2020 10:14:26      Количество символов ь  = 248  частота 0
19.03.2020 10:14:26      Количество символов э  = 1032  частота 0
19.03.2020 10:14:26      Количество символов ю  = 121  частота 0
19.03.2020 10:14:26      Количество символов я  = 184  частота 0
19.03.2020 10:14:26      Количество символов ё  = 356  частота 0
19.03.2020 10:14:26      Количество символов ў  = 32  частота 0
19.03.2020 10:19:09      Количество символов i  = 99  частота 0
19.03.2020 10:19:09      Количество символов а  = 8  частота 0
19.03.2020 10:19:09      Количество символов б  = 196  частота 0
19.03.2020 10:19:09      Количество символов в  = 174  частота 0
19.03.2020 10:19:09      Количество символов г  = 507  частота 0
19.03.2020 10:19:09      Количество символов д  = 164  частота 0
19.03.2020 10:19:09      Количество символов е  = 159  частота 0
19.03.2020 10:19:09      Количество символов ж  = 258  частота 0
19.03.2020 10:19:09      Количество символов з  = 161  частота 0
19.03.2020 10:19:09      Количество символов й  = 174  частота 0
19.03.2020 10:19:09      Количество символов к  = 148  частота 0
19.03.2020 10:19:09      Количество символов л  = 135  частота 0
19.03.2020 10:19:09      Количество символов м  = 200  частота 0
19.03.2020 10:19:09      Количество символов н  = 216  частота 0
19.03.2020 10:19:09      Количество символов о  = 7  частота 0
19.03.2020 10:19:09      Количество символов п  = 64  частота 0
19.03.2020 10:19:09      Количество символов р  = 86  частота 0
19.03.2020 10:19:09      Количество символов с  = 207  частота 0
19.03.2020 10:19:09      Количество символов т  = 347  частота 0
19.03.2020 10:19:09      Количество символов у  = 48  частота 0
19.03.2020 10:19:09      Количество символов ф  = 196  частота 0
19.03.2020 10:19:09      Количество символов х  = 297  частота 0
19.03.2020 10:19:09      Количество символов ц  = 100  частота 0
19.03.2020 10:19:09      Количество символов ч  = 91  частота 0
19.03.2020 10:19:09      Количество символов ш  = 56  частота 0
19.03.2020 10:19:09      Количество символов ы  = 94  частота 0
19.03.2020 10:19:09      Количество символов ь  = 248  частота 0
19.03.2020 10:19:09      Количество символов э  = 1032  частота 0
19.03.2020 10:19:10      Количество символов ю  = 121  частота 0
19.03.2020 10:19:10      Количество символов я  = 184  частота 0
19.03.2020 10:19:10      Количество символов ё  = 356  частота 0
19.03.2020 10:19:10      Количество символов ў  = 32  частота 0
19.03.2020 10:19:46      Количество символов i  = 99  частота 0
19.03.2020 10:19:46      Количество символов а  = 8  частота 0
19.03.2020 10:19:46      Количество символов б  = 196  частота 0
19.03.2020 10:19:46      Количество символов в  = 174  частота 0
19.03.2020 10:19:46      Количество символов г  = 507  частота 0
19.03.2020 10:19:46      Количество символов д  = 164  частота 0
19.03.2020 10:19:46      Количество символов е  = 159  частота 0
19.03.2020 10:19:46      Количество символов ж  = 258  частота 0
19.03.2020 10:19:46      Количество символов з  = 161  частота 0
19.03.2020 10:19:46      Количество символов й  = 174  частота 0
19.03.2020 10:19:46      Количество символов к  = 148  частота 0
19.03.2020 10:19:46      Количество символов л  = 135  частота 0
19.03.2020 10:19:46      Количество символов м  = 200  частота 0
19.03.2020 10:19:46      Количество символов н  = 216  частота 0
19.03.2020 10:19:46      Количество символов о  = 7  частота 0
19.03.2020 10:19:46      Количество символов п  = 64  частота 0
19.03.2020 10:19:46      Количество символов р  = 86  частота 0
19.03.2020 10:19:46      Количество символов с  = 207  частота 0
19.03.2020 10:19:46      Количество символов т  = 347  частота 0
19.03.2020 10:19:46      Количество символов у  = 48  частота 0
19.03.2020 10:19:46      Количество символов ф  = 196  частота 0
19.03.2020 10:19:46      Количество символов х  = 297  частота 0
19.03.2020 10:19:46      Количество символов ц  = 100  частота 0
19.03.2020 10:19:46      Количество символов ч  = 91  частота 0
19.03.2020 10:19:46      Количество символов ш  = 56  частота 0
19.03.2020 10:19:46      Количество символов ы  = 94  частота 0
19.03.2020 10:19:46      Количество символов ь  = 248  частота 0
19.03.2020 10:19:46      Количество символов э  = 1032  частота 0
19.03.2020 10:19:46      Количество символов ю  = 121  частота 0
19.03.2020 10:19:46      Количество символов я  = 184  частота 0
19.03.2020 10:19:46      Количество символов ё  = 356  частота 0
19.03.2020 10:19:46      Количество символов ў  = 32  частота 0
19.03.2020 10:19:50      Количество символов i  = 99  частота 0
19.03.2020 10:19:50      Количество символов а  = 8  частота 0
19.03.2020 10:19:50      Количество символов б  = 196  частота 0
19.03.2020 10:19:50      Количество символов в  = 174  частота 0
19.03.2020 10:19:50      Количество символов г  = 507  частота 0
19.03.2020 10:19:50      Количество символов д  = 164  частота 0
19.03.2020 10:19:50      Количество символов е  = 159  частота 0
19.03.2020 10:19:50      Количество символов ж  = 258  частота 0
19.03.2020 10:19:50      Количество символов з  = 161  частота 0
19.03.2020 10:19:50      Количество символов й  = 174  частота 0
19.03.2020 10:19:50      Количество символов к  = 148  частота 0
19.03.2020 10:19:50      Количество символов л  = 135  частота 0
19.03.2020 10:19:50      Количество символов м  = 200  частота 0
19.03.2020 10:19:50      Количество символов н  = 216  частота 0
19.03.2020 10:19:50      Количество символов о  = 7  частота 0
19.03.2020 10:19:50      Количество символов п  = 64  частота 0
19.03.2020 10:19:50      Количество символов р  = 86  частота 0
19.03.2020 10:19:50      Количество символов с  = 207  частота 0
19.03.2020 10:19:50      Количество символов т  = 347  частота 0
19.03.2020 10:19:50      Количество символов у  = 48  частота 0
19.03.2020 10:19:50      Количество символов ф  = 196  частота 0
19.03.2020 10:19:50      Количество символов х  = 297  частота 0
19.03.2020 10:19:50      Количество символов ц  = 100  частота 0
19.03.2020 10:19:50      Количество символов ч  = 91  частота 0
19.03.2020 10:19:50      Количество символов ш  = 56  частота 0
19.03.2020 10:19:50      Количество символов ы  = 94  частота 0
19.03.2020 10:19:50      Количество символов ь  = 248  частота 0
19.03.2020 10:19:50      Количество символов э  = 1032  частота 0
19.03.2020 10:19:50      Количество символов ю  = 121  частота 0
19.03.2020 10:19:50      Количество символов я  = 184  частота 0
19.03.2020 10:19:50      Количество символов ё  = 356  частота 0
19.03.2020 10:19:50      Количество символов ў  = 32  частота 0
19.03.2020 10:23:45      Количество символов i  = 99  частота 0
19.03.2020 10:23:45      Количество символов а  = 8  частота 0
19.03.2020 10:23:45      Количество символов б  = 196  частота 0
19.03.2020 10:23:45      Количество символов в  = 174  частота 0
19.03.2020 10:23:45      Количество символов г  = 507  частота 0
19.03.2020 10:23:45      Количество символов д  = 164  частота 0
19.03.2020 10:23:45      Количество символов е  = 159  частота 0
19.03.2020 10:23:45      Количество символов ж  = 258  частота 0
19.03.2020 10:23:45      Количество символов з  = 161  частота 0
19.03.2020 10:23:45      Количество символов й  = 174  частота 0
19.03.2020 10:23:45      Количество символов к  = 148  частота 0
19.03.2020 10:23:45      Количество символов л  = 135  частота 0
19.03.2020 10:23:45      Количество символов м  = 200  частота 0
19.03.2020 10:23:45      Количество символов н  = 216  частота 0
19.03.2020 10:23:45      Количество символов о  = 7  частота 0
19.03.2020 10:23:45      Количество символов п  = 64  частота 0
19.03.2020 10:23:45      Количество символов р  = 86  частота 0
19.03.2020 10:23:45      Количество символов с  = 207  частота 0
19.03.2020 10:23:45      Количество символов т  = 347  частота 0
19.03.2020 10:23:45      Количество символов у  = 48  частота 0
19.03.2020 10:23:45      Количество символов ф  = 196  частота 0
19.03.2020 10:23:45      Количество символов х  = 297  частота 0
19.03.2020 10:23:45      Количество символов ц  = 100  частота 0
19.03.2020 10:23:45      Количество символов ч  = 91  частота 0
19.03.2020 10:23:45      Количество символов ш  = 56  частота 0
19.03.2020 10:23:45      Количество символов ы  = 94  частота 0
19.03.2020 10:23:45      Количество символов ь  = 248  частота 0
19.03.2020 10:23:45      Количество символов э  = 1032  частота 0
19.03.2020 10:23:45      Количество символов ю  = 121  частота 0
19.03.2020 10:23:45      Количество символов я  = 184  частота 0
19.03.2020 10:23:45      Количество символов ё  = 356  частота 0
19.03.2020 10:23:45      Количество символов ў  = 32  частота 0
19.03.2020 10:25:56      Количество символов i  = 99  частота 0
19.03.2020 10:25:56      Количество символов а  = 8  частота 0
19.03.2020 10:25:56      Количество символов б  = 196  частота 0
19.03.2020 10:25:56      Количество символов в  = 174  частота 0
19.03.2020 10:25:56      Количество символов г  = 507  частота 0
19.03.2020 10:25:56      Количество символов д  = 164  частота 0
19.03.2020 10:25:56      Количество символов е  = 159  частота 0
19.03.2020 10:25:56      Количество символов ж  = 258  частота 0
19.03.2020 10:25:56      Количество символов з  = 161  частота 0
19.03.2020 10:25:56      Количество символов й  = 174  частота 0
19.03.2020 10:25:56      Количество символов к  = 148  частота 0
19.03.2020 10:25:56      Количество символов л  = 135  частота 0
19.03.2020 10:25:56      Количество символов м  = 200  частота 0
19.03.2020 10:25:56      Количество символов н  = 216  частота 0
19.03.2020 10:25:56      Количество символов о  = 7  частота 0
19.03.2020 10:25:56      Количество символов п  = 64  частота 0
19.03.2020 10:25:56      Количество символов р  = 86  частота 0
19.03.2020 10:25:56      Количество символов с  = 207  частота 0
19.03.2020 10:25:56      Количество символов т  = 347  частота 0
19.03.2020 10:25:56      Количество символов у  = 48  частота 0
19.03.2020 10:25:56      Количество символов ф  = 196  частота 0
19.03.2020 10:25:56      Количество символов х  = 297  частота 0
19.03.2020 10:25:56      Количество символов ц  = 100  частота 0
19.03.2020 10:25:56      Количество символов ч  = 91  частота 0
19.03.2020 10:25:57      Количество символов ш  = 56  частота 0
19.03.2020 10:25:57      Количество символов ы  = 94  частота 0
19.03.2020 10:25:57      Количество символов ь  = 248  частота 0
19.03.2020 10:25:57      Количество символов э  = 1032  частота 0
19.03.2020 10:25:57      Количество символов ю  = 121  частота 0
19.03.2020 10:25:57      Количество символов я  = 184  частота 0
19.03.2020 10:25:57      Количество символов ё  = 356  частота 0
19.03.2020 10:25:57      Количество символов ў  = 32  частота 0
19.03.2020 10:26:26      Количество символов i  = 99  частота 0
19.03.2020 10:26:26      Количество символов а  = 8  частота 0
19.03.2020 10:26:26      Количество символов б  = 196  частота 0
19.03.2020 10:26:26      Количество символов в  = 174  частота 0
19.03.2020 10:26:26      Количество символов г  = 507  частота 0
19.03.2020 10:26:26      Количество символов д  = 164  частота 0
19.03.2020 10:26:26      Количество символов е  = 159  частота 0
19.03.2020 10:26:26      Количество символов ж  = 258  частота 0
19.03.2020 10:26:26      Количество символов з  = 161  частота 0
19.03.2020 10:26:26      Количество символов й  = 174  частота 0
19.03.2020 10:26:26      Количество символов к  = 148  частота 0
19.03.2020 10:26:26      Количество символов л  = 135  частота 0
19.03.2020 10:26:26      Количество символов м  = 200  частота 0
19.03.2020 10:26:26      Количество символов н  = 216  частота 0
19.03.2020 10:26:26      Количество символов о  = 7  частота 0
19.03.2020 10:26:26      Количество символов п  = 64  частота 0
19.03.2020 10:26:26      Количество символов р  = 86  частота 0
19.03.2020 10:26:26      Количество символов с  = 207  частота 0
19.03.2020 10:26:26      Количество символов т  = 347  частота 0
19.03.2020 10:26:26      Количество символов у  = 48  частота 0
19.03.2020 10:26:26      Количество символов ф  = 196  частота 0
19.03.2020 10:26:26      Количество символов х  = 297  частота 0
19.03.2020 10:26:26      Количество символов ц  = 100  частота 0
19.03.2020 10:26:26      Количество символов ч  = 91  частота 0
19.03.2020 10:26:26      Количество символов ш  = 56  частота 0
19.03.2020 10:26:26      Количество символов ы  = 94  частота 0
19.03.2020 10:26:26      Количество символов ь  = 248  частота 0
19.03.2020 10:26:26      Количество символов э  = 1032  частота 0
19.03.2020 10:26:26      Количество символов ю  = 121  частота 0
19.03.2020 10:26:26      Количество символов я  = 184  частота 0
19.03.2020 10:26:26      Количество символов ё  = 356  частота 0
19.03.2020 10:26:26      Количество символов ў  = 32  частота 0
19.03.2020 10:28:05      Количество символов i  = 99  частота 0
19.03.2020 10:28:05      Количество символов а  = 8  частота 0
19.03.2020 10:28:05      Количество символов б  = 196  частота 0
19.03.2020 10:28:05      Количество символов в  = 174  частота 0
19.03.2020 10:28:05      Количество символов г  = 507  частота 0
19.03.2020 10:28:05      Количество символов д  = 164  частота 0
19.03.2020 10:28:05      Количество символов е  = 159  частота 0
19.03.2020 10:28:05      Количество символов ж  = 258  частота 0
19.03.2020 10:28:05      Количество символов з  = 161  частота 0
19.03.2020 10:28:05      Количество символов й  = 174  частота 0
19.03.2020 10:28:05      Количество символов к  = 148  частота 0
19.03.2020 10:28:05      Количество символов л  = 135  частота 0
19.03.2020 10:28:05      Количество символов м  = 200  частота 0
19.03.2020 10:28:05      Количество символов н  = 216  частота 0
19.03.2020 10:28:05      Количество символов о  = 7  частота 0
19.03.2020 10:28:05      Количество символов п  = 64  частота 0
19.03.2020 10:28:05      Количество символов р  = 86  частота 0
19.03.2020 10:28:05      Количество символов с  = 207  частота 0
19.03.2020 10:28:05      Количество символов т  = 347  частота 0
19.03.2020 10:28:05      Количество символов у  = 48  частота 0
19.03.2020 10:28:05      Количество символов ф  = 196  частота 0
19.03.2020 10:28:05      Количество символов х  = 297  частота 0
19.03.2020 10:28:05      Количество символов ц  = 100  частота 0
19.03.2020 10:28:05      Количество символов ч  = 91  частота 0
19.03.2020 10:28:05      Количество символов ш  = 56  частота 0
19.03.2020 10:28:05      Количество символов ы  = 94  частота 0
19.03.2020 10:28:05      Количество символов ь  = 248  частота 0
19.03.2020 10:28:06      Количество символов э  = 1032  частота 0
19.03.2020 10:28:06      Количество символов ю  = 121  частота 0
19.03.2020 10:28:06      Количество символов я  = 184  частота 0
19.03.2020 10:28:06      Количество символов ё  = 356  частота 0
19.03.2020 10:28:06      Количество символов ў  = 32  частота 0
19.03.2020 10:30:28      Количество символов i  = 99  частота 0
19.03.2020 10:30:28      Количество символов а  = 8  частота 0
19.03.2020 10:30:28      Количество символов б  = 196  частота 0
19.03.2020 10:30:28      Количество символов в  = 174  частота 0
19.03.2020 10:30:28      Количество символов г  = 507  частота 0
19.03.2020 10:30:28      Количество символов д  = 164  частота 0
19.03.2020 10:30:28      Количество символов е  = 159  частота 0
19.03.2020 10:30:28      Количество символов ж  = 258  частота 0
19.03.2020 10:30:28      Количество символов з  = 161  частота 0
19.03.2020 10:30:28      Количество символов й  = 174  частота 0
19.03.2020 10:30:28      Количество символов к  = 148  частота 0
19.03.2020 10:30:28      Количество символов л  = 135  частота 0
19.03.2020 10:30:28      Количество символов м  = 200  частота 0
19.03.2020 10:30:28      Количество символов н  = 216  частота 0
19.03.2020 10:30:28      Количество символов о  = 7  частота 0
19.03.2020 10:30:28      Количество символов п  = 64  частота 0
19.03.2020 10:30:28      Количество символов р  = 86  частота 0
19.03.2020 10:30:28      Количество символов с  = 207  частота 0
19.03.2020 10:30:28      Количество символов т  = 347  частота 0
19.03.2020 10:30:28      Количество символов у  = 48  частота 0
19.03.2020 10:30:28      Количество символов ф  = 196  частота 0
19.03.2020 10:30:28      Количество символов х  = 297  частота 0
19.03.2020 10:30:28      Количество символов ц  = 100  частота 0
19.03.2020 10:30:28      Количество символов ч  = 91  частота 0
19.03.2020 10:30:28      Количество символов ш  = 56  частота 0
19.03.2020 10:30:28      Количество символов ы  = 94  частота 0
19.03.2020 10:30:28      Количество символов ь  = 248  частота 0
19.03.2020 10:30:28      Количество символов э  = 1032  частота 0
19.03.2020 10:30:28      Количество символов ю  = 121  частота 0
19.03.2020 10:30:28      Количество символов я  = 184  частота 0
19.03.2020 10:30:28      Количество символов ё  = 356  частота 0
19.03.2020 10:30:28      Количество символов ў  = 32  частота 0
19.03.2020 10:32:40      Количество символов i  = 99  частота 0
19.03.2020 10:32:40      Количество символов а  = 8  частота 0
19.03.2020 10:32:40      Количество символов б  = 196  частота 0
19.03.2020 10:32:40      Количество символов в  = 174  частота 0
19.03.2020 10:32:40      Количество символов г  = 507  частота 0
19.03.2020 10:32:40      Количество символов д  = 164  частота 0
19.03.2020 10:32:40      Количество символов е  = 159  частота 0
19.03.2020 10:32:40      Количество символов ж  = 258  частота 0
19.03.2020 10:32:40      Количество символов з  = 161  частота 0
19.03.2020 10:32:40      Количество символов й  = 174  частота 0
19.03.2020 10:32:40      Количество символов к  = 148  частота 0
19.03.2020 10:32:40      Количество символов л  = 135  частота 0
19.03.2020 10:32:40      Количество символов м  = 200  частота 0
19.03.2020 10:32:40      Количество символов н  = 216  частота 0
19.03.2020 10:32:40      Количество символов о  = 7  частота 0
19.03.2020 10:32:40      Количество символов п  = 64  частота 0
19.03.2020 10:32:40      Количество символов р  = 86  частота 0
19.03.2020 10:32:40      Количество символов с  = 207  частота 0
19.03.2020 10:32:40      Количество символов т  = 347  частота 0
19.03.2020 10:32:40      Количество символов у  = 48  частота 0
19.03.2020 10:32:40      Количество символов ф  = 196  частота 0
19.03.2020 10:32:40      Количество символов х  = 297  частота 0
19.03.2020 10:32:40      Количество символов ц  = 100  частота 0
19.03.2020 10:32:40      Количество символов ч  = 91  частота 0
19.03.2020 10:32:40      Количество символов ш  = 56  частота 0
19.03.2020 10:32:40      Количество символов ы  = 94  частота 0
19.03.2020 10:32:40      Количество символов ь  = 248  частота 0
19.03.2020 10:32:40      Количество символов э  = 1032  частота 0
19.03.2020 10:32:40      Количество символов ю  = 121  частота 0
19.03.2020 10:32:40      Количество символов я  = 184  частота 0
19.03.2020 10:32:40      Количество символов ё  = 356  частота 0
19.03.2020 10:32:40      Количество символов ў  = 32  частота 0
19.03.2020 10:33:42      Количество символов i  = 99  частота 0
19.03.2020 10:33:42      Количество символов а  = 8  частота 0
19.03.2020 10:33:42      Количество символов б  = 196  частота 0
19.03.2020 10:33:42      Количество символов в  = 174  частота 0
19.03.2020 10:33:42      Количество символов г  = 507  частота 0
19.03.2020 10:33:42      Количество символов д  = 164  частота 0
19.03.2020 10:33:42      Количество символов е  = 159  частота 0
19.03.2020 10:33:42      Количество символов ж  = 258  частота 0
19.03.2020 10:33:42      Количество символов з  = 161  частота 0
19.03.2020 10:33:42      Количество символов й  = 174  частота 0
19.03.2020 10:33:42      Количество символов к  = 148  частота 0
19.03.2020 10:33:42      Количество символов л  = 135  частота 0
19.03.2020 10:33:42      Количество символов м  = 200  частота 0
19.03.2020 10:33:42      Количество символов н  = 216  частота 0
19.03.2020 10:33:42      Количество символов о  = 7  частота 0
19.03.2020 10:33:42      Количество символов п  = 64  частота 0
19.03.2020 10:33:42      Количество символов р  = 86  частота 0
19.03.2020 10:33:42      Количество символов с  = 207  частота 0
19.03.2020 10:33:42      Количество символов т  = 347  частота 0
19.03.2020 10:33:42      Количество символов у  = 48  частота 0
19.03.2020 10:33:42      Количество символов ф  = 196  частота 0
19.03.2020 10:33:42      Количество символов х  = 297  частота 0
19.03.2020 10:33:42      Количество символов ц  = 100  частота 0
19.03.2020 10:33:42      Количество символов ч  = 91  частота 0
19.03.2020 10:33:42      Количество символов ш  = 56  частота 0
19.03.2020 10:33:42      Количество символов ы  = 94  частота 0
19.03.2020 10:33:42      Количество символов ь  = 248  частота 0
19.03.2020 10:33:42      Количество символов э  = 1032  частота 0
19.03.2020 10:33:42      Количество символов ю  = 121  частота 0
19.03.2020 10:33:42      Количество символов я  = 184  частота 0
19.03.2020 10:33:42      Количество символов ё  = 356  частота 0
19.03.2020 10:33:42      Количество символов ў  = 32  частота 0
19.03.2020 10:35:00      Количество символов i  = 99  частота 0
19.03.2020 10:35:00      Количество символов а  = 8  частота 0
19.03.2020 10:35:00      Количество символов б  = 196  частота 0
19.03.2020 10:35:00      Количество символов в  = 174  частота 0
19.03.2020 10:35:00      Количество символов г  = 507  частота 0
19.03.2020 10:35:00      Количество символов д  = 164  частота 0
19.03.2020 10:35:00      Количество символов е  = 159  частота 0
19.03.2020 10:35:00      Количество символов ж  = 258  частота 0
19.03.2020 10:35:00      Количество символов з  = 161  частота 0
19.03.2020 10:35:00      Количество символов й  = 174  частота 0
19.03.2020 10:35:00      Количество символов к  = 148  частота 0
19.03.2020 10:35:00      Количество символов л  = 135  частота 0
19.03.2020 10:35:00      Количество символов м  = 200  частота 0
19.03.2020 10:35:00      Количество символов н  = 216  частота 0
19.03.2020 10:35:00      Количество символов о  = 7  частота 0
19.03.2020 10:35:00      Количество символов п  = 64  частота 0
19.03.2020 10:35:00      Количество символов р  = 86  частота 0
19.03.2020 10:35:00      Количество символов с  = 207  частота 0
19.03.2020 10:35:00      Количество символов т  = 347  частота 0
19.03.2020 10:35:00      Количество символов у  = 48  частота 0
19.03.2020 10:35:00      Количество символов ф  = 196  частота 0
19.03.2020 10:35:00      Количество символов х  = 297  частота 0
19.03.2020 10:35:00      Количество символов ц  = 100  частота 0
19.03.2020 10:35:00      Количество символов ч  = 91  частота 0
19.03.2020 10:35:00      Количество символов ш  = 56  частота 0
19.03.2020 10:35:00      Количество символов ы  = 94  частота 0
19.03.2020 10:35:00      Количество символов ь  = 248  частота 0
19.03.2020 10:35:00      Количество символов э  = 1032  частота 0
19.03.2020 10:35:00      Количество символов ю  = 121  частота 0
19.03.2020 10:35:00      Количество символов я  = 184  частота 0
19.03.2020 10:35:00      Количество символов ё  = 356  частота 0
19.03.2020 10:35:00      Количество символов ў  = 32  частота 0
19.03.2020 10:36:02      Количество символов i  = 99  частота 0
19.03.2020 10:36:02      Количество символов а  = 8  частота 0
19.03.2020 10:36:03      Количество символов б  = 196  частота 0
19.03.2020 10:36:03      Количество символов в  = 174  частота 0
19.03.2020 10:36:03      Количество символов г  = 507  частота 0
19.03.2020 10:36:03      Количество символов д  = 164  частота 0
19.03.2020 10:36:03      Количество символов е  = 159  частота 0
19.03.2020 10:36:03      Количество символов ж  = 258  частота 0
19.03.2020 10:36:03      Количество символов з  = 161  частота 0
19.03.2020 10:36:03      Количество символов й  = 174  частота 0
19.03.2020 10:36:03      Количество символов к  = 148  частота 0
19.03.2020 10:36:03      Количество символов л  = 135  частота 0
19.03.2020 10:36:03      Количество символов м  = 200  частота 0
19.03.2020 10:36:03      Количество символов н  = 216  частота 0
19.03.2020 10:36:03      Количество символов о  = 7  частота 0
19.03.2020 10:36:03      Количество символов п  = 64  частота 0
19.03.2020 10:36:03      Количество символов р  = 86  частота 0
19.03.2020 10:36:03      Количество символов с  = 207  частота 0
19.03.2020 10:36:03      Количество символов т  = 347  частота 0
19.03.2020 10:36:03      Количество символов у  = 48  частота 0
19.03.2020 10:36:03      Количество символов ф  = 196  частота 0
19.03.2020 10:36:03      Количество символов х  = 297  частота 0
19.03.2020 10:36:03      Количество символов ц  = 100  частота 0
19.03.2020 10:36:03      Количество символов ч  = 91  частота 0
19.03.2020 10:36:03      Количество символов ш  = 56  частота 0
19.03.2020 10:36:03      Количество символов ы  = 94  частота 0
19.03.2020 10:36:03      Количество символов ь  = 248  частота 0
19.03.2020 10:36:03      Количество символов э  = 1032  частота 0
19.03.2020 10:36:03      Количество символов ю  = 121  частота 0
19.03.2020 10:36:03      Количество символов я  = 184  частота 0
19.03.2020 10:36:03      Количество символов ё  = 356  частота 0
19.03.2020 10:36:03      Количество символов ў  = 32  частота 0
19.03.2020 10:36:39      Количество символов i  = 99  частота 0
19.03.2020 10:36:39      Количество символов а  = 8  частота 0
19.03.2020 10:36:39      Количество символов б  = 196  частота 0
19.03.2020 10:36:39      Количество символов в  = 174  частота 0
19.03.2020 10:36:39      Количество символов г  = 507  частота 0
19.03.2020 10:36:39      Количество символов д  = 164  частота 0
19.03.2020 10:36:39      Количество символов е  = 159  частота 0
19.03.2020 10:36:39      Количество символов ж  = 258  частота 0
19.03.2020 10:36:39      Количество символов з  = 161  частота 0
19.03.2020 10:36:39      Количество символов й  = 174  частота 0
19.03.2020 10:36:39      Количество символов к  = 148  частота 0
19.03.2020 10:36:39      Количество символов л  = 135  частота 0
19.03.2020 10:36:39      Количество символов м  = 200  частота 0
19.03.2020 10:36:39      Количество символов н  = 216  частота 0
19.03.2020 10:36:39      Количество символов о  = 7  частота 0
19.03.2020 10:36:39      Количество символов п  = 64  частота 0
19.03.2020 10:36:39      Количество символов р  = 86  частота 0
19.03.2020 10:36:39      Количество символов с  = 207  частота 0
19.03.2020 10:36:39      Количество символов т  = 347  частота 0
19.03.2020 10:36:39      Количество символов у  = 48  частота 0
19.03.2020 10:36:39      Количество символов ф  = 196  частота 0
19.03.2020 10:36:39      Количество символов х  = 297  частота 0
19.03.2020 10:36:39      Количество символов ц  = 100  частота 0
19.03.2020 10:36:39      Количество символов ч  = 91  частота 0
19.03.2020 10:36:39      Количество символов ш  = 56  частота 0
19.03.2020 10:36:39      Количество символов ы  = 94  частота 0
19.03.2020 10:36:39      Количество символов ь  = 248  частота 0
19.03.2020 10:36:39      Количество символов э  = 1032  частота 0
19.03.2020 10:36:39      Количество символов ю  = 121  частота 0
19.03.2020 10:36:39      Количество символов я  = 184  частота 0
19.03.2020 10:36:39      Количество символов ё  = 356  частота 0
19.03.2020 10:36:39      Количество символов ў  = 32  частота 0
19.03.2020 10:39:56      Количество символов i  = 99  частота 0
19.03.2020 10:39:56      Количество символов а  = 8  частота 0
19.03.2020 10:39:56      Количество символов б  = 196  частота 0
19.03.2020 10:39:56      Количество символов в  = 174  частота 0
19.03.2020 10:39:56      Количество символов г  = 507  частота 0
19.03.2020 10:39:56      Количество символов д  = 164  частота 0
19.03.2020 10:39:56      Количество символов е  = 159  частота 0
19.03.2020 10:39:56      Количество символов ж  = 258  частота 0
19.03.2020 10:39:56      Количество символов з  = 161  частота 0
19.03.2020 10:39:56      Количество символов й  = 174  частота 0
19.03.2020 10:39:56      Количество символов к  = 148  частота 0
19.03.2020 10:39:56      Количество символов л  = 135  частота 0
19.03.2020 10:39:56      Количество символов м  = 200  частота 0
19.03.2020 10:39:56      Количество символов н  = 216  частота 0
19.03.2020 10:39:56      Количество символов о  = 7  частота 0
19.03.2020 10:39:56      Количество символов п  = 64  частота 0
19.03.2020 10:39:56      Количество символов р  = 86  частота 0
19.03.2020 10:39:56      Количество символов с  = 207  частота 0
19.03.2020 10:39:56      Количество символов т  = 347  частота 0
19.03.2020 10:39:56      Количество символов у  = 48  частота 0
19.03.2020 10:39:56      Количество символов ф  = 196  частота 0
19.03.2020 10:39:56      Количество символов х  = 297  частота 0
19.03.2020 10:39:56      Количество символов ц  = 100  частота 0
19.03.2020 10:39:56      Количество символов ч  = 91  частота 0
19.03.2020 10:39:56      Количество символов ш  = 56  частота 0
19.03.2020 10:39:56      Количество символов ы  = 94  частота 0
19.03.2020 10:39:56      Количество символов ь  = 248  частота 0
19.03.2020 10:39:56      Количество символов э  = 1032  частота 0
19.03.2020 10:39:56      Количество символов ю  = 121  частота 0
19.03.2020 10:39:56      Количество символов я  = 184  частота 0
19.03.2020 10:39:56      Количество символов ё  = 356  частота 0
19.03.2020 10:39:56      Количество символов ў  = 32  частота 0
19.03.2020 10:40:40      Количество символов i  = 99  частота 0
19.03.2020 10:40:40      Количество символов а  = 8  частота 0
19.03.2020 10:40:40      Количество символов б  = 196  частота 0
19.03.2020 10:40:40      Количество символов в  = 174  частота 0
19.03.2020 10:40:40      Количество символов г  = 507  частота 0
19.03.2020 10:40:40      Количество символов д  = 164  частота 0
19.03.2020 10:40:40      Количество символов е  = 159  частота 0
19.03.2020 10:40:40      Количество символов ж  = 258  частота 0
19.03.2020 10:40:40      Количество символов з  = 161  частота 0
19.03.2020 10:40:40      Количество символов й  = 174  частота 0
19.03.2020 10:40:40      Количество символов к  = 148  частота 0
19.03.2020 10:40:40      Количество символов л  = 135  частота 0
19.03.2020 10:40:40      Количество символов м  = 200  частота 0
19.03.2020 10:40:40      Количество символов н  = 216  частота 0
19.03.2020 10:40:40      Количество символов о  = 7  частота 0
19.03.2020 10:40:40      Количество символов п  = 64  частота 0
19.03.2020 10:40:40      Количество символов р  = 86  частота 0
19.03.2020 10:40:40      Количество символов с  = 207  частота 0
19.03.2020 10:40:40      Количество символов т  = 347  частота 0
19.03.2020 10:40:40      Количество символов у  = 48  частота 0
19.03.2020 10:40:40      Количество символов ф  = 196  частота 0
19.03.2020 10:40:40      Количество символов х  = 297  частота 0
19.03.2020 10:40:40      Количество символов ц  = 100  частота 0
19.03.2020 10:40:40      Количество символов ч  = 91  частота 0
19.03.2020 10:40:40      Количество символов ш  = 56  частота 0
19.03.2020 10:40:40      Количество символов ы  = 94  частота 0
19.03.2020 10:40:40      Количество символов ь  = 248  частота 0
19.03.2020 10:40:40      Количество символов э  = 1032  частота 0
19.03.2020 10:40:40      Количество символов ю  = 121  частота 0
19.03.2020 10:40:40      Количество символов я  = 184  частота 0
19.03.2020 10:40:40      Количество символов ё  = 356  частота 0
19.03.2020 10:40:40      Количество символов ў  = 32  частота 0
19.03.2020 10:41:04      Количество символов i  = 99  частота 0
19.03.2020 10:41:04      Количество символов а  = 8  частота 0
19.03.2020 10:41:04      Количество символов б  = 196  частота 0
19.03.2020 10:41:04      Количество символов в  = 174  частота 0
19.03.2020 10:41:04      Количество символов г  = 507  частота 0
19.03.2020 10:41:04      Количество символов д  = 164  частота 0
19.03.2020 10:41:04      Количество символов е  = 159  частота 0
19.03.2020 10:41:04      Количество символов ж  = 258  частота 0
19.03.2020 10:41:04      Количество символов з  = 161  частота 0
19.03.2020 10:41:04      Количество символов й  = 174  частота 0
19.03.2020 10:41:04      Количество символов к  = 148  частота 0
19.03.2020 10:41:04      Количество символов л  = 135  частота 0
19.03.2020 10:41:04      Количество символов м  = 200  частота 0
19.03.2020 10:41:04      Количество символов н  = 216  частота 0
19.03.2020 10:41:04      Количество символов о  = 7  частота 0
19.03.2020 10:41:04      Количество символов п  = 64  частота 0
19.03.2020 10:41:04      Количество символов р  = 86  частота 0
19.03.2020 10:41:04      Количество символов с  = 207  частота 0
19.03.2020 10:41:04      Количество символов т  = 347  частота 0
19.03.2020 10:41:04      Количество символов у  = 48  частота 0
19.03.2020 10:41:04      Количество символов ф  = 196  частота 0
19.03.2020 10:41:04      Количество символов х  = 297  частота 0
19.03.2020 10:41:04      Количество символов ц  = 100  частота 0
19.03.2020 10:41:04      Количество символов ч  = 91  частота 0
19.03.2020 10:41:04      Количество символов ш  = 56  частота 0
19.03.2020 10:41:04      Количество символов ы  = 94  частота 0
19.03.2020 10:41:04      Количество символов ь  = 248  частота 0
19.03.2020 10:41:04      Количество символов э  = 1032  частота 0
19.03.2020 10:41:04      Количество символов ю  = 121  частота 0
19.03.2020 10:41:04      Количество символов я  = 184  частота 0
19.03.2020 10:41:04      Количество символов ё  = 356  частота 0
19.03.2020 10:41:04      Количество символов ў  = 32  частота 0
19.03.2020 10:44:24      Количество символов i  = 99  частота 0
19.03.2020 10:44:24      Количество символов а  = 8  частота 0
19.03.2020 10:44:24      Количество символов б  = 196  частота 0
19.03.2020 10:44:24      Количество символов в  = 174  частота 0
19.03.2020 10:44:24      Количество символов г  = 507  частота 0
19.03.2020 10:44:24      Количество символов д  = 164  частота 0
19.03.2020 10:44:24      Количество символов е  = 159  частота 0
19.03.2020 10:44:24      Количество символов ж  = 258  частота 0
19.03.2020 10:44:24      Количество символов з  = 161  частота 0
19.03.2020 10:44:24      Количество символов й  = 174  частота 0
19.03.2020 10:44:24      Количество символов к  = 148  частота 0
19.03.2020 10:44:24      Количество символов л  = 135  частота 0
19.03.2020 10:44:24      Количество символов м  = 200  частота 0
19.03.2020 10:44:24      Количество символов н  = 216  частота 0
19.03.2020 10:44:24      Количество символов о  = 7  частота 0
19.03.2020 10:44:24      Количество символов п  = 64  частота 0
19.03.2020 10:44:24      Количество символов р  = 86  частота 0
19.03.2020 10:44:24      Количество символов с  = 207  частота 0
19.03.2020 10:44:24      Количество символов т  = 347  частота 0
19.03.2020 10:44:24      Количество символов у  = 48  частота 0
19.03.2020 10:44:24      Количество символов ф  = 196  частота 0
19.03.2020 10:44:24      Количество символов х  = 297  частота 0
19.03.2020 10:44:24      Количество символов ц  = 100  частота 0
19.03.2020 10:44:24      Количество символов ч  = 91  частота 0
19.03.2020 10:44:24      Количество символов ш  = 56  частота 0
19.03.2020 10:44:24      Количество символов ы  = 94  частота 0
19.03.2020 10:44:24      Количество символов ь  = 248  частота 0
19.03.2020 10:44:24      Количество символов э  = 1032  частота 0
19.03.2020 10:44:24      Количество символов ю  = 121  частота 0
19.03.2020 10:44:24      Количество символов я  = 184  частота 0
19.03.2020 10:44:24      Количество символов ё  = 356  частота 0
19.03.2020 10:44:24      Количество символов ў  = 32  частота 0
19.03.2020 10:44:50      Количество символов i  = 99  частота 0
19.03.2020 10:44:50      Количество символов а  = 8  частота 0
19.03.2020 10:44:50      Количество символов б  = 196  частота 0
19.03.2020 10:44:50      Количество символов в  = 174  частота 0
19.03.2020 10:44:50      Количество символов г  = 507  частота 0
19.03.2020 10:44:50      Количество символов д  = 164  частота 0
19.03.2020 10:44:50      Количество символов е  = 159  частота 0
19.03.2020 10:44:50      Количество символов ж  = 258  частота 0
19.03.2020 10:44:50      Количество символов з  = 161  частота 0
19.03.2020 10:44:50      Количество символов й  = 174  частота 0
19.03.2020 10:44:50      Количество символов к  = 148  частота 0
19.03.2020 10:44:50      Количество символов л  = 135  частота 0
19.03.2020 10:44:50      Количество символов м  = 200  частота 0
19.03.2020 10:44:50      Количество символов н  = 216  частота 0
19.03.2020 10:44:50      Количество символов о  = 7  частота 0
19.03.2020 10:44:50      Количество символов п  = 64  частота 0
19.03.2020 10:44:50      Количество символов р  = 86  частота 0
19.03.2020 10:44:50      Количество символов с  = 207  частота 0
19.03.2020 10:44:50      Количество символов т  = 347  частота 0
19.03.2020 10:44:50      Количество символов у  = 48  частота 0
19.03.2020 10:44:50      Количество символов ф  = 196  частота 0
19.03.2020 10:44:50      Количество символов х  = 297  частота 0
19.03.2020 10:44:50      Количество символов ц  = 100  частота 0
19.03.2020 10:44:50      Количество символов ч  = 91  частота 0
19.03.2020 10:44:50      Количество символов ш  = 56  частота 0
19.03.2020 10:44:50      Количество символов ы  = 94  частота 0
19.03.2020 10:44:50      Количество символов ь  = 248  частота 0
19.03.2020 10:44:50      Количество символов э  = 1032  частота 0
19.03.2020 10:44:50      Количество символов ю  = 121  частота 0
19.03.2020 10:44:50      Количество символов я  = 184  частота 0
19.03.2020 10:44:50      Количество символов ё  = 356  частота 0
19.03.2020 10:44:50      Количество символов ў  = 32  частота 0
19.03.2020 10:45:23      Количество символов i  = 99  частота 0
19.03.2020 10:45:23      Количество символов а  = 8  частота 0
19.03.2020 10:45:23      Количество символов б  = 196  частота 0
19.03.2020 10:45:23      Количество символов в  = 174  частота 0
19.03.2020 10:45:23      Количество символов г  = 507  частота 0
19.03.2020 10:45:23      Количество символов д  = 164  частота 0
19.03.2020 10:45:23      Количество символов е  = 159  частота 0
19.03.2020 10:45:23      Количество символов ж  = 258  частота 0
19.03.2020 10:45:23      Количество символов з  = 161  частота 0
19.03.2020 10:45:23      Количество символов й  = 174  частота 0
19.03.2020 10:45:23      Количество символов к  = 148  частота 0
19.03.2020 10:45:23      Количество символов л  = 135  частота 0
19.03.2020 10:45:23      Количество символов м  = 200  частота 0
19.03.2020 10:45:23      Количество символов н  = 216  частота 0
19.03.2020 10:45:23      Количество символов о  = 7  частота 0
19.03.2020 10:45:23      Количество символов п  = 64  частота 0
19.03.2020 10:45:23      Количество символов р  = 86  частота 0
19.03.2020 10:45:23      Количество символов с  = 207  частота 0
19.03.2020 10:45:23      Количество символов т  = 347  частота 0
19.03.2020 10:45:23      Количество символов у  = 48  частота 0
19.03.2020 10:45:23      Количество символов ф  = 196  частота 0
19.03.2020 10:45:23      Количество символов х  = 297  частота 0
19.03.2020 10:45:23      Количество символов ц  = 100  частота 0
19.03.2020 10:45:23      Количество символов ч  = 91  частота 0
19.03.2020 10:45:23      Количество символов ш  = 56  частота 0
19.03.2020 10:45:23      Количество символов ы  = 94  частота 0
19.03.2020 10:45:23      Количество символов ь  = 248  частота 0
19.03.2020 10:45:23      Количество символов э  = 1032  частота 0
19.03.2020 10:45:23      Количество символов ю  = 121  частота 0
19.03.2020 10:45:23      Количество символов я  = 184  частота 0
19.03.2020 10:45:23      Количество символов ё  = 356  частота 0
19.03.2020 10:45:23      Количество символов ў  = 32  частота 0
19.03.2020 10:46:49      Количество символов i  = 99  частота 0
19.03.2020 10:46:49      Количество символов а  = 8  частота 0
19.03.2020 10:46:49      Количество символов б  = 196  частота 0
19.03.2020 10:46:49      Количество символов в  = 174  частота 0
19.03.2020 10:46:49      Количество символов г  = 507  частота 0
19.03.2020 10:46:49      Количество символов д  = 164  частота 0
19.03.2020 10:46:49      Количество символов е  = 159  частота 0
19.03.2020 10:46:49      Количество символов ж  = 258  частота 0
19.03.2020 10:46:49      Количество символов з  = 161  частота 0
19.03.2020 10:46:49      Количество символов й  = 174  частота 0
19.03.2020 10:46:49      Количество символов к  = 148  частота 0
19.03.2020 10:46:49      Количество символов л  = 135  частота 0
19.03.2020 10:46:49      Количество символов м  = 200  частота 0
19.03.2020 10:46:49      Количество символов н  = 216  частота 0
19.03.2020 10:46:49      Количество символов о  = 7  частота 0
19.03.2020 10:46:49      Количество символов п  = 64  частота 0
19.03.2020 10:46:49      Количество символов р  = 86  частота 0
19.03.2020 10:46:49      Количество символов с  = 207  частота 0
19.03.2020 10:46:49      Количество символов т  = 347  частота 0
19.03.2020 10:46:49      Количество символов у  = 48  частота 0
19.03.2020 10:46:49      Количество символов ф  = 196  частота 0
19.03.2020 10:46:49      Количество символов х  = 297  частота 0
19.03.2020 10:46:49      Количество символов ц  = 100  частота 0
19.03.2020 10:46:49      Количество символов ч  = 91  частота 0
19.03.2020 10:46:49      Количество символов ш  = 56  частота 0
19.03.2020 10:46:49      Количество символов ы  = 94  частота 0
19.03.2020 10:46:49      Количество символов ь  = 248  частота 0
19.03.2020 10:46:49      Количество символов э  = 1032  частота 0
19.03.2020 10:46:49      Количество символов ю  = 121  частота 0
19.03.2020 10:46:49      Количество символов я  = 184  частота 0
19.03.2020 10:46:49      Количество символов ё  = 356  частота 0
19.03.2020 10:46:49      Количество символов ў  = 32  частота 0
20.03.2020 20:29:45      Количество символов i  = 99  частота 0
20.03.2020 20:29:45      Количество символов а  = 8  частота 0
20.03.2020 20:29:45      Количество символов б  = 196  частота 0
20.03.2020 20:29:45      Количество символов в  = 174  частота 0
20.03.2020 20:29:45      Количество символов г  = 507  частота 0
20.03.2020 20:29:45      Количество символов д  = 164  частота 0
20.03.2020 20:29:45      Количество символов е  = 159  частота 0
20.03.2020 20:29:45      Количество символов ж  = 258  частота 0
20.03.2020 20:29:45      Количество символов з  = 161  частота 0
20.03.2020 20:29:45      Количество символов й  = 174  частота 0
20.03.2020 20:29:45      Количество символов к  = 148  частота 0
20.03.2020 20:29:45      Количество символов л  = 135  частота 0
20.03.2020 20:29:45      Количество символов м  = 200  частота 0
20.03.2020 20:29:45      Количество символов н  = 216  частота 0
20.03.2020 20:29:45      Количество символов о  = 7  частота 0
20.03.2020 20:29:45      Количество символов п  = 64  частота 0
20.03.2020 20:29:45      Количество символов р  = 86  частота 0
20.03.2020 20:29:45      Количество символов с  = 207  частота 0
20.03.2020 20:29:45      Количество символов т  = 347  частота 0
20.03.2020 20:29:45      Количество символов у  = 48  частота 0
20.03.2020 20:29:45      Количество символов ф  = 196  частота 0
20.03.2020 20:29:45      Количество символов х  = 297  частота 0
20.03.2020 20:29:45      Количество символов ц  = 100  частота 0
20.03.2020 20:29:45      Количество символов ч  = 91  частота 0
20.03.2020 20:29:45      Количество символов ш  = 56  частота 0
20.03.2020 20:29:45      Количество символов ы  = 94  частота 0
20.03.2020 20:29:45      Количество символов ь  = 248  частота 0
20.03.2020 20:29:45      Количество символов э  = 1032  частота 0
20.03.2020 20:29:45      Количество символов ю  = 121  частота 0
20.03.2020 20:29:45      Количество символов я  = 184  частота 0
20.03.2020 20:29:45      Количество символов ё  = 356  частота 0
20.03.2020 20:29:45      Количество символов ў  = 32  частота 0
20.03.2020 20:44:59      Количество символов i  = 99  частота 0
20.03.2020 20:44:59      Количество символов а  = 8  частота 0
20.03.2020 20:45:00      Количество символов б  = 196  частота 0
20.03.2020 20:45:00      Количество символов в  = 174  частота 0
20.03.2020 20:45:00      Количество символов г  = 507  частота 0
20.03.2020 20:45:00      Количество символов д  = 164  частота 0
20.03.2020 20:45:00      Количество символов е  = 159  частота 0
20.03.2020 20:45:00      Количество символов ж  = 258  частота 0
20.03.2020 20:45:00      Количество символов з  = 161  частота 0
20.03.2020 20:45:00      Количество символов й  = 174  частота 0
20.03.2020 20:45:00      Количество символов к  = 148  частота 0
20.03.2020 20:45:00      Количество символов л  = 135  частота 0
20.03.2020 20:45:00      Количество символов м  = 200  частота 0
20.03.2020 20:45:00      Количество символов н  = 216  частота 0
20.03.2020 20:45:00      Количество символов о  = 7  частота 0
20.03.2020 20:45:00      Количество символов п  = 64  частота 0
20.03.2020 20:45:00      Количество символов р  = 86  частота 0
20.03.2020 20:45:00      Количество символов с  = 207  частота 0
20.03.2020 20:45:00      Количество символов т  = 347  частота 0
20.03.2020 20:45:00      Количество символов у  = 48  частота 0
20.03.2020 20:45:00      Количество символов ф  = 196  частота 0
20.03.2020 20:45:00      Количество символов х  = 297  частота 0
20.03.2020 20:45:00      Количество символов ц  = 100  частота 0
20.03.2020 20:45:00      Количество символов ч  = 91  частота 0
20.03.2020 20:45:00      Количество символов ш  = 56  частота 0
20.03.2020 20:45:00      Количество символов ы  = 94  частота 0
20.03.2020 20:45:00      Количество символов ь  = 248  частота 0
20.03.2020 20:45:00      Количество символов э  = 1032  частота 0
20.03.2020 20:45:00      Количество символов ю  = 121  частота 0
20.03.2020 20:45:00      Количество символов я  = 184  частота 0
20.03.2020 20:45:00      Количество символов ё  = 356  частота 0
20.03.2020 20:45:00      Количество символов ў  = 32  частота 0
20.03.2020 20:47:16      Количество символов i  = 99  частота 0
20.03.2020 20:47:16      Количество символов а  = 8  частота 0
20.03.2020 20:47:16      Количество символов б  = 196  частота 0
20.03.2020 20:47:16      Количество символов в  = 174  частота 0
20.03.2020 20:47:16      Количество символов г  = 507  частота 0
20.03.2020 20:47:16      Количество символов д  = 164  частота 0
20.03.2020 20:47:16      Количество символов е  = 159  частота 0
20.03.2020 20:47:16      Количество символов ж  = 258  частота 0
20.03.2020 20:47:16      Количество символов з  = 161  частота 0
20.03.2020 20:47:16      Количество символов й  = 174  частота 0
20.03.2020 20:47:16      Количество символов к  = 148  частота 0
20.03.2020 20:47:16      Количество символов л  = 135  частота 0
20.03.2020 20:47:16      Количество символов м  = 200  частота 0
20.03.2020 20:47:16      Количество символов н  = 216  частота 0
20.03.2020 20:47:16      Количество символов о  = 7  частота 0
20.03.2020 20:47:16      Количество символов п  = 64  частота 0
20.03.2020 20:47:16      Количество символов р  = 86  частота 0
20.03.2020 20:47:16      Количество символов с  = 207  частота 0
20.03.2020 20:47:16      Количество символов т  = 347  частота 0
20.03.2020 20:47:16      Количество символов у  = 48  частота 0
20.03.2020 20:47:16      Количество символов ф  = 196  частота 0
20.03.2020 20:47:16      Количество символов х  = 297  частота 0
20.03.2020 20:47:16      Количество символов ц  = 100  частота 0
20.03.2020 20:47:16      Количество символов ч  = 91  частота 0
20.03.2020 20:47:16      Количество символов ш  = 56  частота 0
20.03.2020 20:47:16      Количество символов ы  = 94  частота 0
20.03.2020 20:47:16      Количество символов ь  = 248  частота 0
20.03.2020 20:47:16      Количество символов э  = 1032  частота 0
20.03.2020 20:47:16      Количество символов ю  = 121  частота 0
20.03.2020 20:47:16      Количество символов я  = 184  частота 0
20.03.2020 20:47:16      Количество символов ё  = 356  частота 0
20.03.2020 20:47:16      Количество символов ў  = 32  частота 0
20.03.2020 20:47:45      Количество символов i  = 99  частота 0
20.03.2020 20:47:45      Количество символов а  = 8  частота 0
20.03.2020 20:47:46      Количество символов б  = 196  частота 0
20.03.2020 20:47:46      Количество символов в  = 174  частота 0
20.03.2020 20:47:46      Количество символов г  = 507  частота 0
20.03.2020 20:47:46      Количество символов д  = 164  частота 0
20.03.2020 20:47:46      Количество символов е  = 159  частота 0
20.03.2020 20:47:46      Количество символов ж  = 258  частота 0
20.03.2020 20:47:46      Количество символов з  = 161  частота 0
20.03.2020 20:47:46      Количество символов й  = 174  частота 0
20.03.2020 20:47:46      Количество символов к  = 148  частота 0
20.03.2020 20:47:46      Количество символов л  = 135  частота 0
20.03.2020 20:47:46      Количество символов м  = 200  частота 0
20.03.2020 20:47:46      Количество символов н  = 216  частота 0
20.03.2020 20:47:46      Количество символов о  = 7  частота 0
20.03.2020 20:47:46      Количество символов п  = 64  частота 0
20.03.2020 20:47:46      Количество символов р  = 86  частота 0
20.03.2020 20:47:46      Количество символов с  = 207  частота 0
20.03.2020 20:47:46      Количество символов т  = 347  частота 0
20.03.2020 20:47:46      Количество символов у  = 48  частота 0
20.03.2020 20:47:46      Количество символов ф  = 196  частота 0
20.03.2020 20:47:46      Количество символов х  = 297  частота 0
20.03.2020 20:47:46      Количество символов ц  = 100  частота 0
20.03.2020 20:47:46      Количество символов ч  = 91  частота 0
20.03.2020 20:47:46      Количество символов ш  = 56  частота 0
20.03.2020 20:47:46      Количество символов ы  = 94  частота 0
20.03.2020 20:47:46      Количество символов ь  = 248  частота 0
20.03.2020 20:47:46      Количество символов э  = 1032  частота 0
20.03.2020 20:47:46      Количество символов ю  = 121  частота 0
20.03.2020 20:47:46      Количество символов я  = 184  частота 0
20.03.2020 20:47:46      Количество символов ё  = 356  частота 0
20.03.2020 20:47:46      Количество символов ў  = 32  частота 0
20.03.2020 20:48:28      Количество символов i  = 99  частота 0
20.03.2020 20:48:28      Количество символов а  = 8  частота 0
20.03.2020 20:48:28      Количество символов б  = 196  частота 0
20.03.2020 20:48:28      Количество символов в  = 174  частота 0
20.03.2020 20:48:28      Количество символов г  = 507  частота 0
20.03.2020 20:48:28      Количество символов д  = 164  частота 0
20.03.2020 20:48:28      Количество символов е  = 159  частота 0
20.03.2020 20:48:28      Количество символов ж  = 258  частота 0
20.03.2020 20:48:28      Количество символов з  = 161  частота 0
20.03.2020 20:48:28      Количество символов й  = 174  частота 0
20.03.2020 20:48:28      Количество символов к  = 148  частота 0
20.03.2020 20:48:28      Количество символов л  = 135  частота 0
20.03.2020 20:48:28      Количество символов м  = 200  частота 0
20.03.2020 20:48:28      Количество символов н  = 216  частота 0
20.03.2020 20:48:28      Количество символов о  = 7  частота 0
20.03.2020 20:48:28      Количество символов п  = 64  частота 0
20.03.2020 20:48:28      Количество символов р  = 86  частота 0
20.03.2020 20:48:28      Количество символов с  = 207  частота 0
20.03.2020 20:48:28      Количество символов т  = 347  частота 0
20.03.2020 20:48:28      Количество символов у  = 48  частота 0
20.03.2020 20:48:28      Количество символов ф  = 196  частота 0
20.03.2020 20:48:28      Количество символов х  = 297  частота 0
20.03.2020 20:48:28      Количество символов ц  = 100  частота 0
20.03.2020 20:48:28      Количество символов ч  = 91  частота 0
20.03.2020 20:48:28      Количество символов ш  = 56  частота 0
20.03.2020 20:48:29      Количество символов ы  = 94  частота 0
20.03.2020 20:48:29      Количество символов ь  = 248  частота 0
20.03.2020 20:48:29      Количество символов э  = 1032  частота 0
20.03.2020 20:48:29      Количество символов ю  = 121  частота 0
20.03.2020 20:48:29      Количество символов я  = 184  частота 0
20.03.2020 20:48:29      Количество символов ё  = 356  частота 0
20.03.2020 20:48:29      Количество символов ў  = 32  частота 0
20.03.2020 20:57:25      Количество символов i  = 99  частота 0
20.03.2020 20:57:25      Количество символов а  = 8  частота 0
20.03.2020 20:57:25      Количество символов б  = 196  частота 0
20.03.2020 20:57:25      Количество символов в  = 174  частота 0
20.03.2020 20:57:25      Количество символов г  = 507  частота 0
20.03.2020 20:57:25      Количество символов д  = 164  частота 0
20.03.2020 20:57:25      Количество символов е  = 159  частота 0
20.03.2020 20:57:25      Количество символов ж  = 258  частота 0
20.03.2020 20:57:25      Количество символов з  = 161  частота 0
20.03.2020 20:57:25      Количество символов й  = 174  частота 0
20.03.2020 20:57:25      Количество символов к  = 148  частота 0
20.03.2020 20:57:25      Количество символов л  = 135  частота 0
20.03.2020 20:57:25      Количество символов м  = 200  частота 0
20.03.2020 20:57:25      Количество символов н  = 216  частота 0
20.03.2020 20:57:25      Количество символов о  = 7  частота 0
20.03.2020 20:57:25      Количество символов п  = 64  частота 0
20.03.2020 20:57:25      Количество символов р  = 86  частота 0
20.03.2020 20:57:25      Количество символов с  = 207  частота 0
20.03.2020 20:57:25      Количество символов т  = 347  частота 0
20.03.2020 20:57:25      Количество символов у  = 48  частота 0
20.03.2020 20:57:25      Количество символов ф  = 196  частота 0
20.03.2020 20:57:25      Количество символов х  = 297  частота 0
20.03.2020 20:57:25      Количество символов ц  = 100  частота 0
20.03.2020 20:57:25      Количество символов ч  = 91  частота 0
20.03.2020 20:57:25      Количество символов ш  = 56  частота 0
20.03.2020 20:57:25      Количество символов ы  = 94  частота 0
20.03.2020 20:57:25      Количество символов ь  = 248  частота 0
20.03.2020 20:57:25      Количество символов э  = 1032  частота 0
20.03.2020 20:57:25      Количество символов ю  = 121  частота 0
20.03.2020 20:57:25      Количество символов я  = 184  частота 0
20.03.2020 20:57:25      Количество символов ё  = 356  частота 0
20.03.2020 20:57:25      Количество символов ў  = 32  частота 0
20.03.2020 20:58:01      Количество символов i  = 99  частота 0
20.03.2020 20:58:01      Количество символов а  = 8  частота 0
20.03.2020 20:58:01      Количество символов б  = 196  частота 0
20.03.2020 20:58:01      Количество символов в  = 174  частота 0
20.03.2020 20:58:01      Количество символов г  = 507  частота 0
20.03.2020 20:58:01      Количество символов д  = 164  частота 0
20.03.2020 20:58:01      Количество символов е  = 159  частота 0
20.03.2020 20:58:01      Количество символов ж  = 258  частота 0
20.03.2020 20:58:01      Количество символов з  = 161  частота 0
20.03.2020 20:58:01      Количество символов й  = 174  частота 0
20.03.2020 20:58:01      Количество символов к  = 148  частота 0
20.03.2020 20:58:01      Количество символов л  = 135  частота 0
20.03.2020 20:58:01      Количество символов м  = 200  частота 0
20.03.2020 20:58:01      Количество символов н  = 216  частота 0
20.03.2020 20:58:01      Количество символов о  = 7  частота 0
20.03.2020 20:58:01      Количество символов п  = 64  частота 0
20.03.2020 20:58:01      Количество символов р  = 86  частота 0
20.03.2020 20:58:01      Количество символов с  = 207  частота 0
20.03.2020 20:58:01      Количество символов т  = 347  частота 0
20.03.2020 20:58:01      Количество символов у  = 48  частота 0
20.03.2020 20:58:01      Количество символов ф  = 196  частота 0
20.03.2020 20:58:01      Количество символов х  = 297  частота 0
20.03.2020 20:58:01      Количество символов ц  = 100  частота 0
20.03.2020 20:58:01      Количество символов ч  = 91  частота 0
20.03.2020 20:58:01      Количество символов ш  = 56  частота 0
20.03.2020 20:58:01      Количество символов ы  = 94  частота 0
20.03.2020 20:58:01      Количество символов ь  = 248  частота 0
20.03.2020 20:58:02      Количество символов э  = 1032  частота 0
20.03.2020 20:58:02      Количество символов ю  = 121  частота 0
20.03.2020 20:58:02      Количество символов я  = 184  частота 0
20.03.2020 20:58:02      Количество символов ё  = 356  частота 0
20.03.2020 20:58:02      Количество символов ў  = 32  частота 0
20.03.2020 21:00:49      Количество символов i  = 99  частота 0
20.03.2020 21:00:49      Количество символов а  = 8  частота 0
20.03.2020 21:00:49      Количество символов б  = 196  частота 0
20.03.2020 21:00:49      Количество символов в  = 174  частота 0
20.03.2020 21:00:49      Количество символов г  = 507  частота 0
20.03.2020 21:00:49      Количество символов д  = 164  частота 0
20.03.2020 21:00:49      Количество символов е  = 159  частота 0
20.03.2020 21:00:49      Количество символов ж  = 258  частота 0
20.03.2020 21:00:49      Количество символов з  = 161  частота 0
20.03.2020 21:00:49      Количество символов й  = 174  частота 0
20.03.2020 21:00:49      Количество символов к  = 148  частота 0
20.03.2020 21:00:49      Количество символов л  = 135  частота 0
20.03.2020 21:00:49      Количество символов м  = 200  частота 0
20.03.2020 21:00:49      Количество символов н  = 216  частота 0
20.03.2020 21:00:49      Количество символов о  = 7  частота 0
20.03.2020 21:00:49      Количество символов п  = 64  частота 0
20.03.2020 21:00:49      Количество символов р  = 86  частота 0
20.03.2020 21:00:49      Количество символов с  = 207  частота 0
20.03.2020 21:00:49      Количество символов т  = 347  частота 0
20.03.2020 21:00:49      Количество символов у  = 48  частота 0
20.03.2020 21:00:49      Количество символов ф  = 196  частота 0
20.03.2020 21:00:49      Количество символов х  = 297  частота 0
20.03.2020 21:00:49      Количество символов ц  = 100  частота 0
20.03.2020 21:00:49      Количество символов ч  = 91  частота 0
20.03.2020 21:00:49      Количество символов ш  = 56  частота 0
20.03.2020 21:00:49      Количество символов ы  = 94  частота 0
20.03.2020 21:00:49      Количество символов ь  = 248  частота 0
20.03.2020 21:00:49      Количество символов э  = 1032  частота 0
20.03.2020 21:00:49      Количество символов ю  = 121  частота 0
20.03.2020 21:00:49      Количество символов я  = 184  частота 0
20.03.2020 21:00:49      Количество символов ё  = 356  частота 0
20.03.2020 21:00:49      Количество символов ў  = 32  частота 0
20.03.2020 21:01:36      Количество символов i  = 99  частота 0
20.03.2020 21:01:36      Количество символов а  = 8  частота 0
20.03.2020 21:01:36      Количество символов б  = 196  частота 0
20.03.2020 21:01:36      Количество символов в  = 174  частота 0
20.03.2020 21:01:36      Количество символов г  = 507  частота 0
20.03.2020 21:01:36      Количество символов д  = 164  частота 0
20.03.2020 21:01:36      Количество символов е  = 159  частота 0
20.03.2020 21:01:36      Количество символов ж  = 258  частота 0
20.03.2020 21:01:36      Количество символов з  = 161  частота 0
20.03.2020 21:01:36      Количество символов й  = 174  частота 0
20.03.2020 21:01:36      Количество символов к  = 148  частота 0
20.03.2020 21:01:36      Количество символов л  = 135  частота 0
20.03.2020 21:01:36      Количество символов м  = 200  частота 0
20.03.2020 21:01:36      Количество символов н  = 216  частота 0
20.03.2020 21:01:37      Количество символов о  = 7  частота 0
20.03.2020 21:01:37      Количество символов п  = 64  частота 0
20.03.2020 21:01:37      Количество символов р  = 86  частота 0
20.03.2020 21:01:37      Количество символов с  = 207  частота 0
20.03.2020 21:01:37      Количество символов т  = 347  частота 0
20.03.2020 21:01:37      Количество символов у  = 48  частота 0
20.03.2020 21:01:37      Количество символов ф  = 196  частота 0
20.03.2020 21:01:37      Количество символов х  = 297  частота 0
20.03.2020 21:01:37      Количество символов ц  = 100  частота 0
20.03.2020 21:01:37      Количество символов ч  = 91  частота 0
20.03.2020 21:01:37      Количество символов ш  = 56  частота 0
20.03.2020 21:01:37      Количество символов ы  = 94  частота 0
20.03.2020 21:01:37      Количество символов ь  = 248  частота 0
20.03.2020 21:01:37      Количество символов э  = 1032  частота 0
20.03.2020 21:01:37      Количество символов ю  = 121  частота 0
20.03.2020 21:01:37      Количество символов я  = 184  частота 0
20.03.2020 21:01:37      Количество символов ё  = 356  частота 0
20.03.2020 21:01:37      Количество символов ў  = 32  частота 0
20.03.2020 21:02:18      Количество символов i  = 99  частота 0
20.03.2020 21:02:18      Количество символов а  = 8  частота 0
20.03.2020 21:02:18      Количество символов б  = 196  частота 0
20.03.2020 21:02:18      Количество символов в  = 174  частота 0
20.03.2020 21:02:18      Количество символов г  = 507  частота 0
20.03.2020 21:02:18      Количество символов д  = 164  частота 0
20.03.2020 21:02:18      Количество символов е  = 159  частота 0
20.03.2020 21:02:18      Количество символов ж  = 258  частота 0
20.03.2020 21:02:18      Количество символов з  = 161  частота 0
20.03.2020 21:02:18      Количество символов й  = 174  частота 0
20.03.2020 21:02:18      Количество символов к  = 148  частота 0
20.03.2020 21:02:18      Количество символов л  = 135  частота 0
20.03.2020 21:02:18      Количество символов м  = 200  частота 0
20.03.2020 21:02:18      Количество символов н  = 216  частота 0
20.03.2020 21:02:18      Количество символов о  = 7  частота 0
20.03.2020 21:02:18      Количество символов п  = 64  частота 0
20.03.2020 21:02:18      Количество символов р  = 86  частота 0
20.03.2020 21:02:18      Количество символов с  = 207  частота 0
20.03.2020 21:02:18      Количество символов т  = 347  частота 0
20.03.2020 21:02:18      Количество символов у  = 48  частота 0
20.03.2020 21:02:18      Количество символов ф  = 196  частота 0
20.03.2020 21:02:18      Количество символов х  = 297  частота 0
20.03.2020 21:02:18      Количество символов ц  = 100  частота 0
20.03.2020 21:02:18      Количество символов ч  = 91  частота 0
20.03.2020 21:02:18      Количество символов ш  = 56  частота 0
20.03.2020 21:02:18      Количество символов ы  = 94  частота 0
20.03.2020 21:02:18      Количество символов ь  = 248  частота 0
20.03.2020 21:02:18      Количество символов э  = 1032  частота 0
20.03.2020 21:02:18      Количество символов ю  = 121  частота 0
20.03.2020 21:02:18      Количество символов я  = 184  частота 0
20.03.2020 21:02:18      Количество символов ё  = 356  частота 0
20.03.2020 21:02:18      Количество символов ў  = 32  частота 0
21.03.2020 21:14:22      Количество символов i  = 99  частота 0
21.03.2020 21:14:22      Количество символов а  = 8  частота 0
21.03.2020 21:14:22      Количество символов б  = 196  частота 0
21.03.2020 21:14:22      Количество символов в  = 174  частота 0
21.03.2020 21:14:22      Количество символов г  = 507  частота 0
21.03.2020 21:14:22      Количество символов д  = 164  частота 0
21.03.2020 21:14:22      Количество символов е  = 159  частота 0
21.03.2020 21:14:22      Количество символов ж  = 258  частота 0
21.03.2020 21:14:22      Количество символов з  = 161  частота 0
21.03.2020 21:14:22      Количество символов й  = 174  частота 0
21.03.2020 21:14:22      Количество символов к  = 148  частота 0
21.03.2020 21:14:22      Количество символов л  = 135  частота 0
21.03.2020 21:14:22      Количество символов м  = 200  частота 0
21.03.2020 21:14:22      Количество символов н  = 216  частота 0
21.03.2020 21:14:22      Количество символов о  = 7  частота 0
21.03.2020 21:14:22      Количество символов п  = 64  частота 0
21.03.2020 21:14:22      Количество символов р  = 86  частота 0
21.03.2020 21:14:22      Количество символов с  = 207  частота 0
21.03.2020 21:14:22      Количество символов т  = 347  частота 0
21.03.2020 21:14:22      Количество символов у  = 48  частота 0
21.03.2020 21:14:22      Количество символов ф  = 196  частота 0
21.03.2020 21:14:22      Количество символов х  = 297  частота 0
21.03.2020 21:14:22      Количество символов ц  = 100  частота 0
21.03.2020 21:14:22      Количество символов ч  = 91  частота 0
21.03.2020 21:14:22      Количество символов ш  = 56  частота 0
21.03.2020 21:14:22      Количество символов ы  = 94  частота 0
21.03.2020 21:14:22      Количество символов ь  = 248  частота 0
21.03.2020 21:14:22      Количество символов э  = 1032  частота 0
21.03.2020 21:14:22      Количество символов ю  = 121  частота 0
21.03.2020 21:14:22      Количество символов я  = 184  частота 0
21.03.2020 21:14:22      Количество символов ё  = 356  частота 0
21.03.2020 21:14:22      Количество символов ў  = 32  частота 0
26.03.2020 9:48:23      Количество символов i  = 99  частота 0
26.03.2020 9:48:23      Количество символов а  = 8  частота 0
26.03.2020 9:48:23      Количество символов б  = 196  частота 0
26.03.2020 9:48:23      Количество символов в  = 174  частота 0
26.03.2020 9:48:23      Количество символов г  = 507  частота 0
26.03.2020 9:48:23      Количество символов д  = 164  частота 0
26.03.2020 9:48:23      Количество символов е  = 159  частота 0
26.03.2020 9:48:23      Количество символов ж  = 258  частота 0
26.03.2020 9:48:23      Количество символов з  = 161  частота 0
26.03.2020 9:48:23      Количество символов й  = 174  частота 0
26.03.2020 9:48:23      Количество символов к  = 148  частота 0
26.03.2020 9:48:23      Количество символов л  = 135  частота 0
26.03.2020 9:48:23      Количество символов м  = 200  частота 0
26.03.2020 9:48:23      Количество символов н  = 216  частота 0
26.03.2020 9:48:23      Количество символов о  = 7  частота 0
26.03.2020 9:48:23      Количество символов п  = 64  частота 0
26.03.2020 9:48:23      Количество символов р  = 86  частота 0
26.03.2020 9:48:23      Количество символов с  = 207  частота 0
26.03.2020 9:48:23      Количество символов т  = 347  частота 0
26.03.2020 9:48:23      Количество символов у  = 48  частота 0
26.03.2020 9:48:23      Количество символов ф  = 196  частота 0
26.03.2020 9:48:23      Количество символов х  = 297  частота 0
26.03.2020 9:48:23      Количество символов ц  = 100  частота 0
26.03.2020 9:48:23      Количество символов ч  = 91  частота 0
26.03.2020 9:48:23      Количество символов ш  = 56  частота 0
26.03.2020 9:48:23      Количество символов ы  = 94  частота 0
26.03.2020 9:48:23      Количество символов ь  = 248  частота 0
26.03.2020 9:48:23      Количество символов э  = 1032  частота 0
26.03.2020 9:48:23      Количество символов ю  = 121  частота 0
26.03.2020 9:48:23      Количество символов я  = 184  частота 0
26.03.2020 9:48:23      Количество символов ё  = 356  частота 0
26.03.2020 9:48:23      Количество символов ў  = 32  частота 0
