20.03.2020 21:00:50      Количество символов i  = 32 частота 0,0051905920519059205
20.03.2020 21:00:50      Количество символов а  = 207 частота 0,033576642335766425
20.03.2020 21:00:50      Количество символов б  = 100 частота 0,016220600162206
20.03.2020 21:00:50      Количество символов в  = 91 частота 0,014760746147607461
20.03.2020 21:00:50      Количество символов г  = 56 частота 0,009083536090835361
20.03.2020 21:00:50      Количество символов д  = 248 частота 0,040227088402270884
20.03.2020 21:00:50      Количество символов е  = 1032 частота 0,16739659367396595
20.03.2020 21:00:50      Количество символов ж  = 347 частота 0,05628548256285482
20.03.2020 21:00:50      Количество символов з  = 507 частота 0,08223844282238443
20.03.2020 21:00:50      Количество символов й  = 121 частота 0,01962692619626926
20.03.2020 21:00:50      Количество символов к  = 184 частота 0,02984590429845904
20.03.2020 21:00:50      Количество символов л  = 48 частота 0,007785888077858881
20.03.2020 21:00:50      Количество символов м  = 99 частота 0,016058394160583942
20.03.2020 21:00:50      Количество символов н  = 297 частота 0,04817518248175182
20.03.2020 21:00:50      Количество символов о  = 216 частота 0,035036496350364967
20.03.2020 21:00:50      Количество символов п  = 196 частота 0,03179237631792376
20.03.2020 21:00:50      Количество символов р  = 8 частота 0,0012976480129764801
20.03.2020 21:00:50      Количество символов с  = 86 частота 0,013949716139497161
20.03.2020 21:00:50      Количество символов т  = 200 частота 0,032441200324412
20.03.2020 21:00:50      Количество символов у  = 94 частота 0,01524736415247364
20.03.2020 21:00:50      Количество символов ф  = 174 частота 0,028223844282238442
20.03.2020 21:00:50      Количество символов х  = 164 частота 0,026601784266017843
20.03.2020 21:00:50      Количество символов ц  = 159 частота 0,02579075425790754
20.03.2020 21:00:50      Количество символов ч  = 356 частота 0,057745336577453364
20.03.2020 21:00:50      Количество символов ш  = 258 частота 0,04184914841849149
20.03.2020 21:00:50      Количество символов ы  = 161 частота 0,02611516626115166
20.03.2020 21:00:50      Количество символов ь  = 174 частота 0,028223844282238442
20.03.2020 21:00:50      Количество символов э  = 135 частота 0,021897810218978103
20.03.2020 21:00:50      Количество символов ю  = 7 частота 0,0011354420113544202
20.03.2020 21:00:50      Количество символов я  = 64 частота 0,010381184103811841
20.03.2020 21:00:50      Количество символов ё  = 196 частота 0,03179237631792376
20.03.2020 21:00:50      Количество символов ў  = 148 частота 0,024006488240064884
20.03.2020 21:01:41      Количество символов i  = 32 частота 0,0051905920519059205
20.03.2020 21:01:41      Количество символов а  = 207 частота 0,033576642335766425
20.03.2020 21:01:41      Количество символов б  = 100 частота 0,016220600162206
20.03.2020 21:01:41      Количество символов в  = 91 частота 0,014760746147607461
20.03.2020 21:01:41      Количество символов г  = 56 частота 0,009083536090835361
20.03.2020 21:01:41      Количество символов д  = 248 частота 0,040227088402270884
20.03.2020 21:01:41      Количество символов е  = 1032 частота 0,16739659367396595
20.03.2020 21:01:41      Количество символов ж  = 347 частота 0,05628548256285482
20.03.2020 21:01:41      Количество символов з  = 507 частота 0,08223844282238443
20.03.2020 21:01:41      Количество символов й  = 121 частота 0,01962692619626926
20.03.2020 21:01:41      Количество символов к  = 184 частота 0,02984590429845904
20.03.2020 21:01:41      Количество символов л  = 48 частота 0,007785888077858881
20.03.2020 21:01:41      Количество символов м  = 99 частота 0,016058394160583942
20.03.2020 21:01:41      Количество символов н  = 297 частота 0,04817518248175182
20.03.2020 21:01:41      Количество символов о  = 216 частота 0,035036496350364967
20.03.2020 21:01:41      Количество символов п  = 196 частота 0,03179237631792376
20.03.2020 21:01:41      Количество символов р  = 8 частота 0,0012976480129764801
20.03.2020 21:01:41      Количество символов с  = 86 частота 0,013949716139497161
20.03.2020 21:01:41      Количество символов т  = 200 частота 0,032441200324412
20.03.2020 21:01:41      Количество символов у  = 94 частота 0,01524736415247364
20.03.2020 21:01:41      Количество символов ф  = 174 частота 0,028223844282238442
20.03.2020 21:01:41      Количество символов х  = 164 частота 0,026601784266017843
20.03.2020 21:01:41      Количество символов ц  = 159 частота 0,02579075425790754
20.03.2020 21:01:41      Количество символов ч  = 356 частота 0,057745336577453364
20.03.2020 21:01:41      Количество символов ш  = 258 частота 0,04184914841849149
20.03.2020 21:01:41      Количество символов ы  = 161 частота 0,02611516626115166
20.03.2020 21:01:41      Количество символов ь  = 174 частота 0,028223844282238442
20.03.2020 21:01:41      Количество символов э  = 135 частота 0,021897810218978103
20.03.2020 21:01:41      Количество символов ю  = 7 частота 0,0011354420113544202
20.03.2020 21:01:41      Количество символов я  = 64 частота 0,010381184103811841
20.03.2020 21:01:41      Количество символов ё  = 196 частота 0,03179237631792376
20.03.2020 21:01:41      Количество символов ў  = 148 частота 0,024006488240064884
20.03.2020 21:02:18      Количество символов i  = 32 частота 0,0051905920519059205
20.03.2020 21:02:18      Количество символов а  = 207 частота 0,033576642335766425
20.03.2020 21:02:18      Количество символов б  = 100 частота 0,016220600162206
20.03.2020 21:02:18      Количество символов в  = 91 частота 0,014760746147607461
20.03.2020 21:02:18      Количество символов г  = 56 частота 0,009083536090835361
20.03.2020 21:02:18      Количество символов д  = 248 частота 0,040227088402270884
20.03.2020 21:02:18      Количество символов е  = 1032 частота 0,16739659367396595
20.03.2020 21:02:18      Количество символов ж  = 347 частота 0,05628548256285482
20.03.2020 21:02:18      Количество символов з  = 507 частота 0,08223844282238443
20.03.2020 21:02:18      Количество символов й  = 121 частота 0,01962692619626926
20.03.2020 21:02:18      Количество символов к  = 184 частота 0,02984590429845904
20.03.2020 21:02:18      Количество символов л  = 48 частота 0,007785888077858881
20.03.2020 21:02:19      Количество символов м  = 99 частота 0,016058394160583942
20.03.2020 21:02:19      Количество символов н  = 297 частота 0,04817518248175182
20.03.2020 21:02:19      Количество символов о  = 216 частота 0,035036496350364967
20.03.2020 21:02:19      Количество символов п  = 196 частота 0,03179237631792376
20.03.2020 21:02:19      Количество символов р  = 8 частота 0,0012976480129764801
20.03.2020 21:02:19      Количество символов с  = 86 частота 0,013949716139497161
20.03.2020 21:02:19      Количество символов т  = 200 частота 0,032441200324412
20.03.2020 21:02:19      Количество символов у  = 94 частота 0,01524736415247364
20.03.2020 21:02:19      Количество символов ф  = 174 частота 0,028223844282238442
20.03.2020 21:02:19      Количество символов х  = 164 частота 0,026601784266017843
20.03.2020 21:02:19      Количество символов ц  = 159 частота 0,02579075425790754
20.03.2020 21:02:19      Количество символов ч  = 356 частота 0,057745336577453364
20.03.2020 21:02:19      Количество символов ш  = 258 частота 0,04184914841849149
20.03.2020 21:02:19      Количество символов ы  = 161 частота 0,02611516626115166
20.03.2020 21:02:19      Количество символов ь  = 174 частота 0,028223844282238442
20.03.2020 21:02:19      Количество символов э  = 135 частота 0,021897810218978103
20.03.2020 21:02:19      Количество символов ю  = 7 частота 0,0011354420113544202
20.03.2020 21:02:19      Количество символов я  = 64 частота 0,010381184103811841
20.03.2020 21:02:19      Количество символов ё  = 196 частота 0,03179237631792376
20.03.2020 21:02:19      Количество символов ў  = 148 частота 0,024006488240064884
21.03.2020 21:14:23      Количество символов i  = 32 частота 0,0051905920519059205
21.03.2020 21:14:23      Количество символов а  = 207 частота 0,033576642335766425
21.03.2020 21:14:23      Количество символов б  = 100 частота 0,016220600162206
21.03.2020 21:14:23      Количество символов в  = 91 частота 0,014760746147607461
21.03.2020 21:14:23      Количество символов г  = 56 частота 0,009083536090835361
21.03.2020 21:14:23      Количество символов д  = 248 частота 0,040227088402270884
21.03.2020 21:14:23      Количество символов е  = 1032 частота 0,16739659367396595
21.03.2020 21:14:23      Количество символов ж  = 347 частота 0,05628548256285482
21.03.2020 21:14:23      Количество символов з  = 507 частота 0,08223844282238443
21.03.2020 21:14:23      Количество символов й  = 121 частота 0,01962692619626926
21.03.2020 21:14:23      Количество символов к  = 184 частота 0,02984590429845904
21.03.2020 21:14:23      Количество символов л  = 48 частота 0,007785888077858881
21.03.2020 21:14:23      Количество символов м  = 99 частота 0,016058394160583942
21.03.2020 21:14:23      Количество символов н  = 297 частота 0,04817518248175182
21.03.2020 21:14:23      Количество символов о  = 216 частота 0,035036496350364967
21.03.2020 21:14:23      Количество символов п  = 196 частота 0,03179237631792376
21.03.2020 21:14:23      Количество символов р  = 8 частота 0,0012976480129764801
21.03.2020 21:14:23      Количество символов с  = 86 частота 0,013949716139497161
21.03.2020 21:14:23      Количество символов т  = 200 частота 0,032441200324412
21.03.2020 21:14:23      Количество символов у  = 94 частота 0,01524736415247364
21.03.2020 21:14:23      Количество символов ф  = 174 частота 0,028223844282238442
21.03.2020 21:14:23      Количество символов х  = 164 частота 0,026601784266017843
21.03.2020 21:14:23      Количество символов ц  = 159 частота 0,02579075425790754
21.03.2020 21:14:23      Количество символов ч  = 356 частота 0,057745336577453364
21.03.2020 21:14:23      Количество символов ш  = 258 частота 0,04184914841849149
21.03.2020 21:14:23      Количество символов ы  = 161 частота 0,02611516626115166
21.03.2020 21:14:23      Количество символов ь  = 174 частота 0,028223844282238442
21.03.2020 21:14:23      Количество символов э  = 135 частота 0,021897810218978103
21.03.2020 21:14:23      Количество символов ю  = 7 частота 0,0011354420113544202
21.03.2020 21:14:23      Количество символов я  = 64 частота 0,010381184103811841
21.03.2020 21:14:23      Количество символов ё  = 196 частота 0,03179237631792376
21.03.2020 21:14:23      Количество символов ў  = 148 частота 0,024006488240064884
26.03.2020 9:48:24      Количество символов i  = 32 частота 0,0051905920519059205
26.03.2020 9:48:24      Количество символов а  = 207 частота 0,033576642335766425
26.03.2020 9:48:24      Количество символов б  = 100 частота 0,016220600162206
26.03.2020 9:48:24      Количество символов в  = 91 частота 0,014760746147607461
26.03.2020 9:48:24      Количество символов г  = 56 частота 0,009083536090835361
26.03.2020 9:48:24      Количество символов д  = 248 частота 0,040227088402270884
26.03.2020 9:48:24      Количество символов е  = 1032 частота 0,16739659367396595
26.03.2020 9:48:24      Количество символов ж  = 347 частота 0,05628548256285482
26.03.2020 9:48:24      Количество символов з  = 507 частота 0,08223844282238443
26.03.2020 9:48:24      Количество символов й  = 121 частота 0,01962692619626926
26.03.2020 9:48:24      Количество символов к  = 184 частота 0,02984590429845904
26.03.2020 9:48:24      Количество символов л  = 48 частота 0,007785888077858881
26.03.2020 9:48:24      Количество символов м  = 99 частота 0,016058394160583942
26.03.2020 9:48:24      Количество символов н  = 297 частота 0,04817518248175182
26.03.2020 9:48:24      Количество символов о  = 216 частота 0,035036496350364967
26.03.2020 9:48:24      Количество символов п  = 196 частота 0,03179237631792376
26.03.2020 9:48:24      Количество символов р  = 8 частота 0,0012976480129764801
26.03.2020 9:48:24      Количество символов с  = 86 частота 0,013949716139497161
26.03.2020 9:48:24      Количество символов т  = 200 частота 0,032441200324412
26.03.2020 9:48:24      Количество символов у  = 94 частота 0,01524736415247364
26.03.2020 9:48:24      Количество символов ф  = 174 частота 0,028223844282238442
26.03.2020 9:48:24      Количество символов х  = 164 частота 0,026601784266017843
26.03.2020 9:48:24      Количество символов ц  = 159 частота 0,02579075425790754
26.03.2020 9:48:24      Количество символов ч  = 356 частота 0,057745336577453364
26.03.2020 9:48:24      Количество символов ш  = 258 частота 0,04184914841849149
26.03.2020 9:48:24      Количество символов ы  = 161 частота 0,02611516626115166
26.03.2020 9:48:24      Количество символов ь  = 174 частота 0,028223844282238442
26.03.2020 9:48:24      Количество символов э  = 135 частота 0,021897810218978103
26.03.2020 9:48:24      Количество символов ю  = 7 частота 0,0011354420113544202
26.03.2020 9:48:24      Количество символов я  = 64 частота 0,010381184103811841
26.03.2020 9:48:24      Количество символов ё  = 196 частота 0,03179237631792376
26.03.2020 9:48:24      Количество символов ў  = 148 частота 0,024006488240064884
