4/5/2020 4:29:02 PM      Количество символов i  = 347 частота 0.05628548256285482
4/5/2020 4:29:02 PM      Количество символов а  = 1032 частота 0.16739659367396595
4/5/2020 4:29:02 PM      Количество символов б  = 121 частота 0.01962692619626926
4/5/2020 4:29:02 PM      Количество символов в  = 184 частота 0.02984590429845904
4/5/2020 4:29:02 PM      Количество символов г  = 99 частота 0.016058394160583942
4/5/2020 4:29:02 PM      Количество символов д  = 216 частота 0.035036496350364967
4/5/2020 4:29:02 PM      Количество символов е  = 196 частота 0.03179237631792376
4/5/2020 4:29:02 PM      Количество символов ж  = 86 частота 0.013949716139497161
4/5/2020 4:29:02 PM      Количество символов з  = 200 частота 0.032441200324412
4/5/2020 4:29:02 PM      Количество символов й  = 94 частота 0.01524736415247364
4/5/2020 4:29:02 PM      Количество символов к  = 148 частота 0.024006488240064884
4/5/2020 4:29:02 PM      Количество символов л  = 196 частота 0.03179237631792376
4/5/2020 4:29:02 PM      Количество символов м  = 174 частота 0.028223844282238442
4/5/2020 4:29:02 PM      Количество символов н  = 507 частота 0.08223844282238443
4/5/2020 4:29:02 PM      Количество символов о  = 164 частота 0.026601784266017843
4/5/2020 4:29:02 PM      Количество символов п  = 159 частота 0.02579075425790754
4/5/2020 4:29:02 PM      Количество символов р  = 356 частота 0.057745336577453364
4/5/2020 4:29:02 PM      Количество символов с  = 258 частота 0.04184914841849149
4/5/2020 4:29:02 PM      Количество символов т  = 161 частота 0.02611516626115166
4/5/2020 4:29:02 PM      Количество символов у  = 174 частота 0.028223844282238442
4/5/2020 4:29:02 PM      Количество символов ф  = 7 частота 0.0011354420113544202
4/5/2020 4:29:02 PM      Количество символов х  = 64 частота 0.010381184103811841
4/5/2020 4:29:02 PM      Количество символов ц  = 207 частота 0.033576642335766425
4/5/2020 4:29:02 PM      Количество символов ч  = 48 частота 0.007785888077858881
4/5/2020 4:29:02 PM      Количество символов ш  = 32 частота 0.0051905920519059205
4/5/2020 4:29:02 PM      Количество символов ы  = 297 частота 0.04817518248175182
4/5/2020 4:29:02 PM      Количество символов ь  = 100 частота 0.016220600162206
4/5/2020 4:29:02 PM      Количество символов э  = 91 частота 0.014760746147607461
4/5/2020 4:29:02 PM      Количество символов ю  = 56 частота 0.009083536090835361
4/5/2020 4:29:02 PM      Количество символов я  = 248 частота 0.040227088402270884
4/5/2020 4:29:02 PM      Количество символов ё  = 8 частота 0.0012976480129764801
4/5/2020 4:29:02 PM      Количество символов ў  = 135 частота 0.021897810218978103
4/5/2020 4:29:19 PM      Количество символов i  = 347 частота 0.05628548256285482
4/5/2020 4:29:19 PM      Количество символов а  = 1032 частота 0.16739659367396595
4/5/2020 4:29:19 PM      Количество символов б  = 121 частота 0.01962692619626926
4/5/2020 4:29:19 PM      Количество символов в  = 184 частота 0.02984590429845904
4/5/2020 4:29:19 PM      Количество символов г  = 99 частота 0.016058394160583942
4/5/2020 4:29:19 PM      Количество символов д  = 216 частота 0.035036496350364967
4/5/2020 4:29:19 PM      Количество символов е  = 196 частота 0.03179237631792376
4/5/2020 4:29:19 PM      Количество символов ж  = 86 частота 0.013949716139497161
4/5/2020 4:29:19 PM      Количество символов з  = 200 частота 0.032441200324412
4/5/2020 4:29:19 PM      Количество символов й  = 94 частота 0.01524736415247364
4/5/2020 4:29:19 PM      Количество символов к  = 148 частота 0.024006488240064884
4/5/2020 4:29:19 PM      Количество символов л  = 196 частота 0.03179237631792376
4/5/2020 4:29:19 PM      Количество символов м  = 174 частота 0.028223844282238442
4/5/2020 4:29:19 PM      Количество символов н  = 507 частота 0.08223844282238443
4/5/2020 4:29:19 PM      Количество символов о  = 164 частота 0.026601784266017843
4/5/2020 4:29:19 PM      Количество символов п  = 159 частота 0.02579075425790754
4/5/2020 4:29:19 PM      Количество символов р  = 356 частота 0.057745336577453364
4/5/2020 4:29:19 PM      Количество символов с  = 258 частота 0.04184914841849149
4/5/2020 4:29:19 PM      Количество символов т  = 161 частота 0.02611516626115166
4/5/2020 4:29:19 PM      Количество символов у  = 174 частота 0.028223844282238442
4/5/2020 4:29:19 PM      Количество символов ф  = 7 частота 0.0011354420113544202
4/5/2020 4:29:19 PM      Количество символов х  = 64 частота 0.010381184103811841
4/5/2020 4:29:19 PM      Количество символов ц  = 207 частота 0.033576642335766425
4/5/2020 4:29:19 PM      Количество символов ч  = 48 частота 0.007785888077858881
4/5/2020 4:29:19 PM      Количество символов ш  = 32 частота 0.0051905920519059205
4/5/2020 4:29:19 PM      Количество символов ы  = 297 частота 0.04817518248175182
4/5/2020 4:29:19 PM      Количество символов ь  = 100 частота 0.016220600162206
4/5/2020 4:29:19 PM      Количество символов э  = 91 частота 0.014760746147607461
4/5/2020 4:29:19 PM      Количество символов ю  = 56 частота 0.009083536090835361
4/5/2020 4:29:19 PM      Количество символов я  = 248 частота 0.040227088402270884
4/5/2020 4:29:19 PM      Количество символов ё  = 8 частота 0.0012976480129764801
4/5/2020 4:29:19 PM      Количество символов ў  = 135 частота 0.021897810218978103
4/5/2020 4:30:08 PM      Количество символов 
  = 48 частота 0.006643598615916955
4/5/2020 4:30:08 PM      Количество символов   = 48 частота 0.006643598615916955
4/5/2020 4:30:08 PM      Количество символов    = 825 частота 0.11418685121107267
4/5/2020 4:30:08 PM      Количество символов ,  = 63 частота 0.008719723183391004
4/5/2020 4:30:08 PM      Количество символов -  = 5 частота 0.0006920415224913495
4/5/2020 4:30:08 PM      Количество символов .  = 54 частота 0.007474048442906575
4/5/2020 4:30:08 PM      Количество символов :  = 1 частота 0.0001384083044982699
4/5/2020 4:30:08 PM      Количество символов ;  = 1 частота 0.0001384083044982699
4/5/2020 4:30:08 PM      Количество символов i  = 347 частота 0.04802768166089966
4/5/2020 4:30:08 PM      Количество символов а  = 1032 частота 0.14283737024221455
4/5/2020 4:30:08 PM      Количество символов б  = 121 частота 0.01674740484429066
4/5/2020 4:30:08 PM      Количество символов в  = 184 частота 0.02546712802768166
4/5/2020 4:30:08 PM      Количество символов г  = 99 частота 0.01370242214532872
4/5/2020 4:30:08 PM      Количество символов д  = 216 частота 0.0298961937716263
4/5/2020 4:30:08 PM      Количество символов е  = 196 частота 0.0271280276816609
4/5/2020 4:30:08 PM      Количество символов ж  = 86 частота 0.011903114186851211
4/5/2020 4:30:08 PM      Количество символов з  = 200 частота 0.02768166089965398
4/5/2020 4:30:08 PM      Количество символов й  = 94 частота 0.01301038062283737
4/5/2020 4:30:08 PM      Количество символов к  = 148 частота 0.020484429065743943
4/5/2020 4:30:08 PM      Количество символов л  = 196 частота 0.0271280276816609
4/5/2020 4:30:08 PM      Количество символов м  = 174 частота 0.024083044982698962
4/5/2020 4:30:08 PM      Количество символов н  = 507 частота 0.07017301038062283
4/5/2020 4:30:08 PM      Количество символов о  = 164 частота 0.022698961937716262
4/5/2020 4:30:08 PM      Количество символов п  = 159 частота 0.022006920415224913
4/5/2020 4:30:08 PM      Количество символов р  = 356 частота 0.04927335640138408
4/5/2020 4:30:08 PM      Количество символов с  = 258 частота 0.035709342560553636
4/5/2020 4:30:08 PM      Количество символов т  = 161 частота 0.022283737024221453
4/5/2020 4:30:08 PM      Количество символов у  = 174 частота 0.024083044982698962
4/5/2020 4:30:08 PM      Количество символов ф  = 7 частота 0.0009688581314878892
4/5/2020 4:30:08 PM      Количество символов х  = 64 частота 0.008858131487889274
4/5/2020 4:30:08 PM      Количество символов ц  = 207 частота 0.02865051903114187
4/5/2020 4:30:08 PM      Количество символов ч  = 48 частота 0.006643598615916955
4/5/2020 4:30:08 PM      Количество символов ш  = 32 частота 0.004429065743944637
4/5/2020 4:30:08 PM      Количество символов ы  = 297 частота 0.04110726643598616
4/5/2020 4:30:08 PM      Количество символов ь  = 100 частота 0.01384083044982699
4/5/2020 4:30:08 PM      Количество символов э  = 91 частота 0.01259515570934256
4/5/2020 4:30:08 PM      Количество символов ю  = 56 частота 0.007750865051903114
4/5/2020 4:30:08 PM      Количество символов я  = 248 частота 0.03432525951557094
4/5/2020 4:30:08 PM      Количество символов ё  = 8 частота 0.0011072664359861593
4/5/2020 4:30:08 PM      Количество символов ў  = 135 частота 0.018685121107266434
4/5/2020 4:30:08 PM      Количество символов —  = 3 частота 0.0004152249134948097
4/5/2020 4:30:08 PM      Количество символов ’  = 12 частота 0.0016608996539792388
4/5/2020 4:45:32 PM      Количество символов 
  = 48 частота 0.006643598615916955
4/5/2020 4:45:32 PM      Количество символов   = 48 частота 0.006643598615916955
4/5/2020 4:45:32 PM      Количество символов    = 825 частота 0.11418685121107267
4/5/2020 4:45:32 PM      Количество символов ,  = 63 частота 0.008719723183391004
4/5/2020 4:45:32 PM      Количество символов -  = 5 частота 0.0006920415224913495
4/5/2020 4:45:32 PM      Количество символов .  = 54 частота 0.007474048442906575
4/5/2020 4:45:32 PM      Количество символов :  = 1 частота 0.0001384083044982699
4/5/2020 4:45:32 PM      Количество символов ;  = 1 частота 0.0001384083044982699
4/5/2020 4:45:32 PM      Количество символов i  = 347 частота 0.04802768166089966
4/5/2020 4:45:32 PM      Количество символов А  = 3 частота 0.0004152249134948097
4/5/2020 4:45:32 PM      Количество символов Б  = 29 частота 0.004013840830449827
4/5/2020 4:45:32 PM      Количество символов Г  = 3 частота 0.0004152249134948097
4/5/2020 4:45:32 PM      Количество символов Д  = 16 частота 0.0022145328719723185
4/5/2020 4:45:32 PM      Количество символов З  = 5 частота 0.0006920415224913495
4/5/2020 4:45:32 PM      Количество символов К  = 7 частота 0.0009688581314878892
4/5/2020 4:45:32 PM      Количество символов Л  = 1 частота 0.0001384083044982699
4/5/2020 4:45:32 PM      Количество символов М  = 2 частота 0.0002768166089965398
4/5/2020 4:45:32 PM      Количество символов Н  = 6 частота 0.0008304498269896194
4/5/2020 4:45:32 PM      Количество символов П  = 3 частота 0.0004152249134948097
4/5/2020 4:45:32 PM      Количество символов Р  = 27 частота 0.0037370242214532874
4/5/2020 4:45:32 PM      Количество символов С  = 3 частота 0.0004152249134948097
4/5/2020 4:45:32 PM      Количество символов Т  = 3 частота 0.0004152249134948097
4/5/2020 4:45:32 PM      Количество символов У  = 3 частота 0.0004152249134948097
4/5/2020 4:45:32 PM      Количество символов Ч  = 1 частота 0.0001384083044982699
4/5/2020 4:45:32 PM      Количество символов а  = 1029 частота 0.14242214532871972
4/5/2020 4:45:32 PM      Количество символов б  = 92 частота 0.01273356401384083
4/5/2020 4:45:32 PM      Количество символов в  = 184 частота 0.02546712802768166
4/5/2020 4:45:32 PM      Количество символов г  = 96 частота 0.01328719723183391
4/5/2020 4:45:32 PM      Количество символов д  = 200 частота 0.02768166089965398
4/5/2020 4:45:32 PM      Количество символов е  = 196 частота 0.0271280276816609
4/5/2020 4:45:32 PM      Количество символов ж  = 86 частота 0.011903114186851211
4/5/2020 4:45:32 PM      Количество символов з  = 195 частота 0.02698961937716263
4/5/2020 4:45:32 PM      Количество символов й  = 94 частота 0.01301038062283737
4/5/2020 4:45:32 PM      Количество символов к  = 141 частота 0.019515570934256054
4/5/2020 4:45:32 PM      Количество символов л  = 195 частота 0.02698961937716263
4/5/2020 4:45:32 PM      Количество символов м  = 172 частота 0.023806228373702422
4/5/2020 4:45:32 PM      Количество символов н  = 501 частота 0.06934256055363322
4/5/2020 4:45:32 PM      Количество символов о  = 164 частота 0.022698961937716262
4/5/2020 4:45:32 PM      Количество символов п  = 156 частота 0.021591695501730103
4/5/2020 4:45:32 PM      Количество символов р  = 329 частота 0.0455363321799308
4/5/2020 4:45:32 PM      Количество символов с  = 255 частота 0.03529411764705882
4/5/2020 4:45:32 PM      Количество символов т  = 158 частота 0.021868512110726643
4/5/2020 4:45:32 PM      Количество символов у  = 171 частота 0.023667820069204152
4/5/2020 4:45:32 PM      Количество символов ф  = 7 частота 0.0009688581314878892
4/5/2020 4:45:32 PM      Количество символов х  = 64 частота 0.008858131487889274
4/5/2020 4:45:32 PM      Количество символов ц  = 207 частота 0.02865051903114187
4/5/2020 4:45:32 PM      Количество символов ч  = 47 частота 0.006505190311418685
4/5/2020 4:45:32 PM      Количество символов ш  = 32 частота 0.004429065743944637
4/5/2020 4:45:32 PM      Количество символов ы  = 297 частота 0.04110726643598616
4/5/2020 4:45:32 PM      Количество символов ь  = 100 частота 0.01384083044982699
4/5/2020 4:45:32 PM      Количество символов э  = 91 частота 0.01259515570934256
4/5/2020 4:45:32 PM      Количество символов ю  = 56 частота 0.007750865051903114
4/5/2020 4:45:32 PM      Количество символов я  = 248 частота 0.03432525951557094
4/5/2020 4:45:32 PM      Количество символов ё  = 8 частота 0.0011072664359861593
4/5/2020 4:45:32 PM      Количество символов ў  = 135 частота 0.018685121107266434
4/5/2020 4:45:32 PM      Количество символов —  = 3 частота 0.0004152249134948097
4/5/2020 4:45:32 PM      Количество символов ’  = 12 частота 0.0016608996539792388
4/5/2020 4:46:22 PM      Количество символов 
  = 48 частота 0.006643598615916955
4/5/2020 4:46:22 PM      Количество символов   = 48 частота 0.006643598615916955
4/5/2020 4:46:22 PM      Количество символов    = 825 частота 0.11418685121107267
4/5/2020 4:46:22 PM      Количество символов ,  = 63 частота 0.008719723183391004
4/5/2020 4:46:26 PM      Количество символов 
  = 48 частота 0.006643598615916955
4/5/2020 4:46:26 PM      Количество символов   = 48 частота 0.006643598615916955
4/5/2020 4:46:26 PM      Количество символов    = 825 частота 0.11418685121107267
4/5/2020 4:46:26 PM      Количество символов ,  = 63 частота 0.008719723183391004
4/5/2020 4:46:26 PM      Количество символов -  = 5 частота 0.0006920415224913495
4/5/2020 4:46:26 PM      Количество символов .  = 54 частота 0.007474048442906575
4/5/2020 4:46:26 PM      Количество символов :  = 1 частота 0.0001384083044982699
4/5/2020 4:46:26 PM      Количество символов ;  = 1 частота 0.0001384083044982699
4/5/2020 4:46:26 PM      Количество символов i  = 347 частота 0.04802768166089966
4/5/2020 4:46:26 PM      Количество символов А  = 3 частота 0.0004152249134948097
4/5/2020 4:46:26 PM      Количество символов Б  = 29 частота 0.004013840830449827
4/5/2020 4:46:26 PM      Количество символов Г  = 3 частота 0.0004152249134948097
4/5/2020 4:46:26 PM      Количество символов Д  = 16 частота 0.0022145328719723185
4/5/2020 4:46:26 PM      Количество символов З  = 5 частота 0.0006920415224913495
4/5/2020 4:46:26 PM      Количество символов К  = 7 частота 0.0009688581314878892
4/5/2020 4:46:26 PM      Количество символов Л  = 1 частота 0.0001384083044982699
4/5/2020 4:46:26 PM      Количество символов М  = 2 частота 0.0002768166089965398
4/5/2020 4:46:26 PM      Количество символов Н  = 6 частота 0.0008304498269896194
4/5/2020 4:46:26 PM      Количество символов П  = 3 частота 0.0004152249134948097
4/5/2020 4:46:26 PM      Количество символов Р  = 27 частота 0.0037370242214532874
4/5/2020 4:46:26 PM      Количество символов С  = 3 частота 0.0004152249134948097
4/5/2020 4:46:26 PM      Количество символов Т  = 3 частота 0.0004152249134948097
4/5/2020 4:46:26 PM      Количество символов У  = 3 частота 0.0004152249134948097
4/5/2020 4:46:26 PM      Количество символов Ч  = 1 частота 0.0001384083044982699
4/5/2020 4:46:26 PM      Количество символов а  = 1029 частота 0.14242214532871972
4/5/2020 4:46:26 PM      Количество символов б  = 92 частота 0.01273356401384083
4/5/2020 4:46:26 PM      Количество символов в  = 184 частота 0.02546712802768166
4/5/2020 4:46:26 PM      Количество символов г  = 96 частота 0.01328719723183391
4/5/2020 4:46:26 PM      Количество символов д  = 200 частота 0.02768166089965398
4/5/2020 4:46:26 PM      Количество символов е  = 196 частота 0.0271280276816609
4/5/2020 4:46:26 PM      Количество символов ж  = 86 частота 0.011903114186851211
4/5/2020 4:46:26 PM      Количество символов з  = 195 частота 0.02698961937716263
4/5/2020 4:46:26 PM      Количество символов й  = 94 частота 0.01301038062283737
4/5/2020 4:46:26 PM      Количество символов к  = 141 частота 0.019515570934256054
4/5/2020 4:46:26 PM      Количество символов л  = 195 частота 0.02698961937716263
4/5/2020 4:46:26 PM      Количество символов м  = 172 частота 0.023806228373702422
4/5/2020 4:46:26 PM      Количество символов н  = 501 частота 0.06934256055363322
4/5/2020 4:46:26 PM      Количество символов о  = 164 частота 0.022698961937716262
4/5/2020 4:46:26 PM      Количество символов п  = 156 частота 0.021591695501730103
4/5/2020 4:46:26 PM      Количество символов р  = 329 частота 0.0455363321799308
4/5/2020 4:46:27 PM      Количество символов с  = 255 частота 0.03529411764705882
4/5/2020 4:46:27 PM      Количество символов т  = 158 частота 0.021868512110726643
4/5/2020 4:46:27 PM      Количество символов у  = 171 частота 0.023667820069204152
4/5/2020 4:46:27 PM      Количество символов ф  = 7 частота 0.0009688581314878892
4/5/2020 4:46:27 PM      Количество символов х  = 64 частота 0.008858131487889274
4/5/2020 4:46:27 PM      Количество символов ц  = 207 частота 0.02865051903114187
4/5/2020 4:46:27 PM      Количество символов ч  = 47 частота 0.006505190311418685
4/5/2020 4:46:27 PM      Количество символов ш  = 32 частота 0.004429065743944637
4/5/2020 4:46:27 PM      Количество символов ы  = 297 частота 0.04110726643598616
4/5/2020 4:46:27 PM      Количество символов ь  = 100 частота 0.01384083044982699
4/5/2020 4:46:27 PM      Количество символов э  = 91 частота 0.01259515570934256
4/5/2020 4:46:27 PM      Количество символов ю  = 56 частота 0.007750865051903114
4/5/2020 4:46:27 PM      Количество символов я  = 248 частота 0.03432525951557094
4/5/2020 4:46:27 PM      Количество символов ё  = 8 частота 0.0011072664359861593
4/5/2020 4:46:27 PM      Количество символов ў  = 135 частота 0.018685121107266434
4/5/2020 4:46:27 PM      Количество символов —  = 3 частота 0.0004152249134948097
4/5/2020 4:46:27 PM      Количество символов ’  = 12 частота 0.0016608996539792388
4/5/2020 4:48:53 PM      Количество символов 
  = 48 частота 0.006643598615916955
4/5/2020 4:48:53 PM      Количество символов   = 48 частота 0.006643598615916955
4/5/2020 4:48:53 PM      Количество символов    = 825 частота 0.11418685121107267
4/5/2020 4:48:53 PM      Количество символов ,  = 63 частота 0.008719723183391004
4/5/2020 4:48:53 PM      Количество символов -  = 5 частота 0.0006920415224913495
4/5/2020 4:48:53 PM      Количество символов .  = 54 частота 0.007474048442906575
4/5/2020 4:48:53 PM      Количество символов :  = 1 частота 0.0001384083044982699
4/5/2020 4:48:53 PM      Количество символов ;  = 1 частота 0.0001384083044982699
4/5/2020 4:48:53 PM      Количество символов i  = 347 частота 0.04802768166089966
4/5/2020 4:48:53 PM      Количество символов А  = 3 частота 0.0004152249134948097
4/5/2020 4:48:53 PM      Количество символов Б  = 29 частота 0.004013840830449827
4/5/2020 4:48:53 PM      Количество символов Г  = 3 частота 0.0004152249134948097
4/5/2020 4:48:53 PM      Количество символов Д  = 16 частота 0.0022145328719723185
4/5/2020 4:48:53 PM      Количество символов З  = 5 частота 0.0006920415224913495
4/5/2020 4:48:53 PM      Количество символов К  = 7 частота 0.0009688581314878892
4/5/2020 4:48:53 PM      Количество символов Л  = 1 частота 0.0001384083044982699
4/5/2020 4:48:53 PM      Количество символов М  = 2 частота 0.0002768166089965398
4/5/2020 4:48:53 PM      Количество символов Н  = 6 частота 0.0008304498269896194
4/5/2020 4:48:53 PM      Количество символов П  = 3 частота 0.0004152249134948097
4/5/2020 4:48:53 PM      Количество символов Р  = 27 частота 0.0037370242214532874
4/5/2020 4:48:53 PM      Количество символов С  = 3 частота 0.0004152249134948097
4/5/2020 4:48:53 PM      Количество символов Т  = 3 частота 0.0004152249134948097
4/5/2020 4:48:53 PM      Количество символов У  = 3 частота 0.0004152249134948097
4/5/2020 4:48:53 PM      Количество символов Ч  = 1 частота 0.0001384083044982699
4/5/2020 4:48:53 PM      Количество символов а  = 1029 частота 0.14242214532871972
4/5/2020 4:48:53 PM      Количество символов б  = 92 частота 0.01273356401384083
4/5/2020 4:48:53 PM      Количество символов в  = 184 частота 0.02546712802768166
4/5/2020 4:48:53 PM      Количество символов г  = 96 частота 0.01328719723183391
4/5/2020 4:48:53 PM      Количество символов д  = 200 частота 0.02768166089965398
4/5/2020 4:48:53 PM      Количество символов е  = 196 частота 0.0271280276816609
4/5/2020 4:48:53 PM      Количество символов ж  = 86 частота 0.011903114186851211
4/5/2020 4:48:53 PM      Количество символов з  = 195 частота 0.02698961937716263
4/5/2020 4:48:53 PM      Количество символов й  = 94 частота 0.01301038062283737
4/5/2020 4:48:53 PM      Количество символов к  = 141 частота 0.019515570934256054
4/5/2020 4:48:53 PM      Количество символов л  = 195 частота 0.02698961937716263
4/5/2020 4:48:53 PM      Количество символов м  = 172 частота 0.023806228373702422
4/5/2020 4:48:53 PM      Количество символов н  = 501 частота 0.06934256055363322
4/5/2020 4:48:53 PM      Количество символов о  = 164 частота 0.022698961937716262
4/5/2020 4:48:53 PM      Количество символов п  = 156 частота 0.021591695501730103
4/5/2020 4:48:53 PM      Количество символов р  = 329 частота 0.0455363321799308
4/5/2020 4:48:53 PM      Количество символов с  = 255 частота 0.03529411764705882
4/5/2020 4:48:53 PM      Количество символов т  = 158 частота 0.021868512110726643
4/5/2020 4:48:53 PM      Количество символов у  = 171 частота 0.023667820069204152
4/5/2020 4:48:53 PM      Количество символов ф  = 7 частота 0.0009688581314878892
4/5/2020 4:48:53 PM      Количество символов х  = 64 частота 0.008858131487889274
4/5/2020 4:48:53 PM      Количество символов ц  = 207 частота 0.02865051903114187
4/5/2020 4:48:53 PM      Количество символов ч  = 47 частота 0.006505190311418685
4/5/2020 4:48:53 PM      Количество символов ш  = 32 частота 0.004429065743944637
4/5/2020 4:48:53 PM      Количество символов ы  = 297 частота 0.04110726643598616
4/5/2020 4:48:53 PM      Количество символов ь  = 100 частота 0.01384083044982699
4/5/2020 4:48:53 PM      Количество символов э  = 91 частота 0.01259515570934256
4/5/2020 4:48:53 PM      Количество символов ю  = 56 частота 0.007750865051903114
4/5/2020 4:48:53 PM      Количество символов я  = 248 частота 0.03432525951557094
4/5/2020 4:48:53 PM      Количество символов ё  = 8 частота 0.0011072664359861593
4/5/2020 4:48:53 PM      Количество символов ў  = 135 частота 0.018685121107266434
4/5/2020 4:48:53 PM      Количество символов —  = 3 частота 0.0004152249134948097
4/5/2020 4:48:53 PM      Количество символов ’  = 12 частота 0.0016608996539792388
4/5/2020 4:49:23 PM      Количество символов 
  = 48 частота 0.006643598615916955
4/5/2020 4:49:23 PM      Количество символов   = 48 частота 0.006643598615916955
4/5/2020 4:49:23 PM      Количество символов    = 825 частота 0.11418685121107267
4/5/2020 4:49:23 PM      Количество символов ,  = 63 частота 0.008719723183391004
4/5/2020 4:49:24 PM      Количество символов -  = 5 частота 0.0006920415224913495
4/5/2020 4:49:24 PM      Количество символов .  = 54 частота 0.007474048442906575
4/5/2020 4:49:24 PM      Количество символов :  = 1 частота 0.0001384083044982699
4/5/2020 4:49:24 PM      Количество символов ;  = 1 частота 0.0001384083044982699
4/5/2020 4:49:24 PM      Количество символов i  = 347 частота 0.04802768166089966
4/5/2020 4:49:24 PM      Количество символов А  = 3 частота 0.0004152249134948097
4/5/2020 4:49:24 PM      Количество символов Б  = 29 частота 0.004013840830449827
4/5/2020 4:49:24 PM      Количество символов Г  = 3 частота 0.0004152249134948097
4/5/2020 4:49:24 PM      Количество символов Д  = 16 частота 0.0022145328719723185
4/5/2020 4:49:24 PM      Количество символов З  = 5 частота 0.0006920415224913495
4/5/2020 4:49:24 PM      Количество символов К  = 7 частота 0.0009688581314878892
4/5/2020 4:49:24 PM      Количество символов Л  = 1 частота 0.0001384083044982699
4/5/2020 4:49:24 PM      Количество символов М  = 2 частота 0.0002768166089965398
4/5/2020 4:49:24 PM      Количество символов Н  = 6 частота 0.0008304498269896194
4/5/2020 4:49:24 PM      Количество символов П  = 3 частота 0.0004152249134948097
4/5/2020 4:49:24 PM      Количество символов Р  = 27 частота 0.0037370242214532874
4/5/2020 4:49:24 PM      Количество символов С  = 3 частота 0.0004152249134948097
4/5/2020 4:49:24 PM      Количество символов Т  = 3 частота 0.0004152249134948097
4/5/2020 4:49:24 PM      Количество символов У  = 3 частота 0.0004152249134948097
4/5/2020 4:49:24 PM      Количество символов Ч  = 1 частота 0.0001384083044982699
4/5/2020 4:49:24 PM      Количество символов а  = 1029 частота 0.14242214532871972
4/5/2020 4:49:24 PM      Количество символов б  = 92 частота 0.01273356401384083
4/5/2020 4:49:24 PM      Количество символов в  = 184 частота 0.02546712802768166
4/5/2020 4:49:24 PM      Количество символов г  = 96 частота 0.01328719723183391
4/5/2020 4:49:24 PM      Количество символов д  = 200 частота 0.02768166089965398
4/5/2020 4:49:24 PM      Количество символов е  = 196 частота 0.0271280276816609
4/5/2020 4:49:24 PM      Количество символов ж  = 86 частота 0.011903114186851211
4/5/2020 4:49:24 PM      Количество символов з  = 195 частота 0.02698961937716263
4/5/2020 4:49:24 PM      Количество символов й  = 94 частота 0.01301038062283737
4/5/2020 4:49:24 PM      Количество символов к  = 141 частота 0.019515570934256054
4/5/2020 4:49:24 PM      Количество символов л  = 195 частота 0.02698961937716263
4/5/2020 4:49:24 PM      Количество символов м  = 172 частота 0.023806228373702422
4/5/2020 4:49:24 PM      Количество символов н  = 501 частота 0.06934256055363322
4/5/2020 4:49:24 PM      Количество символов о  = 164 частота 0.022698961937716262
4/5/2020 4:49:24 PM      Количество символов п  = 156 частота 0.021591695501730103
4/5/2020 4:49:24 PM      Количество символов р  = 329 частота 0.0455363321799308
4/5/2020 4:49:24 PM      Количество символов с  = 255 частота 0.03529411764705882
4/5/2020 4:49:24 PM      Количество символов т  = 158 частота 0.021868512110726643
4/5/2020 4:49:24 PM      Количество символов у  = 171 частота 0.023667820069204152
4/5/2020 4:49:24 PM      Количество символов ф  = 7 частота 0.0009688581314878892
4/5/2020 4:49:24 PM      Количество символов х  = 64 частота 0.008858131487889274
4/5/2020 4:49:24 PM      Количество символов ц  = 207 частота 0.02865051903114187
4/5/2020 4:49:24 PM      Количество символов ч  = 47 частота 0.006505190311418685
4/5/2020 4:49:24 PM      Количество символов ш  = 32 частота 0.004429065743944637
4/5/2020 4:49:24 PM      Количество символов ы  = 297 частота 0.04110726643598616
4/5/2020 4:49:24 PM      Количество символов ь  = 100 частота 0.01384083044982699
4/5/2020 4:49:24 PM      Количество символов э  = 91 частота 0.01259515570934256
4/5/2020 4:49:24 PM      Количество символов ю  = 56 частота 0.007750865051903114
4/5/2020 4:49:24 PM      Количество символов я  = 248 частота 0.03432525951557094
4/5/2020 4:49:24 PM      Количество символов ё  = 8 частота 0.0011072664359861593
4/5/2020 4:49:24 PM      Количество символов ў  = 135 частота 0.018685121107266434
4/5/2020 4:49:24 PM      Количество символов —  = 3 частота 0.0004152249134948097
4/5/2020 4:49:24 PM      Количество символов ’  = 12 частота 0.0016608996539792388
4/5/2020 4:49:47 PM      Количество символов 
  = 48 частота 0.006643598615916955
4/5/2020 4:49:47 PM      Количество символов   = 48 частота 0.006643598615916955
4/5/2020 4:49:47 PM      Количество символов    = 825 частота 0.11418685121107267
4/5/2020 4:49:47 PM      Количество символов ,  = 63 частота 0.008719723183391004
4/5/2020 4:49:47 PM      Количество символов -  = 5 частота 0.0006920415224913495
4/5/2020 4:49:47 PM      Количество символов .  = 54 частота 0.007474048442906575
4/5/2020 4:49:47 PM      Количество символов :  = 1 частота 0.0001384083044982699
4/5/2020 4:49:47 PM      Количество символов ;  = 1 частота 0.0001384083044982699
4/5/2020 4:49:47 PM      Количество символов i  = 347 частота 0.04802768166089966
4/5/2020 4:49:47 PM      Количество символов А  = 3 частота 0.0004152249134948097
4/5/2020 4:49:47 PM      Количество символов Б  = 29 частота 0.004013840830449827
4/5/2020 4:49:47 PM      Количество символов Г  = 3 частота 0.0004152249134948097
4/5/2020 4:49:47 PM      Количество символов Д  = 16 частота 0.0022145328719723185
4/5/2020 4:49:47 PM      Количество символов З  = 5 частота 0.0006920415224913495
4/5/2020 4:49:47 PM      Количество символов К  = 7 частота 0.0009688581314878892
4/5/2020 4:49:47 PM      Количество символов Л  = 1 частота 0.0001384083044982699
4/5/2020 4:49:47 PM      Количество символов М  = 2 частота 0.0002768166089965398
4/5/2020 4:49:47 PM      Количество символов Н  = 6 частота 0.0008304498269896194
4/5/2020 4:49:47 PM      Количество символов П  = 3 частота 0.0004152249134948097
4/5/2020 4:49:47 PM      Количество символов Р  = 27 частота 0.0037370242214532874
4/5/2020 4:49:47 PM      Количество символов С  = 3 частота 0.0004152249134948097
4/5/2020 4:49:47 PM      Количество символов Т  = 3 частота 0.0004152249134948097
4/5/2020 4:49:47 PM      Количество символов У  = 3 частота 0.0004152249134948097
4/5/2020 4:49:47 PM      Количество символов Ч  = 1 частота 0.0001384083044982699
4/5/2020 4:49:47 PM      Количество символов а  = 1029 частота 0.14242214532871972
4/5/2020 4:49:47 PM      Количество символов б  = 92 частота 0.01273356401384083
4/5/2020 4:49:47 PM      Количество символов в  = 184 частота 0.02546712802768166
4/5/2020 4:49:47 PM      Количество символов г  = 96 частота 0.01328719723183391
4/5/2020 4:49:47 PM      Количество символов д  = 200 частота 0.02768166089965398
4/5/2020 4:49:47 PM      Количество символов е  = 196 частота 0.0271280276816609
4/5/2020 4:49:47 PM      Количество символов ж  = 86 частота 0.011903114186851211
4/5/2020 4:49:47 PM      Количество символов з  = 195 частота 0.02698961937716263
4/5/2020 4:49:47 PM      Количество символов й  = 94 частота 0.01301038062283737
4/5/2020 4:49:47 PM      Количество символов к  = 141 частота 0.019515570934256054
4/5/2020 4:49:47 PM      Количество символов л  = 195 частота 0.02698961937716263
4/5/2020 4:49:47 PM      Количество символов м  = 172 частота 0.023806228373702422
4/5/2020 4:49:47 PM      Количество символов н  = 501 частота 0.06934256055363322
4/5/2020 4:49:47 PM      Количество символов о  = 164 частота 0.022698961937716262
4/5/2020 4:49:47 PM      Количество символов п  = 156 частота 0.021591695501730103
4/5/2020 4:49:47 PM      Количество символов р  = 329 частота 0.0455363321799308
4/5/2020 4:49:47 PM      Количество символов с  = 255 частота 0.03529411764705882
4/5/2020 4:49:47 PM      Количество символов т  = 158 частота 0.021868512110726643
4/5/2020 4:49:47 PM      Количество символов у  = 171 частота 0.023667820069204152
4/5/2020 4:49:47 PM      Количество символов ф  = 7 частота 0.0009688581314878892
4/5/2020 4:49:47 PM      Количество символов х  = 64 частота 0.008858131487889274
4/5/2020 4:49:47 PM      Количество символов ц  = 207 частота 0.02865051903114187
4/5/2020 4:49:47 PM      Количество символов ч  = 47 частота 0.006505190311418685
4/5/2020 4:49:47 PM      Количество символов ш  = 32 частота 0.004429065743944637
4/5/2020 4:49:48 PM      Количество символов ы  = 297 частота 0.04110726643598616
4/5/2020 4:49:48 PM      Количество символов ь  = 100 частота 0.01384083044982699
4/5/2020 4:49:48 PM      Количество символов э  = 91 частота 0.01259515570934256
4/5/2020 4:49:48 PM      Количество символов ю  = 56 частота 0.007750865051903114
4/5/2020 4:49:48 PM      Количество символов я  = 248 частота 0.03432525951557094
4/5/2020 4:49:48 PM      Количество символов ё  = 8 частота 0.0011072664359861593
4/5/2020 4:49:48 PM      Количество символов ў  = 135 частота 0.018685121107266434
4/5/2020 4:49:48 PM      Количество символов —  = 3 частота 0.0004152249134948097
4/5/2020 4:49:48 PM      Количество символов ’  = 12 частота 0.0016608996539792388
4/8/2020 7:16:47 PM      Количество символов 
  = 48 частота 0.006643598615916955
4/8/2020 7:16:47 PM      Количество символов   = 48 частота 0.006643598615916955
4/8/2020 7:16:47 PM      Количество символов    = 825 частота 0.11418685121107267
4/8/2020 7:16:47 PM      Количество символов ,  = 63 частота 0.008719723183391004
4/8/2020 7:16:47 PM      Количество символов -  = 5 частота 0.0006920415224913495
4/8/2020 7:16:47 PM      Количество символов .  = 54 частота 0.007474048442906575
4/8/2020 7:16:47 PM      Количество символов :  = 1 частота 0.0001384083044982699
4/8/2020 7:16:47 PM      Количество символов ;  = 1 частота 0.0001384083044982699
4/8/2020 7:16:48 PM      Количество символов i  = 347 частота 0.04802768166089966
4/8/2020 7:16:48 PM      Количество символов А  = 3 частота 0.0004152249134948097
4/8/2020 7:16:48 PM      Количество символов Б  = 29 частота 0.004013840830449827
4/8/2020 7:16:48 PM      Количество символов Г  = 3 частота 0.0004152249134948097
4/8/2020 7:16:48 PM      Количество символов Д  = 16 частота 0.0022145328719723185
4/8/2020 7:16:48 PM      Количество символов З  = 5 частота 0.0006920415224913495
4/8/2020 7:16:48 PM      Количество символов К  = 7 частота 0.0009688581314878892
4/8/2020 7:16:48 PM      Количество символов Л  = 1 частота 0.0001384083044982699
4/8/2020 7:16:48 PM      Количество символов М  = 2 частота 0.0002768166089965398
4/8/2020 7:16:48 PM      Количество символов Н  = 6 частота 0.0008304498269896194
4/8/2020 7:16:48 PM      Количество символов П  = 3 частота 0.0004152249134948097
4/8/2020 7:16:48 PM      Количество символов Р  = 27 частота 0.0037370242214532874
4/8/2020 7:16:48 PM      Количество символов С  = 3 частота 0.0004152249134948097
4/8/2020 7:16:48 PM      Количество символов Т  = 3 частота 0.0004152249134948097
4/8/2020 7:16:48 PM      Количество символов У  = 3 частота 0.0004152249134948097
4/8/2020 7:16:48 PM      Количество символов Ч  = 1 частота 0.0001384083044982699
4/8/2020 7:16:48 PM      Количество символов а  = 1029 частота 0.14242214532871972
4/8/2020 7:16:48 PM      Количество символов б  = 92 частота 0.01273356401384083
4/8/2020 7:16:48 PM      Количество символов в  = 184 частота 0.02546712802768166
4/8/2020 7:16:48 PM      Количество символов г  = 96 частота 0.01328719723183391
4/8/2020 7:16:48 PM      Количество символов д  = 200 частота 0.02768166089965398
4/8/2020 7:16:48 PM      Количество символов е  = 196 частота 0.0271280276816609
4/8/2020 7:16:48 PM      Количество символов ж  = 86 частота 0.011903114186851211
4/8/2020 7:16:48 PM      Количество символов з  = 195 частота 0.02698961937716263
4/8/2020 7:16:48 PM      Количество символов й  = 94 частота 0.01301038062283737
4/8/2020 7:16:48 PM      Количество символов к  = 141 частота 0.019515570934256054
4/8/2020 7:16:48 PM      Количество символов л  = 195 частота 0.02698961937716263
4/8/2020 7:16:48 PM      Количество символов м  = 172 частота 0.023806228373702422
4/8/2020 7:16:48 PM      Количество символов н  = 501 частота 0.06934256055363322
4/8/2020 7:16:48 PM      Количество символов о  = 164 частота 0.022698961937716262
4/8/2020 7:16:48 PM      Количество символов п  = 156 частота 0.021591695501730103
4/8/2020 7:16:48 PM      Количество символов р  = 329 частота 0.0455363321799308
4/8/2020 7:16:48 PM      Количество символов с  = 255 частота 0.03529411764705882
4/8/2020 7:16:48 PM      Количество символов т  = 158 частота 0.021868512110726643
4/8/2020 7:16:49 PM      Количество символов у  = 171 частота 0.023667820069204152
4/8/2020 7:16:49 PM      Количество символов ф  = 7 частота 0.0009688581314878892
4/8/2020 7:16:49 PM      Количество символов х  = 64 частота 0.008858131487889274
4/8/2020 7:16:49 PM      Количество символов ц  = 207 частота 0.02865051903114187
4/8/2020 7:16:49 PM      Количество символов ч  = 47 частота 0.006505190311418685
4/8/2020 7:16:49 PM      Количество символов ш  = 32 частота 0.004429065743944637
4/8/2020 7:16:49 PM      Количество символов ы  = 297 частота 0.04110726643598616
4/8/2020 7:16:49 PM      Количество символов ь  = 100 частота 0.01384083044982699
4/8/2020 7:16:49 PM      Количество символов э  = 91 частота 0.01259515570934256
4/8/2020 7:16:49 PM      Количество символов ю  = 56 частота 0.007750865051903114
4/8/2020 7:16:49 PM      Количество символов я  = 248 частота 0.03432525951557094
4/8/2020 7:16:49 PM      Количество символов ё  = 8 частота 0.0011072664359861593
4/8/2020 7:16:49 PM      Количество символов ў  = 135 частота 0.018685121107266434
4/8/2020 7:16:49 PM      Количество символов —  = 3 частота 0.0004152249134948097
4/8/2020 7:16:49 PM      Количество символов ’  = 12 частота 0.0016608996539792388
4/8/2020 7:17:10 PM      Количество символов 
  = 48 частота 0.006643598615916955
4/8/2020 7:17:10 PM      Количество символов   = 48 частота 0.006643598615916955
4/8/2020 7:17:10 PM      Количество символов    = 825 частота 0.11418685121107267
4/8/2020 7:17:10 PM      Количество символов ,  = 63 частота 0.008719723183391004
4/8/2020 7:17:10 PM      Количество символов -  = 5 частота 0.0006920415224913495
4/8/2020 7:17:10 PM      Количество символов .  = 54 частота 0.007474048442906575
4/8/2020 7:17:10 PM      Количество символов :  = 1 частота 0.0001384083044982699
4/8/2020 7:17:10 PM      Количество символов ;  = 1 частота 0.0001384083044982699
4/8/2020 7:17:10 PM      Количество символов i  = 347 частота 0.04802768166089966
4/8/2020 7:17:10 PM      Количество символов А  = 3 частота 0.0004152249134948097
4/8/2020 7:17:10 PM      Количество символов Б  = 29 частота 0.004013840830449827
4/8/2020 7:17:10 PM      Количество символов Г  = 3 частота 0.0004152249134948097
4/8/2020 7:17:10 PM      Количество символов Д  = 16 частота 0.0022145328719723185
4/8/2020 7:17:10 PM      Количество символов З  = 5 частота 0.0006920415224913495
4/8/2020 7:17:10 PM      Количество символов К  = 7 частота 0.0009688581314878892
4/8/2020 7:17:10 PM      Количество символов Л  = 1 частота 0.0001384083044982699
4/8/2020 7:17:10 PM      Количество символов М  = 2 частота 0.0002768166089965398
4/8/2020 7:17:10 PM      Количество символов Н  = 6 частота 0.0008304498269896194
4/8/2020 7:17:10 PM      Количество символов П  = 3 частота 0.0004152249134948097
4/8/2020 7:17:10 PM      Количество символов Р  = 27 частота 0.0037370242214532874
4/8/2020 7:17:10 PM      Количество символов С  = 3 частота 0.0004152249134948097
4/8/2020 7:17:11 PM      Количество символов Т  = 3 частота 0.0004152249134948097
4/8/2020 7:17:11 PM      Количество символов У  = 3 частота 0.0004152249134948097
4/8/2020 7:17:11 PM      Количество символов Ч  = 1 частота 0.0001384083044982699
4/8/2020 7:17:11 PM      Количество символов а  = 1029 частота 0.14242214532871972
4/8/2020 7:17:11 PM      Количество символов б  = 92 частота 0.01273356401384083
4/8/2020 7:17:11 PM      Количество символов в  = 184 частота 0.02546712802768166
4/8/2020 7:17:11 PM      Количество символов г  = 96 частота 0.01328719723183391
4/8/2020 7:17:11 PM      Количество символов д  = 200 частота 0.02768166089965398
4/8/2020 7:17:11 PM      Количество символов е  = 196 частота 0.0271280276816609
4/8/2020 7:17:11 PM      Количество символов ж  = 86 частота 0.011903114186851211
4/8/2020 7:17:11 PM      Количество символов з  = 195 частота 0.02698961937716263
4/8/2020 7:17:11 PM      Количество символов й  = 94 частота 0.01301038062283737
4/8/2020 7:17:11 PM      Количество символов к  = 141 частота 0.019515570934256054
4/8/2020 7:17:11 PM      Количество символов л  = 195 частота 0.02698961937716263
4/8/2020 7:17:11 PM      Количество символов м  = 172 частота 0.023806228373702422
4/8/2020 7:17:11 PM      Количество символов н  = 501 частота 0.06934256055363322
4/8/2020 7:17:12 PM      Количество символов о  = 164 частота 0.022698961937716262
4/8/2020 7:17:12 PM      Количество символов п  = 156 частота 0.021591695501730103
4/8/2020 7:17:12 PM      Количество символов р  = 329 частота 0.0455363321799308
4/8/2020 7:17:12 PM      Количество символов с  = 255 частота 0.03529411764705882
4/8/2020 7:17:12 PM      Количество символов т  = 158 частота 0.021868512110726643
4/8/2020 7:17:12 PM      Количество символов у  = 171 частота 0.023667820069204152
4/8/2020 7:17:12 PM      Количество символов ф  = 7 частота 0.0009688581314878892
4/8/2020 7:17:12 PM      Количество символов х  = 64 частота 0.008858131487889274
4/8/2020 7:17:12 PM      Количество символов ц  = 207 частота 0.02865051903114187
4/8/2020 7:17:12 PM      Количество символов ч  = 47 частота 0.006505190311418685
4/8/2020 7:17:12 PM      Количество символов ш  = 32 частота 0.004429065743944637
4/8/2020 7:17:12 PM      Количество символов ы  = 297 частота 0.04110726643598616
4/8/2020 7:17:12 PM      Количество символов ь  = 100 частота 0.01384083044982699
4/8/2020 7:17:12 PM      Количество символов э  = 91 частота 0.01259515570934256
4/8/2020 7:17:12 PM      Количество символов ю  = 56 частота 0.007750865051903114
4/8/2020 7:17:12 PM      Количество символов я  = 248 частота 0.03432525951557094
4/8/2020 7:17:12 PM      Количество символов ё  = 8 частота 0.0011072664359861593
4/8/2020 7:17:12 PM      Количество символов ў  = 135 частота 0.018685121107266434
4/8/2020 7:17:12 PM      Количество символов —  = 3 частота 0.0004152249134948097
4/8/2020 7:17:12 PM      Количество символов ’  = 12 частота 0.0016608996539792388
4/8/2020 10:16:58 PM      Количество символов 
  = 48 частота 0.006643598615916955
4/8/2020 10:16:58 PM      Количество символов   = 48 частота 0.006643598615916955
4/8/2020 10:16:58 PM      Количество символов    = 825 частота 0.11418685121107267
4/8/2020 10:16:58 PM      Количество символов ,  = 63 частота 0.008719723183391004
4/8/2020 10:16:58 PM      Количество символов -  = 5 частота 0.0006920415224913495
4/8/2020 10:16:58 PM      Количество символов .  = 54 частота 0.007474048442906575
4/8/2020 10:16:58 PM      Количество символов :  = 1 частота 0.0001384083044982699
4/8/2020 10:16:58 PM      Количество символов ;  = 1 частота 0.0001384083044982699
4/8/2020 10:16:58 PM      Количество символов i  = 347 частота 0.04802768166089966
4/8/2020 10:16:58 PM      Количество символов А  = 3 частота 0.0004152249134948097
4/8/2020 10:16:58 PM      Количество символов Б  = 29 частота 0.004013840830449827
4/8/2020 10:16:58 PM      Количество символов Г  = 3 частота 0.0004152249134948097
4/8/2020 10:16:58 PM      Количество символов Д  = 16 частота 0.0022145328719723185
4/8/2020 10:16:58 PM      Количество символов З  = 5 частота 0.0006920415224913495
4/8/2020 10:16:58 PM      Количество символов К  = 7 частота 0.0009688581314878892
4/8/2020 10:16:58 PM      Количество символов Л  = 1 частота 0.0001384083044982699
4/8/2020 10:16:58 PM      Количество символов М  = 2 частота 0.0002768166089965398
4/8/2020 10:16:58 PM      Количество символов Н  = 6 частота 0.0008304498269896194
4/8/2020 10:16:58 PM      Количество символов П  = 3 частота 0.0004152249134948097
4/8/2020 10:16:58 PM      Количество символов Р  = 27 частота 0.0037370242214532874
4/8/2020 10:16:58 PM      Количество символов С  = 3 частота 0.0004152249134948097
4/8/2020 10:16:59 PM      Количество символов Т  = 3 частота 0.0004152249134948097
4/8/2020 10:16:59 PM      Количество символов У  = 3 частота 0.0004152249134948097
4/8/2020 10:16:59 PM      Количество символов Ч  = 1 частота 0.0001384083044982699
4/8/2020 10:16:59 PM      Количество символов а  = 1029 частота 0.14242214532871972
4/8/2020 10:16:59 PM      Количество символов б  = 92 частота 0.01273356401384083
4/8/2020 10:16:59 PM      Количество символов в  = 184 частота 0.02546712802768166
4/8/2020 10:16:59 PM      Количество символов г  = 96 частота 0.01328719723183391
4/8/2020 10:16:59 PM      Количество символов д  = 200 частота 0.02768166089965398
4/8/2020 10:16:59 PM      Количество символов е  = 196 частота 0.0271280276816609
4/8/2020 10:16:59 PM      Количество символов ж  = 86 частота 0.011903114186851211
4/8/2020 10:16:59 PM      Количество символов з  = 195 частота 0.02698961937716263
4/8/2020 10:16:59 PM      Количество символов й  = 94 частота 0.01301038062283737
4/8/2020 10:16:59 PM      Количество символов к  = 141 частота 0.019515570934256054
4/8/2020 10:16:59 PM      Количество символов л  = 195 частота 0.02698961937716263
4/8/2020 10:16:59 PM      Количество символов м  = 172 частота 0.023806228373702422
4/8/2020 10:16:59 PM      Количество символов н  = 501 частота 0.06934256055363322
4/8/2020 10:16:59 PM      Количество символов о  = 164 частота 0.022698961937716262
4/8/2020 10:16:59 PM      Количество символов п  = 156 частота 0.021591695501730103
4/8/2020 10:16:59 PM      Количество символов р  = 329 частота 0.0455363321799308
4/8/2020 10:16:59 PM      Количество символов с  = 255 частота 0.03529411764705882
4/8/2020 10:16:59 PM      Количество символов т  = 158 частота 0.021868512110726643
4/8/2020 10:16:59 PM      Количество символов у  = 171 частота 0.023667820069204152
4/8/2020 10:16:59 PM      Количество символов ф  = 7 частота 0.0009688581314878892
4/8/2020 10:16:59 PM      Количество символов х  = 64 частота 0.008858131487889274
4/8/2020 10:16:59 PM      Количество символов ц  = 207 частота 0.02865051903114187
4/8/2020 10:16:59 PM      Количество символов ч  = 47 частота 0.006505190311418685
4/8/2020 10:16:59 PM      Количество символов ш  = 32 частота 0.004429065743944637
4/8/2020 10:16:59 PM      Количество символов ы  = 297 частота 0.04110726643598616
4/8/2020 10:16:59 PM      Количество символов ь  = 100 частота 0.01384083044982699
4/8/2020 10:16:59 PM      Количество символов э  = 91 частота 0.01259515570934256
4/8/2020 10:16:59 PM      Количество символов ю  = 56 частота 0.007750865051903114
4/8/2020 10:16:59 PM      Количество символов я  = 248 частота 0.03432525951557094
4/8/2020 10:16:59 PM      Количество символов ё  = 8 частота 0.0011072664359861593
4/8/2020 10:16:59 PM      Количество символов ў  = 135 частота 0.018685121107266434
4/8/2020 10:16:59 PM      Количество символов —  = 3 частота 0.0004152249134948097
4/8/2020 10:16:59 PM      Количество символов ’  = 12 частота 0.0016608996539792388
4/8/2020 10:18:25 PM      Количество символов 
  = 48 частота 0.006643598615916955
4/8/2020 10:18:25 PM      Количество символов   = 48 частота 0.006643598615916955
4/8/2020 10:18:25 PM      Количество символов    = 825 частота 0.11418685121107267
4/8/2020 10:18:25 PM      Количество символов ,  = 63 частота 0.008719723183391004
4/8/2020 10:18:25 PM      Количество символов -  = 5 частота 0.0006920415224913495
4/8/2020 10:18:25 PM      Количество символов .  = 54 частота 0.007474048442906575
4/8/2020 10:18:25 PM      Количество символов :  = 1 частота 0.0001384083044982699
4/8/2020 10:18:25 PM      Количество символов ;  = 1 частота 0.0001384083044982699
4/8/2020 10:18:25 PM      Количество символов i  = 347 частота 0.04802768166089966
4/8/2020 10:18:25 PM      Количество символов А  = 3 частота 0.0004152249134948097
4/8/2020 10:18:25 PM      Количество символов Б  = 29 частота 0.004013840830449827
4/8/2020 10:18:25 PM      Количество символов Г  = 3 частота 0.0004152249134948097
4/8/2020 10:18:25 PM      Количество символов Д  = 16 частота 0.0022145328719723185
4/8/2020 10:18:25 PM      Количество символов З  = 5 частота 0.0006920415224913495
4/8/2020 10:18:25 PM      Количество символов К  = 7 частота 0.0009688581314878892
4/8/2020 10:18:25 PM      Количество символов Л  = 1 частота 0.0001384083044982699
4/8/2020 10:18:25 PM      Количество символов М  = 2 частота 0.0002768166089965398
4/8/2020 10:18:25 PM      Количество символов Н  = 6 частота 0.0008304498269896194
4/8/2020 10:18:25 PM      Количество символов П  = 3 частота 0.0004152249134948097
4/8/2020 10:18:25 PM      Количество символов Р  = 27 частота 0.0037370242214532874
4/8/2020 10:18:25 PM      Количество символов С  = 3 частота 0.0004152249134948097
4/8/2020 10:18:25 PM      Количество символов Т  = 3 частота 0.0004152249134948097
4/8/2020 10:18:25 PM      Количество символов У  = 3 частота 0.0004152249134948097
4/8/2020 10:18:25 PM      Количество символов Ч  = 1 частота 0.0001384083044982699
4/8/2020 10:18:25 PM      Количество символов а  = 1029 частота 0.14242214532871972
4/8/2020 10:18:25 PM      Количество символов б  = 92 частота 0.01273356401384083
4/8/2020 10:18:25 PM      Количество символов в  = 184 частота 0.02546712802768166
4/8/2020 10:18:25 PM      Количество символов г  = 96 частота 0.01328719723183391
4/8/2020 10:18:25 PM      Количество символов д  = 200 частота 0.02768166089965398
4/8/2020 10:18:25 PM      Количество символов е  = 196 частота 0.0271280276816609
4/8/2020 10:18:25 PM      Количество символов ж  = 86 частота 0.011903114186851211
4/8/2020 10:18:25 PM      Количество символов з  = 195 частота 0.02698961937716263
4/8/2020 10:18:25 PM      Количество символов й  = 94 частота 0.01301038062283737
4/8/2020 10:18:25 PM      Количество символов к  = 141 частота 0.019515570934256054
4/8/2020 10:18:25 PM      Количество символов л  = 195 частота 0.02698961937716263
4/8/2020 10:18:25 PM      Количество символов м  = 172 частота 0.023806228373702422
4/8/2020 10:18:25 PM      Количество символов н  = 501 частота 0.06934256055363322
4/8/2020 10:18:25 PM      Количество символов о  = 164 частота 0.022698961937716262
4/8/2020 10:18:25 PM      Количество символов п  = 156 частота 0.021591695501730103
4/8/2020 10:18:25 PM      Количество символов р  = 329 частота 0.0455363321799308
4/8/2020 10:18:25 PM      Количество символов с  = 255 частота 0.03529411764705882
4/8/2020 10:18:25 PM      Количество символов т  = 158 частота 0.021868512110726643
4/8/2020 10:18:25 PM      Количество символов у  = 171 частота 0.023667820069204152
4/8/2020 10:18:25 PM      Количество символов ф  = 7 частота 0.0009688581314878892
4/8/2020 10:18:25 PM      Количество символов х  = 64 частота 0.008858131487889274
4/8/2020 10:18:25 PM      Количество символов ц  = 207 частота 0.02865051903114187
4/8/2020 10:18:25 PM      Количество символов ч  = 47 частота 0.006505190311418685
4/8/2020 10:18:25 PM      Количество символов ш  = 32 частота 0.004429065743944637
4/8/2020 10:18:25 PM      Количество символов ы  = 297 частота 0.04110726643598616
4/8/2020 10:18:25 PM      Количество символов ь  = 100 частота 0.01384083044982699
4/8/2020 10:18:25 PM      Количество символов э  = 91 частота 0.01259515570934256
4/8/2020 10:18:25 PM      Количество символов ю  = 56 частота 0.007750865051903114
4/8/2020 10:18:25 PM      Количество символов я  = 248 частота 0.03432525951557094
4/8/2020 10:18:25 PM      Количество символов ё  = 8 частота 0.0011072664359861593
4/8/2020 10:18:25 PM      Количество символов ў  = 135 частота 0.018685121107266434
4/8/2020 10:18:25 PM      Количество символов —  = 3 частота 0.0004152249134948097
4/8/2020 10:18:25 PM      Количество символов ’  = 12 частота 0.0016608996539792388
4/8/2020 10:21:34 PM      Количество символов 
  = 48 частота 0.006643598615916955
4/8/2020 10:21:34 PM      Количество символов   = 48 частота 0.006643598615916955
4/8/2020 10:21:34 PM      Количество символов    = 825 частота 0.11418685121107267
4/8/2020 10:21:34 PM      Количество символов ,  = 63 частота 0.008719723183391004
4/8/2020 10:21:34 PM      Количество символов -  = 5 частота 0.0006920415224913495
4/8/2020 10:21:34 PM      Количество символов .  = 54 частота 0.007474048442906575
4/8/2020 10:21:34 PM      Количество символов :  = 1 частота 0.0001384083044982699
4/8/2020 10:21:34 PM      Количество символов ;  = 1 частота 0.0001384083044982699
4/8/2020 10:21:34 PM      Количество символов i  = 347 частота 0.04802768166089966
4/8/2020 10:21:34 PM      Количество символов А  = 3 частота 0.0004152249134948097
4/8/2020 10:21:34 PM      Количество символов Б  = 29 частота 0.004013840830449827
4/8/2020 10:21:34 PM      Количество символов Г  = 3 частота 0.0004152249134948097
4/8/2020 10:21:34 PM      Количество символов Д  = 16 частота 0.0022145328719723185
4/8/2020 10:21:34 PM      Количество символов З  = 5 частота 0.0006920415224913495
4/8/2020 10:21:34 PM      Количество символов К  = 7 частота 0.0009688581314878892
4/8/2020 10:21:34 PM      Количество символов Л  = 1 частота 0.0001384083044982699
4/8/2020 10:21:34 PM      Количество символов М  = 2 частота 0.0002768166089965398
4/8/2020 10:21:34 PM      Количество символов Н  = 6 частота 0.0008304498269896194
4/8/2020 10:21:34 PM      Количество символов П  = 3 частота 0.0004152249134948097
4/8/2020 10:21:34 PM      Количество символов Р  = 27 частота 0.0037370242214532874
4/8/2020 10:21:34 PM      Количество символов С  = 3 частота 0.0004152249134948097
4/8/2020 10:21:34 PM      Количество символов Т  = 3 частота 0.0004152249134948097
4/8/2020 10:21:34 PM      Количество символов У  = 3 частота 0.0004152249134948097
4/8/2020 10:21:34 PM      Количество символов Ч  = 1 частота 0.0001384083044982699
4/8/2020 10:21:34 PM      Количество символов а  = 1029 частота 0.14242214532871972
4/8/2020 10:21:34 PM      Количество символов б  = 92 частота 0.01273356401384083
4/8/2020 10:21:34 PM      Количество символов в  = 184 частота 0.02546712802768166
4/8/2020 10:21:34 PM      Количество символов г  = 96 частота 0.01328719723183391
4/8/2020 10:21:34 PM      Количество символов д  = 200 частота 0.02768166089965398
4/8/2020 10:21:35 PM      Количество символов е  = 196 частота 0.0271280276816609
4/8/2020 10:21:35 PM      Количество символов ж  = 86 частота 0.011903114186851211
4/8/2020 10:21:35 PM      Количество символов з  = 195 частота 0.02698961937716263
4/8/2020 10:21:35 PM      Количество символов й  = 94 частота 0.01301038062283737
4/8/2020 10:21:35 PM      Количество символов к  = 141 частота 0.019515570934256054
4/8/2020 10:21:35 PM      Количество символов л  = 195 частота 0.02698961937716263
4/8/2020 10:21:35 PM      Количество символов м  = 172 частота 0.023806228373702422
4/8/2020 10:21:35 PM      Количество символов н  = 501 частота 0.06934256055363322
4/8/2020 10:21:35 PM      Количество символов о  = 164 частота 0.022698961937716262
4/8/2020 10:21:35 PM      Количество символов п  = 156 частота 0.021591695501730103
4/8/2020 10:21:35 PM      Количество символов р  = 329 частота 0.0455363321799308
4/8/2020 10:21:35 PM      Количество символов с  = 255 частота 0.03529411764705882
4/8/2020 10:21:35 PM      Количество символов т  = 158 частота 0.021868512110726643
4/8/2020 10:21:35 PM      Количество символов у  = 171 частота 0.023667820069204152
4/8/2020 10:21:35 PM      Количество символов ф  = 7 частота 0.0009688581314878892
4/8/2020 10:21:35 PM      Количество символов х  = 64 частота 0.008858131487889274
4/8/2020 10:21:35 PM      Количество символов ц  = 207 частота 0.02865051903114187
4/8/2020 10:21:35 PM      Количество символов ч  = 47 частота 0.006505190311418685
4/8/2020 10:21:35 PM      Количество символов ш  = 32 частота 0.004429065743944637
4/8/2020 10:21:35 PM      Количество символов ы  = 297 частота 0.04110726643598616
4/8/2020 10:21:35 PM      Количество символов ь  = 100 частота 0.01384083044982699
4/8/2020 10:21:35 PM      Количество символов э  = 91 частота 0.01259515570934256
4/8/2020 10:21:35 PM      Количество символов ю  = 56 частота 0.007750865051903114
4/8/2020 10:21:35 PM      Количество символов я  = 248 частота 0.03432525951557094
4/8/2020 10:21:35 PM      Количество символов ё  = 8 частота 0.0011072664359861593
4/8/2020 10:21:35 PM      Количество символов ў  = 135 частота 0.018685121107266434
4/8/2020 10:21:35 PM      Количество символов —  = 3 частота 0.0004152249134948097
4/8/2020 10:21:35 PM      Количество символов ’  = 12 частота 0.0016608996539792388
4/9/2020 9:22:12 AM      Количество символов 
  = 48 частота 0.006643598615916955
4/9/2020 9:22:12 AM      Количество символов   = 48 частота 0.006643598615916955
4/9/2020 9:22:12 AM      Количество символов    = 825 частота 0.11418685121107267
4/9/2020 9:22:12 AM      Количество символов ,  = 63 частота 0.008719723183391004
4/9/2020 9:22:12 AM      Количество символов -  = 5 частота 0.0006920415224913495
4/9/2020 9:22:12 AM      Количество символов .  = 54 частота 0.007474048442906575
4/9/2020 9:22:12 AM      Количество символов :  = 1 частота 0.0001384083044982699
4/9/2020 9:22:12 AM      Количество символов ;  = 1 частота 0.0001384083044982699
4/9/2020 9:22:12 AM      Количество символов i  = 347 частота 0.04802768166089966
4/9/2020 9:22:12 AM      Количество символов А  = 3 частота 0.0004152249134948097
4/9/2020 9:22:12 AM      Количество символов Б  = 29 частота 0.004013840830449827
4/9/2020 9:22:12 AM      Количество символов Г  = 3 частота 0.0004152249134948097
4/9/2020 9:22:12 AM      Количество символов Д  = 16 частота 0.0022145328719723185
4/9/2020 9:22:12 AM      Количество символов З  = 5 частота 0.0006920415224913495
4/9/2020 9:22:12 AM      Количество символов К  = 7 частота 0.0009688581314878892
4/9/2020 9:22:12 AM      Количество символов Л  = 1 частота 0.0001384083044982699
4/9/2020 9:22:12 AM      Количество символов М  = 2 частота 0.0002768166089965398
4/9/2020 9:22:12 AM      Количество символов Н  = 6 частота 0.0008304498269896194
4/9/2020 9:22:12 AM      Количество символов П  = 3 частота 0.0004152249134948097
4/9/2020 9:22:12 AM      Количество символов Р  = 27 частота 0.0037370242214532874
4/9/2020 9:22:12 AM      Количество символов С  = 3 частота 0.0004152249134948097
4/9/2020 9:22:12 AM      Количество символов Т  = 3 частота 0.0004152249134948097
4/9/2020 9:22:12 AM      Количество символов У  = 3 частота 0.0004152249134948097
4/9/2020 9:22:12 AM      Количество символов Ч  = 1 частота 0.0001384083044982699
4/9/2020 9:22:12 AM      Количество символов а  = 1029 частота 0.14242214532871972
4/9/2020 9:22:13 AM      Количество символов б  = 92 частота 0.01273356401384083
4/9/2020 9:22:13 AM      Количество символов в  = 184 частота 0.02546712802768166
4/9/2020 9:22:13 AM      Количество символов г  = 96 частота 0.01328719723183391
4/9/2020 9:22:13 AM      Количество символов д  = 200 частота 0.02768166089965398
4/9/2020 9:22:13 AM      Количество символов е  = 196 частота 0.0271280276816609
4/9/2020 9:22:13 AM      Количество символов ж  = 86 частота 0.011903114186851211
4/9/2020 9:22:13 AM      Количество символов з  = 195 частота 0.02698961937716263
4/9/2020 9:22:13 AM      Количество символов й  = 94 частота 0.01301038062283737
4/9/2020 9:22:13 AM      Количество символов к  = 141 частота 0.019515570934256054
4/9/2020 9:22:13 AM      Количество символов л  = 195 частота 0.02698961937716263
4/9/2020 9:22:13 AM      Количество символов м  = 172 частота 0.023806228373702422
4/9/2020 9:22:13 AM      Количество символов н  = 501 частота 0.06934256055363322
4/9/2020 9:22:13 AM      Количество символов о  = 164 частота 0.022698961937716262
4/9/2020 9:22:13 AM      Количество символов п  = 156 частота 0.021591695501730103
4/9/2020 9:22:13 AM      Количество символов р  = 329 частота 0.0455363321799308
4/9/2020 9:22:13 AM      Количество символов с  = 255 частота 0.03529411764705882
4/9/2020 9:22:13 AM      Количество символов т  = 158 частота 0.021868512110726643
4/9/2020 9:22:13 AM      Количество символов у  = 171 частота 0.023667820069204152
4/9/2020 9:22:13 AM      Количество символов ф  = 7 частота 0.0009688581314878892
4/9/2020 9:22:13 AM      Количество символов х  = 64 частота 0.008858131487889274
4/9/2020 9:22:13 AM      Количество символов ц  = 207 частота 0.02865051903114187
4/9/2020 9:22:13 AM      Количество символов ч  = 47 частота 0.006505190311418685
4/9/2020 9:22:13 AM      Количество символов ш  = 32 частота 0.004429065743944637
4/9/2020 9:22:13 AM      Количество символов ы  = 297 частота 0.04110726643598616
4/9/2020 9:22:13 AM      Количество символов ь  = 100 частота 0.01384083044982699
4/9/2020 9:22:13 AM      Количество символов э  = 91 частота 0.01259515570934256
4/9/2020 9:22:13 AM      Количество символов ю  = 56 частота 0.007750865051903114
4/9/2020 9:22:13 AM      Количество символов я  = 248 частота 0.03432525951557094
4/9/2020 9:22:13 AM      Количество символов ё  = 8 частота 0.0011072664359861593
4/9/2020 9:22:13 AM      Количество символов ў  = 135 частота 0.018685121107266434
4/9/2020 9:22:13 AM      Количество символов —  = 3 частота 0.0004152249134948097
4/9/2020 9:22:13 AM      Количество символов ’  = 12 частота 0.0016608996539792388
4/9/2020 9:54:01 AM      Количество символов 
  = 48 частота 0.006643598615916955
4/9/2020 9:54:01 AM      Количество символов   = 48 частота 0.006643598615916955
4/9/2020 9:54:01 AM      Количество символов    = 825 частота 0.11418685121107267
4/9/2020 9:54:01 AM      Количество символов ,  = 63 частота 0.008719723183391004
4/9/2020 9:54:01 AM      Количество символов -  = 5 частота 0.0006920415224913495
4/9/2020 9:54:01 AM      Количество символов .  = 54 частота 0.007474048442906575
4/9/2020 9:54:01 AM      Количество символов :  = 1 частота 0.0001384083044982699
4/9/2020 9:54:01 AM      Количество символов ;  = 1 частота 0.0001384083044982699
4/9/2020 9:54:01 AM      Количество символов i  = 347 частота 0.04802768166089966
4/9/2020 9:54:01 AM      Количество символов А  = 3 частота 0.0004152249134948097
4/9/2020 9:54:01 AM      Количество символов Б  = 29 частота 0.004013840830449827
4/9/2020 9:54:01 AM      Количество символов Г  = 3 частота 0.0004152249134948097
4/9/2020 9:54:01 AM      Количество символов Д  = 16 частота 0.0022145328719723185
4/9/2020 9:54:01 AM      Количество символов З  = 5 частота 0.0006920415224913495
4/9/2020 9:54:01 AM      Количество символов К  = 7 частота 0.0009688581314878892
4/9/2020 9:54:01 AM      Количество символов Л  = 1 частота 0.0001384083044982699
4/9/2020 9:54:01 AM      Количество символов М  = 2 частота 0.0002768166089965398
4/9/2020 9:54:01 AM      Количество символов Н  = 6 частота 0.0008304498269896194
4/9/2020 9:54:01 AM      Количество символов П  = 3 частота 0.0004152249134948097
4/9/2020 9:54:01 AM      Количество символов Р  = 27 частота 0.0037370242214532874
4/9/2020 9:54:01 AM      Количество символов С  = 3 частота 0.0004152249134948097
4/9/2020 9:54:01 AM      Количество символов Т  = 3 частота 0.0004152249134948097
4/9/2020 9:54:01 AM      Количество символов У  = 3 частота 0.0004152249134948097
4/9/2020 9:54:01 AM      Количество символов Ч  = 1 частота 0.0001384083044982699
4/9/2020 9:54:01 AM      Количество символов а  = 1029 частота 0.14242214532871972
4/9/2020 9:54:01 AM      Количество символов б  = 92 частота 0.01273356401384083
4/9/2020 9:54:01 AM      Количество символов в  = 184 частота 0.02546712802768166
4/9/2020 9:54:01 AM      Количество символов г  = 96 частота 0.01328719723183391
4/9/2020 9:54:01 AM      Количество символов д  = 200 частота 0.02768166089965398
4/9/2020 9:54:01 AM      Количество символов е  = 196 частота 0.0271280276816609
4/9/2020 9:54:01 AM      Количество символов ж  = 86 частота 0.011903114186851211
4/9/2020 9:54:01 AM      Количество символов з  = 195 частота 0.02698961937716263
4/9/2020 9:54:01 AM      Количество символов й  = 94 частота 0.01301038062283737
4/9/2020 9:54:01 AM      Количество символов к  = 141 частота 0.019515570934256054
4/9/2020 9:54:01 AM      Количество символов л  = 195 частота 0.02698961937716263
4/9/2020 9:54:01 AM      Количество символов м  = 172 частота 0.023806228373702422
4/9/2020 9:54:01 AM      Количество символов н  = 501 частота 0.06934256055363322
4/9/2020 9:54:01 AM      Количество символов о  = 164 частота 0.022698961937716262
4/9/2020 9:54:01 AM      Количество символов п  = 156 частота 0.021591695501730103
4/9/2020 9:54:01 AM      Количество символов р  = 329 частота 0.0455363321799308
4/9/2020 9:54:01 AM      Количество символов с  = 255 частота 0.03529411764705882
4/9/2020 9:54:02 AM      Количество символов т  = 158 частота 0.021868512110726643
4/9/2020 9:54:02 AM      Количество символов у  = 171 частота 0.023667820069204152
4/9/2020 9:54:02 AM      Количество символов ф  = 7 частота 0.0009688581314878892
4/9/2020 9:54:02 AM      Количество символов х  = 64 частота 0.008858131487889274
4/9/2020 9:54:02 AM      Количество символов ц  = 207 частота 0.02865051903114187
4/9/2020 9:54:02 AM      Количество символов ч  = 47 частота 0.006505190311418685
4/9/2020 9:54:02 AM      Количество символов ш  = 32 частота 0.004429065743944637
4/9/2020 9:54:02 AM      Количество символов ы  = 297 частота 0.04110726643598616
4/9/2020 9:54:02 AM      Количество символов ь  = 100 частота 0.01384083044982699
4/9/2020 9:54:02 AM      Количество символов э  = 91 частота 0.01259515570934256
4/9/2020 9:54:02 AM      Количество символов ю  = 56 частота 0.007750865051903114
4/9/2020 9:54:02 AM      Количество символов я  = 248 частота 0.03432525951557094
4/9/2020 9:54:02 AM      Количество символов ё  = 8 частота 0.0011072664359861593
4/9/2020 9:54:02 AM      Количество символов ў  = 135 частота 0.018685121107266434
4/9/2020 9:54:02 AM      Количество символов —  = 3 частота 0.0004152249134948097
4/9/2020 9:54:02 AM      Количество символов ’  = 12 частота 0.0016608996539792388
