4/5/2020 4:27:11 PM      Количество символов i  = 347 частота 0.05628548256285482
4/5/2020 4:27:11 PM      Количество символов а  = 1032 частота 0.16739659367396595
4/5/2020 4:27:11 PM      Количество символов б  = 121 частота 0.01962692619626926
4/5/2020 4:27:11 PM      Количество символов в  = 184 частота 0.02984590429845904
4/5/2020 4:27:11 PM      Количество символов г  = 99 частота 0.016058394160583942
4/5/2020 4:27:11 PM      Количество символов д  = 216 частота 0.035036496350364967
4/5/2020 4:27:11 PM      Количество символов е  = 196 частота 0.03179237631792376
4/5/2020 4:27:11 PM      Количество символов ж  = 86 частота 0.013949716139497161
4/5/2020 4:27:11 PM      Количество символов з  = 200 частота 0.032441200324412
4/5/2020 4:27:11 PM      Количество символов й  = 94 частота 0.01524736415247364
4/5/2020 4:27:11 PM      Количество символов к  = 148 частота 0.024006488240064884
4/5/2020 4:27:11 PM      Количество символов л  = 196 частота 0.03179237631792376
4/5/2020 4:27:11 PM      Количество символов м  = 174 частота 0.028223844282238442
4/5/2020 4:27:11 PM      Количество символов н  = 507 частота 0.08223844282238443
4/5/2020 4:27:11 PM      Количество символов о  = 164 частота 0.026601784266017843
4/5/2020 4:27:11 PM      Количество символов п  = 159 частота 0.02579075425790754
4/5/2020 4:27:11 PM      Количество символов р  = 356 частота 0.057745336577453364
4/5/2020 4:27:11 PM      Количество символов с  = 258 частота 0.04184914841849149
4/5/2020 4:27:11 PM      Количество символов т  = 161 частота 0.02611516626115166
4/5/2020 4:27:11 PM      Количество символов у  = 174 частота 0.028223844282238442
4/5/2020 4:27:11 PM      Количество символов ф  = 7 частота 0.0011354420113544202
4/5/2020 4:27:11 PM      Количество символов х  = 64 частота 0.010381184103811841
4/5/2020 4:27:11 PM      Количество символов ц  = 207 частота 0.033576642335766425
4/5/2020 4:27:12 PM      Количество символов ч  = 48 частота 0.007785888077858881
4/5/2020 4:27:12 PM      Количество символов ш  = 32 частота 0.0051905920519059205
4/5/2020 4:27:12 PM      Количество символов ы  = 297 частота 0.04817518248175182
4/5/2020 4:27:12 PM      Количество символов ь  = 100 частота 0.016220600162206
4/5/2020 4:27:12 PM      Количество символов э  = 91 частота 0.014760746147607461
4/5/2020 4:27:12 PM      Количество символов ю  = 56 частота 0.009083536090835361
4/5/2020 4:27:12 PM      Количество символов я  = 248 частота 0.040227088402270884
4/5/2020 4:27:12 PM      Количество символов ё  = 8 частота 0.0012976480129764801
4/5/2020 4:27:12 PM      Количество символов ў  = 135 частота 0.021897810218978103
