4/5/2020 4:28:13 PM      Количество символов i  = 347 частота 0.05628548256285482
4/5/2020 4:28:13 PM      Количество символов а  = 1032 частота 0.16739659367396595
4/5/2020 4:28:13 PM      Количество символов б  = 121 частота 0.01962692619626926
4/5/2020 4:28:13 PM      Количество символов в  = 184 частота 0.02984590429845904
4/5/2020 4:28:13 PM      Количество символов г  = 99 частота 0.016058394160583942
4/5/2020 4:28:13 PM      Количество символов д  = 216 частота 0.035036496350364967
4/5/2020 4:28:13 PM      Количество символов е  = 196 частота 0.03179237631792376
4/5/2020 4:28:13 PM      Количество символов ж  = 86 частота 0.013949716139497161
4/5/2020 4:28:13 PM      Количество символов з  = 200 частота 0.032441200324412
4/5/2020 4:28:13 PM      Количество символов й  = 94 частота 0.01524736415247364
4/5/2020 4:28:13 PM      Количество символов к  = 148 частота 0.024006488240064884
4/5/2020 4:28:13 PM      Количество символов л  = 196 частота 0.03179237631792376
4/5/2020 4:28:13 PM      Количество символов м  = 174 частота 0.028223844282238442
4/5/2020 4:28:13 PM      Количество символов н  = 507 частота 0.08223844282238443
4/5/2020 4:28:13 PM      Количество символов о  = 164 частота 0.026601784266017843
4/5/2020 4:28:13 PM      Количество символов п  = 159 частота 0.02579075425790754
4/5/2020 4:28:13 PM      Количество символов р  = 356 частота 0.057745336577453364
4/5/2020 4:28:13 PM      Количество символов с  = 258 частота 0.04184914841849149
4/5/2020 4:28:13 PM      Количество символов т  = 161 частота 0.02611516626115166
4/5/2020 4:28:13 PM      Количество символов у  = 174 частота 0.028223844282238442
4/5/2020 4:28:13 PM      Количество символов ф  = 7 частота 0.0011354420113544202
4/5/2020 4:28:13 PM      Количество символов х  = 64 частота 0.010381184103811841
4/5/2020 4:28:13 PM      Количество символов ц  = 207 частота 0.033576642335766425
4/5/2020 4:28:13 PM      Количество символов ч  = 48 частота 0.007785888077858881
4/5/2020 4:28:13 PM      Количество символов ш  = 32 частота 0.0051905920519059205
4/5/2020 4:28:13 PM      Количество символов ы  = 297 частота 0.04817518248175182
4/5/2020 4:28:14 PM      Количество символов ь  = 100 частота 0.016220600162206
4/5/2020 4:28:14 PM      Количество символов э  = 91 частота 0.014760746147607461
4/5/2020 4:28:14 PM      Количество символов ю  = 56 частота 0.009083536090835361
4/5/2020 4:28:14 PM      Количество символов я  = 248 частота 0.040227088402270884
4/5/2020 4:28:14 PM      Количество символов ё  = 8 частота 0.0012976480129764801
4/5/2020 4:28:14 PM      Количество символов ў  = 135 частота 0.021897810218978103
4/5/2020 4:28:34 PM      Количество символов i  = 347 частота 0.05628548256285482
4/5/2020 4:28:34 PM      Количество символов а  = 1032 частота 0.16739659367396595
4/5/2020 4:28:34 PM      Количество символов б  = 121 частота 0.01962692619626926
4/5/2020 4:28:34 PM      Количество символов в  = 184 частота 0.02984590429845904
4/5/2020 4:28:34 PM      Количество символов г  = 99 частота 0.016058394160583942
4/5/2020 4:28:34 PM      Количество символов д  = 216 частота 0.035036496350364967
4/5/2020 4:28:34 PM      Количество символов е  = 196 частота 0.03179237631792376
4/5/2020 4:28:34 PM      Количество символов ж  = 86 частота 0.013949716139497161
4/5/2020 4:28:34 PM      Количество символов з  = 200 частота 0.032441200324412
4/5/2020 4:28:34 PM      Количество символов й  = 94 частота 0.01524736415247364
4/5/2020 4:28:34 PM      Количество символов к  = 148 частота 0.024006488240064884
4/5/2020 4:28:34 PM      Количество символов л  = 196 частота 0.03179237631792376
4/5/2020 4:28:34 PM      Количество символов м  = 174 частота 0.028223844282238442
4/5/2020 4:28:34 PM      Количество символов н  = 507 частота 0.08223844282238443
4/5/2020 4:28:34 PM      Количество символов о  = 164 частота 0.026601784266017843
4/5/2020 4:28:34 PM      Количество символов п  = 159 частота 0.02579075425790754
4/5/2020 4:28:34 PM      Количество символов р  = 356 частота 0.057745336577453364
4/5/2020 4:28:34 PM      Количество символов с  = 258 частота 0.04184914841849149
4/5/2020 4:28:34 PM      Количество символов т  = 161 частота 0.02611516626115166
4/5/2020 4:28:34 PM      Количество символов у  = 174 частота 0.028223844282238442
4/5/2020 4:28:34 PM      Количество символов ф  = 7 частота 0.0011354420113544202
4/5/2020 4:28:34 PM      Количество символов х  = 64 частота 0.010381184103811841
4/5/2020 4:28:34 PM      Количество символов ц  = 207 частота 0.033576642335766425
4/5/2020 4:28:34 PM      Количество символов ч  = 48 частота 0.007785888077858881
4/5/2020 4:28:34 PM      Количество символов ш  = 32 частота 0.0051905920519059205
4/5/2020 4:28:34 PM      Количество символов ы  = 297 частота 0.04817518248175182
4/5/2020 4:28:34 PM      Количество символов ь  = 100 частота 0.016220600162206
4/5/2020 4:28:34 PM      Количество символов э  = 91 частота 0.014760746147607461
4/5/2020 4:28:34 PM      Количество символов ю  = 56 частота 0.009083536090835361
4/5/2020 4:28:34 PM      Количество символов я  = 248 частота 0.040227088402270884
4/5/2020 4:28:34 PM      Количество символов ё  = 8 частота 0.0012976480129764801
4/5/2020 4:28:34 PM      Количество символов ў  = 135 частота 0.021897810218978103
4/5/2020 4:29:02 PM      Количество символов i  = 347 частота 0.05628548256285482
4/5/2020 4:29:02 PM      Количество символов а  = 1032 частота 0.16739659367396595
4/5/2020 4:29:02 PM      Количество символов б  = 121 частота 0.01962692619626926
4/5/2020 4:29:02 PM      Количество символов в  = 184 частота 0.02984590429845904
4/5/2020 4:29:02 PM      Количество символов г  = 99 частота 0.016058394160583942
4/5/2020 4:29:02 PM      Количество символов д  = 216 частота 0.035036496350364967
4/5/2020 4:29:02 PM      Количество символов е  = 196 частота 0.03179237631792376
4/5/2020 4:29:02 PM      Количество символов ж  = 86 частота 0.013949716139497161
4/5/2020 4:29:02 PM      Количество символов з  = 200 частота 0.032441200324412
4/5/2020 4:29:02 PM      Количество символов й  = 94 частота 0.01524736415247364
4/5/2020 4:29:02 PM      Количество символов к  = 148 частота 0.024006488240064884
4/5/2020 4:29:02 PM      Количество символов л  = 196 частота 0.03179237631792376
4/5/2020 4:29:02 PM      Количество символов м  = 174 частота 0.028223844282238442
4/5/2020 4:29:02 PM      Количество символов н  = 507 частота 0.08223844282238443
4/5/2020 4:29:02 PM      Количество символов о  = 164 частота 0.026601784266017843
4/5/2020 4:29:02 PM      Количество символов п  = 159 частота 0.02579075425790754
4/5/2020 4:29:02 PM      Количество символов р  = 356 частота 0.057745336577453364
4/5/2020 4:29:02 PM      Количество символов с  = 258 частота 0.04184914841849149
4/5/2020 4:29:02 PM      Количество символов т  = 161 частота 0.02611516626115166
4/5/2020 4:29:02 PM      Количество символов у  = 174 частота 0.028223844282238442
4/5/2020 4:29:02 PM      Количество символов ф  = 7 частота 0.0011354420113544202
4/5/2020 4:29:02 PM      Количество символов х  = 64 частота 0.010381184103811841
4/5/2020 4:29:02 PM      Количество символов ц  = 207 частота 0.033576642335766425
4/5/2020 4:29:02 PM      Количество символов ч  = 48 частота 0.007785888077858881
4/5/2020 4:29:02 PM      Количество символов ш  = 32 частота 0.0051905920519059205
4/5/2020 4:29:02 PM      Количество символов ы  = 297 частота 0.04817518248175182
4/5/2020 4:29:02 PM      Количество символов ь  = 100 частота 0.016220600162206
4/5/2020 4:29:02 PM      Количество символов э  = 91 частота 0.014760746147607461
4/5/2020 4:29:02 PM      Количество символов ю  = 56 частота 0.009083536090835361
4/5/2020 4:29:02 PM      Количество символов я  = 248 частота 0.040227088402270884
4/5/2020 4:29:02 PM      Количество символов ё  = 8 частота 0.0012976480129764801
4/5/2020 4:29:02 PM      Количество символов ў  = 135 частота 0.021897810218978103
4/5/2020 4:29:19 PM      Количество символов i  = 347 частота 0.05628548256285482
4/5/2020 4:29:19 PM      Количество символов а  = 1032 частота 0.16739659367396595
4/5/2020 4:29:19 PM      Количество символов б  = 121 частота 0.01962692619626926
4/5/2020 4:29:19 PM      Количество символов в  = 184 частота 0.02984590429845904
4/5/2020 4:29:19 PM      Количество символов г  = 99 частота 0.016058394160583942
4/5/2020 4:29:19 PM      Количество символов д  = 216 частота 0.035036496350364967
4/5/2020 4:29:19 PM      Количество символов е  = 196 частота 0.03179237631792376
4/5/2020 4:29:19 PM      Количество символов ж  = 86 частота 0.013949716139497161
4/5/2020 4:29:19 PM      Количество символов з  = 200 частота 0.032441200324412
4/5/2020 4:29:19 PM      Количество символов й  = 94 частота 0.01524736415247364
4/5/2020 4:29:19 PM      Количество символов к  = 148 частота 0.024006488240064884
4/5/2020 4:29:19 PM      Количество символов л  = 196 частота 0.03179237631792376
4/5/2020 4:29:19 PM      Количество символов м  = 174 частота 0.028223844282238442
4/5/2020 4:29:19 PM      Количество символов н  = 507 частота 0.08223844282238443
4/5/2020 4:29:19 PM      Количество символов о  = 164 частота 0.026601784266017843
4/5/2020 4:29:19 PM      Количество символов п  = 159 частота 0.02579075425790754
4/5/2020 4:29:19 PM      Количество символов р  = 356 частота 0.057745336577453364
4/5/2020 4:29:19 PM      Количество символов с  = 258 частота 0.04184914841849149
4/5/2020 4:29:19 PM      Количество символов т  = 161 частота 0.02611516626115166
4/5/2020 4:29:19 PM      Количество символов у  = 174 частота 0.028223844282238442
4/5/2020 4:29:19 PM      Количество символов ф  = 7 частота 0.0011354420113544202
4/5/2020 4:29:19 PM      Количество символов х  = 64 частота 0.010381184103811841
4/5/2020 4:29:19 PM      Количество символов ц  = 207 частота 0.033576642335766425
4/5/2020 4:29:19 PM      Количество символов ч  = 48 частота 0.007785888077858881
4/5/2020 4:29:19 PM      Количество символов ш  = 32 частота 0.0051905920519059205
4/5/2020 4:29:19 PM      Количество символов ы  = 297 частота 0.04817518248175182
4/5/2020 4:29:19 PM      Количество символов ь  = 100 частота 0.016220600162206
4/5/2020 4:29:19 PM      Количество символов э  = 91 частота 0.014760746147607461
4/5/2020 4:29:19 PM      Количество символов ю  = 56 частота 0.009083536090835361
4/5/2020 4:29:19 PM      Количество символов я  = 248 частота 0.040227088402270884
4/5/2020 4:29:19 PM      Количество символов ё  = 8 частота 0.0012976480129764801
4/5/2020 4:29:19 PM      Количество символов ў  = 135 частота 0.021897810218978103
4/5/2020 4:30:07 PM      Количество символов 
  = 48 частота 0.006647278770253427
4/5/2020 4:30:07 PM      Количество символов   = 48 частота 0.006647278770253427
4/5/2020 4:30:07 PM      Количество символов    = 821 частота 0.11369616396620967
4/5/2020 4:30:07 PM      Количество символов ,  = 63 частота 0.008724553385957623
4/5/2020 4:30:07 PM      Количество символов -  = 5 частота 0.0006924248719013987
4/5/2020 4:30:07 PM      Количество символов .  = 54 частота 0.007478188616535106
4/5/2020 4:30:07 PM      Количество символов :  = 1 частота 0.00013848497438027975
4/5/2020 4:30:07 PM      Количество символов ;  = 1 частота 0.00013848497438027975
4/5/2020 4:30:07 PM      Количество символов i  = 347 частота 0.04805428610995707
4/5/2020 4:30:07 PM      Количество символов а  = 1032 частота 0.1429164935604487
4/5/2020 4:30:07 PM      Количество символов б  = 121 частота 0.016756681900013847
4/5/2020 4:30:07 PM      Количество символов в  = 184 частота 0.025481235285971474
4/5/2020 4:30:07 PM      Количество символов г  = 99 частота 0.013710012463647694
4/5/2020 4:30:07 PM      Количество символов д  = 216 частота 0.029912754466140425
4/5/2020 4:30:07 PM      Количество символов е  = 196 частота 0.02714305497853483
4/5/2020 4:30:07 PM      Количество символов ж  = 86 частота 0.011909707796704057
4/5/2020 4:30:07 PM      Количество символов з  = 200 частота 0.02769699487605595
4/5/2020 4:30:07 PM      Количество символов й  = 94 частота 0.013017587591746295
4/5/2020 4:30:07 PM      Количество символов к  = 148 частота 0.020495776208281403
4/5/2020 4:30:07 PM      Количество символов л  = 196 частота 0.02714305497853483
4/5/2020 4:30:07 PM      Количество символов м  = 174 частота 0.024096385542168676
4/5/2020 4:30:07 PM      Количество символов н  = 507 частота 0.07021188201080183
4/5/2020 4:30:07 PM      Количество символов о  = 164 частота 0.02271153579836588
4/5/2020 4:30:07 PM      Количество символов п  = 159 частота 0.02201911092646448
4/5/2020 4:30:07 PM      Количество символов р  = 356 частота 0.049300650879379584
4/5/2020 4:30:07 PM      Количество символов с  = 258 частота 0.03572912339011217
4/5/2020 4:30:07 PM      Количество символов т  = 161 частота 0.022296080875225038
4/5/2020 4:30:07 PM      Количество символов у  = 174 частота 0.024096385542168676
4/5/2020 4:30:07 PM      Количество символов ф  = 7 частота 0.0009693948206619581
4/5/2020 4:30:07 PM      Количество символов х  = 64 частота 0.008863038360337904
4/5/2020 4:30:07 PM      Количество символов ц  = 207 частота 0.028666389696717906
4/5/2020 4:30:07 PM      Количество символов ч  = 48 частота 0.006647278770253427
4/5/2020 4:30:07 PM      Количество символов ш  = 32 частота 0.004431519180168952
4/5/2020 4:30:07 PM      Количество символов ы  = 297 частота 0.041130037390943085
4/5/2020 4:30:07 PM      Количество символов ь  = 100 частота 0.013848497438027975
4/5/2020 4:30:08 PM      Количество символов э  = 91 частота 0.012602132668605456
4/5/2020 4:30:08 PM      Количество символов ю  = 56 частота 0.007755158565295665
4/5/2020 4:30:08 PM      Количество символов я  = 248 частота 0.034344273646309376
4/5/2020 4:30:08 PM      Количество символов ё  = 8 частота 0.001107879795042238
4/5/2020 4:30:08 PM      Количество символов ў  = 135 частота 0.018695471541337765
4/5/2020 4:30:08 PM      Количество символов —  = 3 частота 0.0004154549231408392
4/5/2020 4:30:08 PM      Количество символов ’  = 12 частота 0.0016618196925633569
4/5/2020 4:45:24 PM      Количество символов 
  = 48 частота 0.006647278770253427
4/5/2020 4:45:25 PM      Количество символов   = 48 частота 0.006647278770253427
4/5/2020 4:45:25 PM      Количество символов    = 821 частота 0.11369616396620967
4/5/2020 4:45:25 PM      Количество символов ,  = 63 частота 0.008724553385957623
4/5/2020 4:45:25 PM      Количество символов -  = 5 частота 0.0006924248719013987
4/5/2020 4:45:25 PM      Количество символов .  = 54 частота 0.007478188616535106
4/5/2020 4:45:25 PM      Количество символов :  = 1 частота 0.00013848497438027975
4/5/2020 4:45:25 PM      Количество символов ;  = 1 частота 0.00013848497438027975
4/5/2020 4:45:25 PM      Количество символов i  = 347 частота 0.04805428610995707
4/5/2020 4:45:25 PM      Количество символов А  = 3 частота 0.0004154549231408392
4/5/2020 4:45:25 PM      Количество символов Б  = 29 частота 0.004016064257028112
4/5/2020 4:45:25 PM      Количество символов Г  = 3 частота 0.0004154549231408392
4/5/2020 4:45:25 PM      Количество символов Д  = 16 частота 0.002215759590084476
4/5/2020 4:45:25 PM      Количество символов З  = 5 частота 0.0006924248719013987
4/5/2020 4:45:25 PM      Количество символов К  = 7 частота 0.0009693948206619581
4/5/2020 4:45:25 PM      Количество символов Л  = 1 частота 0.00013848497438027975
4/5/2020 4:45:25 PM      Количество символов М  = 2 частота 0.0002769699487605595
4/5/2020 4:45:25 PM      Количество символов Н  = 6 частота 0.0008309098462816784
4/5/2020 4:45:25 PM      Количество символов П  = 3 частота 0.0004154549231408392
4/5/2020 4:45:25 PM      Количество символов Р  = 27 частота 0.003739094308267553
4/5/2020 4:45:25 PM      Количество символов С  = 3 частота 0.0004154549231408392
4/5/2020 4:45:25 PM      Количество символов Т  = 3 частота 0.0004154549231408392
4/5/2020 4:45:25 PM      Количество символов У  = 3 частота 0.0004154549231408392
4/5/2020 4:45:25 PM      Количество символов Ч  = 1 частота 0.00013848497438027975
4/5/2020 4:45:25 PM      Количество символов а  = 1029 частота 0.14250103863730784
4/5/2020 4:45:25 PM      Количество символов б  = 92 частота 0.012740617642985737
4/5/2020 4:45:25 PM      Количество символов в  = 184 частота 0.025481235285971474
4/5/2020 4:45:25 PM      Количество символов г  = 96 частота 0.013294557540506855
4/5/2020 4:45:25 PM      Количество символов д  = 200 частота 0.02769699487605595
4/5/2020 4:45:25 PM      Количество символов е  = 196 частота 0.02714305497853483
4/5/2020 4:45:25 PM      Количество символов ж  = 86 частота 0.011909707796704057
4/5/2020 4:45:25 PM      Количество символов з  = 195 частота 0.02700457000415455
4/5/2020 4:45:25 PM      Количество символов й  = 94 частота 0.013017587591746295
4/5/2020 4:45:25 PM      Количество символов к  = 141 частота 0.019526381387619442
4/5/2020 4:45:25 PM      Количество символов л  = 195 частота 0.02700457000415455
4/5/2020 4:45:25 PM      Количество символов м  = 172 частота 0.023819415593408114
4/5/2020 4:45:25 PM      Количество символов н  = 501 частота 0.06938097216452015
4/5/2020 4:45:25 PM      Количество символов о  = 164 частота 0.02271153579836588
4/5/2020 4:45:25 PM      Количество символов п  = 156 частота 0.02160365600332364
4/5/2020 4:45:25 PM      Количество символов р  = 329 частота 0.045561556571112036
4/5/2020 4:45:25 PM      Количество символов с  = 255 частота 0.035313668466971336
4/5/2020 4:45:25 PM      Количество символов т  = 158 частота 0.0218806259520842
4/5/2020 4:45:25 PM      Количество символов у  = 171 частота 0.023680930619027835
4/5/2020 4:45:25 PM      Количество символов ф  = 7 частота 0.0009693948206619581
4/5/2020 4:45:25 PM      Количество символов х  = 64 частота 0.008863038360337904
4/5/2020 4:45:25 PM      Количество символов ц  = 207 частота 0.028666389696717906
4/5/2020 4:45:26 PM      Количество символов ч  = 47 частота 0.0065087937958731475
4/5/2020 4:45:26 PM      Количество символов ш  = 32 частота 0.004431519180168952
4/5/2020 4:45:26 PM      Количество символов ы  = 297 частота 0.041130037390943085
4/5/2020 4:45:26 PM      Количество символов ь  = 100 частота 0.013848497438027975
4/5/2020 4:45:26 PM      Количество символов э  = 91 частота 0.012602132668605456
4/5/2020 4:45:26 PM      Количество символов ю  = 56 частота 0.007755158565295665
4/5/2020 4:45:26 PM      Количество символов я  = 248 частота 0.034344273646309376
4/5/2020 4:45:26 PM      Количество символов ё  = 8 частота 0.001107879795042238
4/5/2020 4:45:26 PM      Количество символов ў  = 135 частота 0.018695471541337765
4/5/2020 4:45:26 PM      Количество символов —  = 3 частота 0.0004154549231408392
4/5/2020 4:45:26 PM      Количество символов ’  = 12 частота 0.0016618196925633569
4/5/2020 4:46:21 PM      Количество символов 
  = 48 частота 0.006647278770253427
4/5/2020 4:46:21 PM      Количество символов   = 48 частота 0.006647278770253427
4/5/2020 4:46:21 PM      Количество символов    = 821 частота 0.11369616396620967
4/5/2020 4:46:21 PM      Количество символов ,  = 63 частота 0.008724553385957623
4/5/2020 4:46:21 PM      Количество символов -  = 5 частота 0.0006924248719013987
4/5/2020 4:46:21 PM      Количество символов .  = 54 частота 0.007478188616535106
4/5/2020 4:46:21 PM      Количество символов :  = 1 частота 0.00013848497438027975
4/5/2020 4:46:21 PM      Количество символов ;  = 1 частота 0.00013848497438027975
4/5/2020 4:46:21 PM      Количество символов i  = 347 частота 0.04805428610995707
4/5/2020 4:46:21 PM      Количество символов А  = 3 частота 0.0004154549231408392
4/5/2020 4:46:21 PM      Количество символов Б  = 29 частота 0.004016064257028112
4/5/2020 4:46:21 PM      Количество символов Г  = 3 частота 0.0004154549231408392
4/5/2020 4:46:21 PM      Количество символов Д  = 16 частота 0.002215759590084476
4/5/2020 4:46:21 PM      Количество символов З  = 5 частота 0.0006924248719013987
4/5/2020 4:46:21 PM      Количество символов К  = 7 частота 0.0009693948206619581
4/5/2020 4:46:21 PM      Количество символов Л  = 1 частота 0.00013848497438027975
4/5/2020 4:46:21 PM      Количество символов М  = 2 частота 0.0002769699487605595
4/5/2020 4:46:22 PM      Количество символов Н  = 6 частота 0.0008309098462816784
4/5/2020 4:46:22 PM      Количество символов П  = 3 частота 0.0004154549231408392
4/5/2020 4:46:22 PM      Количество символов Р  = 27 частота 0.003739094308267553
4/5/2020 4:46:22 PM      Количество символов С  = 3 частота 0.0004154549231408392
4/5/2020 4:46:22 PM      Количество символов Т  = 3 частота 0.0004154549231408392
4/5/2020 4:46:22 PM      Количество символов У  = 3 частота 0.0004154549231408392
4/5/2020 4:46:22 PM      Количество символов Ч  = 1 частота 0.00013848497438027975
4/5/2020 4:46:22 PM      Количество символов а  = 1029 частота 0.14250103863730784
4/5/2020 4:46:22 PM      Количество символов б  = 92 частота 0.012740617642985737
4/5/2020 4:46:22 PM      Количество символов в  = 184 частота 0.025481235285971474
4/5/2020 4:46:22 PM      Количество символов г  = 96 частота 0.013294557540506855
4/5/2020 4:46:22 PM      Количество символов д  = 200 частота 0.02769699487605595
4/5/2020 4:46:22 PM      Количество символов е  = 196 частота 0.02714305497853483
4/5/2020 4:46:22 PM      Количество символов ж  = 86 частота 0.011909707796704057
4/5/2020 4:46:22 PM      Количество символов з  = 195 частота 0.02700457000415455
4/5/2020 4:46:22 PM      Количество символов й  = 94 частота 0.013017587591746295
4/5/2020 4:46:22 PM      Количество символов к  = 141 частота 0.019526381387619442
4/5/2020 4:46:22 PM      Количество символов л  = 195 частота 0.02700457000415455
4/5/2020 4:46:22 PM      Количество символов м  = 172 частота 0.023819415593408114
4/5/2020 4:46:22 PM      Количество символов н  = 501 частота 0.06938097216452015
4/5/2020 4:46:22 PM      Количество символов о  = 164 частота 0.02271153579836588
4/5/2020 4:46:22 PM      Количество символов п  = 156 частота 0.02160365600332364
4/5/2020 4:46:22 PM      Количество символов р  = 329 частота 0.045561556571112036
4/5/2020 4:46:22 PM      Количество символов с  = 255 частота 0.035313668466971336
4/5/2020 4:46:22 PM      Количество символов т  = 158 частота 0.0218806259520842
4/5/2020 4:46:22 PM      Количество символов у  = 171 частота 0.023680930619027835
4/5/2020 4:46:22 PM      Количество символов ф  = 7 частота 0.0009693948206619581
4/5/2020 4:46:22 PM      Количество символов х  = 64 частота 0.008863038360337904
4/5/2020 4:46:22 PM      Количество символов ц  = 207 частота 0.028666389696717906
4/5/2020 4:46:22 PM      Количество символов ч  = 47 частота 0.0065087937958731475
4/5/2020 4:46:22 PM      Количество символов ш  = 32 частота 0.004431519180168952
4/5/2020 4:46:22 PM      Количество символов ы  = 297 частота 0.041130037390943085
4/5/2020 4:46:22 PM      Количество символов ь  = 100 частота 0.013848497438027975
4/5/2020 4:46:22 PM      Количество символов э  = 91 частота 0.012602132668605456
4/5/2020 4:46:22 PM      Количество символов ю  = 56 частота 0.007755158565295665
4/5/2020 4:46:22 PM      Количество символов я  = 248 частота 0.034344273646309376
4/5/2020 4:46:22 PM      Количество символов ё  = 8 частота 0.001107879795042238
4/5/2020 4:46:22 PM      Количество символов ў  = 135 частота 0.018695471541337765
4/5/2020 4:46:22 PM      Количество символов —  = 3 частота 0.0004154549231408392
4/5/2020 4:46:22 PM      Количество символов ’  = 12 частота 0.0016618196925633569
4/5/2020 4:46:25 PM      Количество символов 
  = 48 частота 0.006647278770253427
4/5/2020 4:46:25 PM      Количество символов   = 48 частота 0.006647278770253427
4/5/2020 4:46:25 PM      Количество символов    = 821 частота 0.11369616396620967
4/5/2020 4:46:25 PM      Количество символов ,  = 63 частота 0.008724553385957623
4/5/2020 4:46:25 PM      Количество символов -  = 5 частота 0.0006924248719013987
4/5/2020 4:46:25 PM      Количество символов .  = 54 частота 0.007478188616535106
4/5/2020 4:46:25 PM      Количество символов :  = 1 частота 0.00013848497438027975
4/5/2020 4:46:25 PM      Количество символов ;  = 1 частота 0.00013848497438027975
4/5/2020 4:46:25 PM      Количество символов i  = 347 частота 0.04805428610995707
4/5/2020 4:46:25 PM      Количество символов А  = 3 частота 0.0004154549231408392
4/5/2020 4:46:25 PM      Количество символов Б  = 29 частота 0.004016064257028112
4/5/2020 4:46:25 PM      Количество символов Г  = 3 частота 0.0004154549231408392
4/5/2020 4:46:25 PM      Количество символов Д  = 16 частота 0.002215759590084476
4/5/2020 4:46:25 PM      Количество символов З  = 5 частота 0.0006924248719013987
4/5/2020 4:46:25 PM      Количество символов К  = 7 частота 0.0009693948206619581
4/5/2020 4:46:25 PM      Количество символов Л  = 1 частота 0.00013848497438027975
4/5/2020 4:46:25 PM      Количество символов М  = 2 частота 0.0002769699487605595
4/5/2020 4:46:25 PM      Количество символов Н  = 6 частота 0.0008309098462816784
4/5/2020 4:46:25 PM      Количество символов П  = 3 частота 0.0004154549231408392
4/5/2020 4:46:25 PM      Количество символов Р  = 27 частота 0.003739094308267553
4/5/2020 4:46:25 PM      Количество символов С  = 3 частота 0.0004154549231408392
4/5/2020 4:46:25 PM      Количество символов Т  = 3 частота 0.0004154549231408392
4/5/2020 4:46:25 PM      Количество символов У  = 3 частота 0.0004154549231408392
4/5/2020 4:46:25 PM      Количество символов Ч  = 1 частота 0.00013848497438027975
4/5/2020 4:46:25 PM      Количество символов а  = 1029 частота 0.14250103863730784
4/5/2020 4:46:25 PM      Количество символов б  = 92 частота 0.012740617642985737
4/5/2020 4:46:25 PM      Количество символов в  = 184 частота 0.025481235285971474
4/5/2020 4:46:25 PM      Количество символов г  = 96 частота 0.013294557540506855
4/5/2020 4:46:25 PM      Количество символов д  = 200 частота 0.02769699487605595
4/5/2020 4:46:25 PM      Количество символов е  = 196 частота 0.02714305497853483
4/5/2020 4:46:26 PM      Количество символов ж  = 86 частота 0.011909707796704057
4/5/2020 4:46:26 PM      Количество символов з  = 195 частота 0.02700457000415455
4/5/2020 4:46:26 PM      Количество символов й  = 94 частота 0.013017587591746295
4/5/2020 4:46:26 PM      Количество символов к  = 141 частота 0.019526381387619442
4/5/2020 4:46:26 PM      Количество символов л  = 195 частота 0.02700457000415455
4/5/2020 4:46:26 PM      Количество символов м  = 172 частота 0.023819415593408114
4/5/2020 4:46:26 PM      Количество символов н  = 501 частота 0.06938097216452015
4/5/2020 4:46:26 PM      Количество символов о  = 164 частота 0.02271153579836588
4/5/2020 4:46:26 PM      Количество символов п  = 156 частота 0.02160365600332364
4/5/2020 4:46:26 PM      Количество символов р  = 329 частота 0.045561556571112036
4/5/2020 4:46:26 PM      Количество символов с  = 255 частота 0.035313668466971336
4/5/2020 4:46:26 PM      Количество символов т  = 158 частота 0.0218806259520842
4/5/2020 4:46:26 PM      Количество символов у  = 171 частота 0.023680930619027835
4/5/2020 4:46:26 PM      Количество символов ф  = 7 частота 0.0009693948206619581
4/5/2020 4:46:26 PM      Количество символов х  = 64 частота 0.008863038360337904
4/5/2020 4:46:26 PM      Количество символов ц  = 207 частота 0.028666389696717906
4/5/2020 4:46:26 PM      Количество символов ч  = 47 частота 0.0065087937958731475
4/5/2020 4:46:26 PM      Количество символов ш  = 32 частота 0.004431519180168952
4/5/2020 4:46:26 PM      Количество символов ы  = 297 частота 0.041130037390943085
4/5/2020 4:46:26 PM      Количество символов ь  = 100 частота 0.013848497438027975
4/5/2020 4:46:26 PM      Количество символов э  = 91 частота 0.012602132668605456
4/5/2020 4:46:26 PM      Количество символов ю  = 56 частота 0.007755158565295665
4/5/2020 4:46:26 PM      Количество символов я  = 248 частота 0.034344273646309376
4/5/2020 4:46:26 PM      Количество символов ё  = 8 частота 0.001107879795042238
4/5/2020 4:46:26 PM      Количество символов ў  = 135 частота 0.018695471541337765
4/5/2020 4:46:26 PM      Количество символов —  = 3 частота 0.0004154549231408392
4/5/2020 4:46:26 PM      Количество символов ’  = 12 частота 0.0016618196925633569
4/5/2020 4:48:52 PM      Количество символов 
  = 48 частота 0.006647278770253427
4/5/2020 4:48:52 PM      Количество символов   = 48 частота 0.006647278770253427
4/5/2020 4:48:52 PM      Количество символов    = 821 частота 0.11369616396620967
4/5/2020 4:48:52 PM      Количество символов ,  = 63 частота 0.008724553385957623
4/5/2020 4:48:52 PM      Количество символов -  = 5 частота 0.0006924248719013987
4/5/2020 4:48:52 PM      Количество символов .  = 54 частота 0.007478188616535106
4/5/2020 4:48:52 PM      Количество символов :  = 1 частота 0.00013848497438027975
4/5/2020 4:48:52 PM      Количество символов ;  = 1 частота 0.00013848497438027975
4/5/2020 4:48:52 PM      Количество символов i  = 347 частота 0.04805428610995707
4/5/2020 4:48:52 PM      Количество символов А  = 3 частота 0.0004154549231408392
4/5/2020 4:48:52 PM      Количество символов Б  = 29 частота 0.004016064257028112
4/5/2020 4:48:52 PM      Количество символов Г  = 3 частота 0.0004154549231408392
4/5/2020 4:48:52 PM      Количество символов Д  = 16 частота 0.002215759590084476
4/5/2020 4:48:52 PM      Количество символов З  = 5 частота 0.0006924248719013987
4/5/2020 4:48:52 PM      Количество символов К  = 7 частота 0.0009693948206619581
4/5/2020 4:48:52 PM      Количество символов Л  = 1 частота 0.00013848497438027975
4/5/2020 4:48:52 PM      Количество символов М  = 2 частота 0.0002769699487605595
4/5/2020 4:48:52 PM      Количество символов Н  = 6 частота 0.0008309098462816784
4/5/2020 4:48:52 PM      Количество символов П  = 3 частота 0.0004154549231408392
4/5/2020 4:48:52 PM      Количество символов Р  = 27 частота 0.003739094308267553
4/5/2020 4:48:52 PM      Количество символов С  = 3 частота 0.0004154549231408392
4/5/2020 4:48:52 PM      Количество символов Т  = 3 частота 0.0004154549231408392
4/5/2020 4:48:52 PM      Количество символов У  = 3 частота 0.0004154549231408392
4/5/2020 4:48:52 PM      Количество символов Ч  = 1 частота 0.00013848497438027975
4/5/2020 4:48:52 PM      Количество символов а  = 1029 частота 0.14250103863730784
4/5/2020 4:48:52 PM      Количество символов б  = 92 частота 0.012740617642985737
4/5/2020 4:48:52 PM      Количество символов в  = 184 частота 0.025481235285971474
4/5/2020 4:48:52 PM      Количество символов г  = 96 частота 0.013294557540506855
4/5/2020 4:48:52 PM      Количество символов д  = 200 частота 0.02769699487605595
4/5/2020 4:48:52 PM      Количество символов е  = 196 частота 0.02714305497853483
4/5/2020 4:48:52 PM      Количество символов ж  = 86 частота 0.011909707796704057
4/5/2020 4:48:52 PM      Количество символов з  = 195 частота 0.02700457000415455
4/5/2020 4:48:52 PM      Количество символов й  = 94 частота 0.013017587591746295
4/5/2020 4:48:52 PM      Количество символов к  = 141 частота 0.019526381387619442
4/5/2020 4:48:52 PM      Количество символов л  = 195 частота 0.02700457000415455
4/5/2020 4:48:52 PM      Количество символов м  = 172 частота 0.023819415593408114
4/5/2020 4:48:52 PM      Количество символов н  = 501 частота 0.06938097216452015
4/5/2020 4:48:52 PM      Количество символов о  = 164 частота 0.02271153579836588
4/5/2020 4:48:52 PM      Количество символов п  = 156 частота 0.02160365600332364
4/5/2020 4:48:52 PM      Количество символов р  = 329 частота 0.045561556571112036
4/5/2020 4:48:52 PM      Количество символов с  = 255 частота 0.035313668466971336
4/5/2020 4:48:52 PM      Количество символов т  = 158 частота 0.0218806259520842
4/5/2020 4:48:52 PM      Количество символов у  = 171 частота 0.023680930619027835
4/5/2020 4:48:52 PM      Количество символов ф  = 7 частота 0.0009693948206619581
4/5/2020 4:48:52 PM      Количество символов х  = 64 частота 0.008863038360337904
4/5/2020 4:48:52 PM      Количество символов ц  = 207 частота 0.028666389696717906
4/5/2020 4:48:52 PM      Количество символов ч  = 47 частота 0.0065087937958731475
4/5/2020 4:48:52 PM      Количество символов ш  = 32 частота 0.004431519180168952
4/5/2020 4:48:52 PM      Количество символов ы  = 297 частота 0.041130037390943085
4/5/2020 4:48:52 PM      Количество символов ь  = 100 частота 0.013848497438027975
4/5/2020 4:48:52 PM      Количество символов э  = 91 частота 0.012602132668605456
4/5/2020 4:48:52 PM      Количество символов ю  = 56 частота 0.007755158565295665
4/5/2020 4:48:52 PM      Количество символов я  = 248 частота 0.034344273646309376
4/5/2020 4:48:52 PM      Количество символов ё  = 8 частота 0.001107879795042238
4/5/2020 4:48:52 PM      Количество символов ў  = 135 частота 0.018695471541337765
4/5/2020 4:48:53 PM      Количество символов —  = 3 частота 0.0004154549231408392
4/5/2020 4:48:53 PM      Количество символов ’  = 12 частота 0.0016618196925633569
4/5/2020 4:49:23 PM      Количество символов 
  = 48 частота 0.006647278770253427
4/5/2020 4:49:23 PM      Количество символов   = 48 частота 0.006647278770253427
4/5/2020 4:49:23 PM      Количество символов    = 821 частота 0.11369616396620967
4/5/2020 4:49:23 PM      Количество символов ,  = 63 частота 0.008724553385957623
4/5/2020 4:49:23 PM      Количество символов -  = 5 частота 0.0006924248719013987
4/5/2020 4:49:23 PM      Количество символов .  = 54 частота 0.007478188616535106
4/5/2020 4:49:23 PM      Количество символов :  = 1 частота 0.00013848497438027975
4/5/2020 4:49:23 PM      Количество символов ;  = 1 частота 0.00013848497438027975
4/5/2020 4:49:23 PM      Количество символов i  = 347 частота 0.04805428610995707
4/5/2020 4:49:23 PM      Количество символов А  = 3 частота 0.0004154549231408392
4/5/2020 4:49:23 PM      Количество символов Б  = 29 частота 0.004016064257028112
4/5/2020 4:49:23 PM      Количество символов Г  = 3 частота 0.0004154549231408392
4/5/2020 4:49:23 PM      Количество символов Д  = 16 частота 0.002215759590084476
4/5/2020 4:49:23 PM      Количество символов З  = 5 частота 0.0006924248719013987
4/5/2020 4:49:23 PM      Количество символов К  = 7 частота 0.0009693948206619581
4/5/2020 4:49:23 PM      Количество символов Л  = 1 частота 0.00013848497438027975
4/5/2020 4:49:23 PM      Количество символов М  = 2 частота 0.0002769699487605595
4/5/2020 4:49:23 PM      Количество символов Н  = 6 частота 0.0008309098462816784
4/5/2020 4:49:23 PM      Количество символов П  = 3 частота 0.0004154549231408392
4/5/2020 4:49:23 PM      Количество символов Р  = 27 частота 0.003739094308267553
4/5/2020 4:49:23 PM      Количество символов С  = 3 частота 0.0004154549231408392
4/5/2020 4:49:23 PM      Количество символов Т  = 3 частота 0.0004154549231408392
4/5/2020 4:49:23 PM      Количество символов У  = 3 частота 0.0004154549231408392
4/5/2020 4:49:23 PM      Количество символов Ч  = 1 частота 0.00013848497438027975
4/5/2020 4:49:23 PM      Количество символов а  = 1029 частота 0.14250103863730784
4/5/2020 4:49:23 PM      Количество символов б  = 92 частота 0.012740617642985737
4/5/2020 4:49:23 PM      Количество символов в  = 184 частота 0.025481235285971474
4/5/2020 4:49:23 PM      Количество символов г  = 96 частота 0.013294557540506855
4/5/2020 4:49:23 PM      Количество символов д  = 200 частота 0.02769699487605595
4/5/2020 4:49:23 PM      Количество символов е  = 196 частота 0.02714305497853483
4/5/2020 4:49:23 PM      Количество символов ж  = 86 частота 0.011909707796704057
4/5/2020 4:49:23 PM      Количество символов з  = 195 частота 0.02700457000415455
4/5/2020 4:49:23 PM      Количество символов й  = 94 частота 0.013017587591746295
4/5/2020 4:49:23 PM      Количество символов к  = 141 частота 0.019526381387619442
4/5/2020 4:49:23 PM      Количество символов л  = 195 частота 0.02700457000415455
4/5/2020 4:49:23 PM      Количество символов м  = 172 частота 0.023819415593408114
4/5/2020 4:49:23 PM      Количество символов н  = 501 частота 0.06938097216452015
4/5/2020 4:49:23 PM      Количество символов о  = 164 частота 0.02271153579836588
4/5/2020 4:49:23 PM      Количество символов п  = 156 частота 0.02160365600332364
4/5/2020 4:49:23 PM      Количество символов р  = 329 частота 0.045561556571112036
4/5/2020 4:49:23 PM      Количество символов с  = 255 частота 0.035313668466971336
4/5/2020 4:49:23 PM      Количество символов т  = 158 частота 0.0218806259520842
4/5/2020 4:49:23 PM      Количество символов у  = 171 частота 0.023680930619027835
4/5/2020 4:49:23 PM      Количество символов ф  = 7 частота 0.0009693948206619581
4/5/2020 4:49:23 PM      Количество символов х  = 64 частота 0.008863038360337904
4/5/2020 4:49:23 PM      Количество символов ц  = 207 частота 0.028666389696717906
4/5/2020 4:49:23 PM      Количество символов ч  = 47 частота 0.0065087937958731475
4/5/2020 4:49:23 PM      Количество символов ш  = 32 частота 0.004431519180168952
4/5/2020 4:49:23 PM      Количество символов ы  = 297 частота 0.041130037390943085
4/5/2020 4:49:23 PM      Количество символов ь  = 100 частота 0.013848497438027975
4/5/2020 4:49:23 PM      Количество символов э  = 91 частота 0.012602132668605456
4/5/2020 4:49:23 PM      Количество символов ю  = 56 частота 0.007755158565295665
4/5/2020 4:49:23 PM      Количество символов я  = 248 частота 0.034344273646309376
4/5/2020 4:49:23 PM      Количество символов ё  = 8 частота 0.001107879795042238
4/5/2020 4:49:23 PM      Количество символов ў  = 135 частота 0.018695471541337765
4/5/2020 4:49:23 PM      Количество символов —  = 3 частота 0.0004154549231408392
4/5/2020 4:49:23 PM      Количество символов ’  = 12 частота 0.0016618196925633569
4/5/2020 4:49:46 PM      Количество символов 
  = 48 частота 0.006647278770253427
4/5/2020 4:49:46 PM      Количество символов   = 48 частота 0.006647278770253427
4/5/2020 4:49:46 PM      Количество символов    = 821 частота 0.11369616396620967
4/5/2020 4:49:46 PM      Количество символов ,  = 63 частота 0.008724553385957623
4/5/2020 4:49:46 PM      Количество символов -  = 5 частота 0.0006924248719013987
4/5/2020 4:49:46 PM      Количество символов .  = 54 частота 0.007478188616535106
4/5/2020 4:49:46 PM      Количество символов :  = 1 частота 0.00013848497438027975
4/5/2020 4:49:46 PM      Количество символов ;  = 1 частота 0.00013848497438027975
4/5/2020 4:49:46 PM      Количество символов i  = 347 частота 0.04805428610995707
4/5/2020 4:49:46 PM      Количество символов А  = 3 частота 0.0004154549231408392
4/5/2020 4:49:46 PM      Количество символов Б  = 29 частота 0.004016064257028112
4/5/2020 4:49:46 PM      Количество символов Г  = 3 частота 0.0004154549231408392
4/5/2020 4:49:46 PM      Количество символов Д  = 16 частота 0.002215759590084476
4/5/2020 4:49:46 PM      Количество символов З  = 5 частота 0.0006924248719013987
4/5/2020 4:49:46 PM      Количество символов К  = 7 частота 0.0009693948206619581
4/5/2020 4:49:46 PM      Количество символов Л  = 1 частота 0.00013848497438027975
4/5/2020 4:49:46 PM      Количество символов М  = 2 частота 0.0002769699487605595
4/5/2020 4:49:46 PM      Количество символов Н  = 6 частота 0.0008309098462816784
4/5/2020 4:49:46 PM      Количество символов П  = 3 частота 0.0004154549231408392
4/5/2020 4:49:46 PM      Количество символов Р  = 27 частота 0.003739094308267553
4/5/2020 4:49:46 PM      Количество символов С  = 3 частота 0.0004154549231408392
4/5/2020 4:49:46 PM      Количество символов Т  = 3 частота 0.0004154549231408392
4/5/2020 4:49:46 PM      Количество символов У  = 3 частота 0.0004154549231408392
4/5/2020 4:49:46 PM      Количество символов Ч  = 1 частота 0.00013848497438027975
4/5/2020 4:49:46 PM      Количество символов а  = 1029 частота 0.14250103863730784
4/5/2020 4:49:46 PM      Количество символов б  = 92 частота 0.012740617642985737
4/5/2020 4:49:46 PM      Количество символов в  = 184 частота 0.025481235285971474
4/5/2020 4:49:46 PM      Количество символов г  = 96 частота 0.013294557540506855
4/5/2020 4:49:46 PM      Количество символов д  = 200 частота 0.02769699487605595
4/5/2020 4:49:46 PM      Количество символов е  = 196 частота 0.02714305497853483
4/5/2020 4:49:46 PM      Количество символов ж  = 86 частота 0.011909707796704057
4/5/2020 4:49:47 PM      Количество символов з  = 195 частота 0.02700457000415455
4/5/2020 4:49:47 PM      Количество символов й  = 94 частота 0.013017587591746295
4/5/2020 4:49:47 PM      Количество символов к  = 141 частота 0.019526381387619442
4/5/2020 4:49:47 PM      Количество символов л  = 195 частота 0.02700457000415455
4/5/2020 4:49:47 PM      Количество символов м  = 172 частота 0.023819415593408114
4/5/2020 4:49:47 PM      Количество символов н  = 501 частота 0.06938097216452015
4/5/2020 4:49:47 PM      Количество символов о  = 164 частота 0.02271153579836588
4/5/2020 4:49:47 PM      Количество символов п  = 156 частота 0.02160365600332364
4/5/2020 4:49:47 PM      Количество символов р  = 329 частота 0.045561556571112036
4/5/2020 4:49:47 PM      Количество символов с  = 255 частота 0.035313668466971336
4/5/2020 4:49:47 PM      Количество символов т  = 158 частота 0.0218806259520842
4/5/2020 4:49:47 PM      Количество символов у  = 171 частота 0.023680930619027835
4/5/2020 4:49:47 PM      Количество символов ф  = 7 частота 0.0009693948206619581
4/5/2020 4:49:47 PM      Количество символов х  = 64 частота 0.008863038360337904
4/5/2020 4:49:47 PM      Количество символов ц  = 207 частота 0.028666389696717906
4/5/2020 4:49:47 PM      Количество символов ч  = 47 частота 0.0065087937958731475
4/5/2020 4:49:47 PM      Количество символов ш  = 32 частота 0.004431519180168952
4/5/2020 4:49:47 PM      Количество символов ы  = 297 частота 0.041130037390943085
4/5/2020 4:49:47 PM      Количество символов ь  = 100 частота 0.013848497438027975
4/5/2020 4:49:47 PM      Количество символов э  = 91 частота 0.012602132668605456
4/5/2020 4:49:47 PM      Количество символов ю  = 56 частота 0.007755158565295665
4/5/2020 4:49:47 PM      Количество символов я  = 248 частота 0.034344273646309376
4/5/2020 4:49:47 PM      Количество символов ё  = 8 частота 0.001107879795042238
4/5/2020 4:49:47 PM      Количество символов ў  = 135 частота 0.018695471541337765
4/5/2020 4:49:47 PM      Количество символов —  = 3 частота 0.0004154549231408392
4/5/2020 4:49:47 PM      Количество символов ’  = 12 частота 0.0016618196925633569
4/8/2020 7:16:46 PM      Количество символов 
  = 48 частота 0.006647278770253427
4/8/2020 7:16:46 PM      Количество символов   = 48 частота 0.006647278770253427
4/8/2020 7:16:46 PM      Количество символов    = 821 частота 0.11369616396620967
4/8/2020 7:16:46 PM      Количество символов ,  = 63 частота 0.008724553385957623
4/8/2020 7:16:46 PM      Количество символов -  = 5 частота 0.0006924248719013987
4/8/2020 7:16:46 PM      Количество символов .  = 54 частота 0.007478188616535106
4/8/2020 7:16:46 PM      Количество символов :  = 1 частота 0.00013848497438027975
4/8/2020 7:16:46 PM      Количество символов ;  = 1 частота 0.00013848497438027975
4/8/2020 7:16:46 PM      Количество символов i  = 347 частота 0.04805428610995707
4/8/2020 7:16:46 PM      Количество символов А  = 3 частота 0.0004154549231408392
4/8/2020 7:16:46 PM      Количество символов Б  = 29 частота 0.004016064257028112
4/8/2020 7:16:46 PM      Количество символов Г  = 3 частота 0.0004154549231408392
4/8/2020 7:16:46 PM      Количество символов Д  = 16 частота 0.002215759590084476
4/8/2020 7:16:46 PM      Количество символов З  = 5 частота 0.0006924248719013987
4/8/2020 7:16:46 PM      Количество символов К  = 7 частота 0.0009693948206619581
4/8/2020 7:16:46 PM      Количество символов Л  = 1 частота 0.00013848497438027975
4/8/2020 7:16:46 PM      Количество символов М  = 2 частота 0.0002769699487605595
4/8/2020 7:16:46 PM      Количество символов Н  = 6 частота 0.0008309098462816784
4/8/2020 7:16:47 PM      Количество символов П  = 3 частота 0.0004154549231408392
4/8/2020 7:16:47 PM      Количество символов Р  = 27 частота 0.003739094308267553
4/8/2020 7:16:47 PM      Количество символов С  = 3 частота 0.0004154549231408392
4/8/2020 7:16:47 PM      Количество символов Т  = 3 частота 0.0004154549231408392
4/8/2020 7:16:47 PM      Количество символов У  = 3 частота 0.0004154549231408392
4/8/2020 7:16:47 PM      Количество символов Ч  = 1 частота 0.00013848497438027975
4/8/2020 7:16:47 PM      Количество символов а  = 1029 частота 0.14250103863730784
4/8/2020 7:16:47 PM      Количество символов б  = 92 частота 0.012740617642985737
4/8/2020 7:16:47 PM      Количество символов в  = 184 частота 0.025481235285971474
4/8/2020 7:16:47 PM      Количество символов г  = 96 частота 0.013294557540506855
4/8/2020 7:16:47 PM      Количество символов д  = 200 частота 0.02769699487605595
4/8/2020 7:16:47 PM      Количество символов е  = 196 частота 0.02714305497853483
4/8/2020 7:16:47 PM      Количество символов ж  = 86 частота 0.011909707796704057
4/8/2020 7:16:47 PM      Количество символов з  = 195 частота 0.02700457000415455
4/8/2020 7:16:47 PM      Количество символов й  = 94 частота 0.013017587591746295
4/8/2020 7:16:47 PM      Количество символов к  = 141 частота 0.019526381387619442
4/8/2020 7:16:47 PM      Количество символов л  = 195 частота 0.02700457000415455
4/8/2020 7:16:47 PM      Количество символов м  = 172 частота 0.023819415593408114
4/8/2020 7:16:47 PM      Количество символов н  = 501 частота 0.06938097216452015
4/8/2020 7:16:47 PM      Количество символов о  = 164 частота 0.02271153579836588
4/8/2020 7:16:47 PM      Количество символов п  = 156 частота 0.02160365600332364
4/8/2020 7:16:47 PM      Количество символов р  = 329 частота 0.045561556571112036
4/8/2020 7:16:47 PM      Количество символов с  = 255 частота 0.035313668466971336
4/8/2020 7:16:47 PM      Количество символов т  = 158 частота 0.0218806259520842
4/8/2020 7:16:47 PM      Количество символов у  = 171 частота 0.023680930619027835
4/8/2020 7:16:47 PM      Количество символов ф  = 7 частота 0.0009693948206619581
4/8/2020 7:16:47 PM      Количество символов х  = 64 частота 0.008863038360337904
4/8/2020 7:16:47 PM      Количество символов ц  = 207 частота 0.028666389696717906
4/8/2020 7:16:47 PM      Количество символов ч  = 47 частота 0.0065087937958731475
4/8/2020 7:16:47 PM      Количество символов ш  = 32 частота 0.004431519180168952
4/8/2020 7:16:47 PM      Количество символов ы  = 297 частота 0.041130037390943085
4/8/2020 7:16:47 PM      Количество символов ь  = 100 частота 0.013848497438027975
4/8/2020 7:16:47 PM      Количество символов э  = 91 частота 0.012602132668605456
4/8/2020 7:16:47 PM      Количество символов ю  = 56 частота 0.007755158565295665
4/8/2020 7:16:47 PM      Количество символов я  = 248 частота 0.034344273646309376
4/8/2020 7:16:47 PM      Количество символов ё  = 8 частота 0.001107879795042238
4/8/2020 7:16:47 PM      Количество символов ў  = 135 частота 0.018695471541337765
4/8/2020 7:16:47 PM      Количество символов —  = 3 частота 0.0004154549231408392
4/8/2020 7:16:47 PM      Количество символов ’  = 12 частота 0.0016618196925633569
4/8/2020 7:17:09 PM      Количество символов 
  = 48 частота 0.006647278770253427
4/8/2020 7:17:09 PM      Количество символов   = 48 частота 0.006647278770253427
4/8/2020 7:17:09 PM      Количество символов    = 821 частота 0.11369616396620967
4/8/2020 7:17:09 PM      Количество символов ,  = 63 частота 0.008724553385957623
4/8/2020 7:17:09 PM      Количество символов -  = 5 частота 0.0006924248719013987
4/8/2020 7:17:09 PM      Количество символов .  = 54 частота 0.007478188616535106
4/8/2020 7:17:09 PM      Количество символов :  = 1 частота 0.00013848497438027975
4/8/2020 7:17:09 PM      Количество символов ;  = 1 частота 0.00013848497438027975
4/8/2020 7:17:09 PM      Количество символов i  = 347 частота 0.04805428610995707
4/8/2020 7:17:09 PM      Количество символов А  = 3 частота 0.0004154549231408392
4/8/2020 7:17:09 PM      Количество символов Б  = 29 частота 0.004016064257028112
4/8/2020 7:17:09 PM      Количество символов Г  = 3 частота 0.0004154549231408392
4/8/2020 7:17:09 PM      Количество символов Д  = 16 частота 0.002215759590084476
4/8/2020 7:17:09 PM      Количество символов З  = 5 частота 0.0006924248719013987
4/8/2020 7:17:09 PM      Количество символов К  = 7 частота 0.0009693948206619581
4/8/2020 7:17:09 PM      Количество символов Л  = 1 частота 0.00013848497438027975
4/8/2020 7:17:09 PM      Количество символов М  = 2 частота 0.0002769699487605595
4/8/2020 7:17:09 PM      Количество символов Н  = 6 частота 0.0008309098462816784
4/8/2020 7:17:09 PM      Количество символов П  = 3 частота 0.0004154549231408392
4/8/2020 7:17:09 PM      Количество символов Р  = 27 частота 0.003739094308267553
4/8/2020 7:17:09 PM      Количество символов С  = 3 частота 0.0004154549231408392
4/8/2020 7:17:09 PM      Количество символов Т  = 3 частота 0.0004154549231408392
4/8/2020 7:17:09 PM      Количество символов У  = 3 частота 0.0004154549231408392
4/8/2020 7:17:09 PM      Количество символов Ч  = 1 частота 0.00013848497438027975
4/8/2020 7:17:09 PM      Количество символов а  = 1029 частота 0.14250103863730784
4/8/2020 7:17:09 PM      Количество символов б  = 92 частота 0.012740617642985737
4/8/2020 7:17:09 PM      Количество символов в  = 184 частота 0.025481235285971474
4/8/2020 7:17:09 PM      Количество символов г  = 96 частота 0.013294557540506855
4/8/2020 7:17:09 PM      Количество символов д  = 200 частота 0.02769699487605595
4/8/2020 7:17:09 PM      Количество символов е  = 196 частота 0.02714305497853483
4/8/2020 7:17:10 PM      Количество символов ж  = 86 частота 0.011909707796704057
4/8/2020 7:17:10 PM      Количество символов з  = 195 частота 0.02700457000415455
4/8/2020 7:17:10 PM      Количество символов й  = 94 частота 0.013017587591746295
4/8/2020 7:17:10 PM      Количество символов к  = 141 частота 0.019526381387619442
4/8/2020 7:17:10 PM      Количество символов л  = 195 частота 0.02700457000415455
4/8/2020 7:17:10 PM      Количество символов м  = 172 частота 0.023819415593408114
4/8/2020 7:17:10 PM      Количество символов н  = 501 частота 0.06938097216452015
4/8/2020 7:17:10 PM      Количество символов о  = 164 частота 0.02271153579836588
4/8/2020 7:17:10 PM      Количество символов п  = 156 частота 0.02160365600332364
4/8/2020 7:17:10 PM      Количество символов р  = 329 частота 0.045561556571112036
4/8/2020 7:17:10 PM      Количество символов с  = 255 частота 0.035313668466971336
4/8/2020 7:17:10 PM      Количество символов т  = 158 частота 0.0218806259520842
4/8/2020 7:17:10 PM      Количество символов у  = 171 частота 0.023680930619027835
4/8/2020 7:17:10 PM      Количество символов ф  = 7 частота 0.0009693948206619581
4/8/2020 7:17:10 PM      Количество символов х  = 64 частота 0.008863038360337904
4/8/2020 7:17:10 PM      Количество символов ц  = 207 частота 0.028666389696717906
4/8/2020 7:17:10 PM      Количество символов ч  = 47 частота 0.0065087937958731475
4/8/2020 7:17:10 PM      Количество символов ш  = 32 частота 0.004431519180168952
4/8/2020 7:17:10 PM      Количество символов ы  = 297 частота 0.041130037390943085
4/8/2020 7:17:10 PM      Количество символов ь  = 100 частота 0.013848497438027975
4/8/2020 7:17:10 PM      Количество символов э  = 91 частота 0.012602132668605456
4/8/2020 7:17:10 PM      Количество символов ю  = 56 частота 0.007755158565295665
4/8/2020 7:17:10 PM      Количество символов я  = 248 частота 0.034344273646309376
4/8/2020 7:17:10 PM      Количество символов ё  = 8 частота 0.001107879795042238
4/8/2020 7:17:10 PM      Количество символов ў  = 135 частота 0.018695471541337765
4/8/2020 7:17:10 PM      Количество символов —  = 3 частота 0.0004154549231408392
4/8/2020 7:17:10 PM      Количество символов ’  = 12 частота 0.0016618196925633569
4/8/2020 10:16:57 PM      Количество символов 
  = 48 частота 0.006647278770253427
4/8/2020 10:16:57 PM      Количество символов   = 48 частота 0.006647278770253427
4/8/2020 10:16:57 PM      Количество символов    = 821 частота 0.11369616396620967
4/8/2020 10:16:57 PM      Количество символов ,  = 63 частота 0.008724553385957623
4/8/2020 10:16:57 PM      Количество символов -  = 5 частота 0.0006924248719013987
4/8/2020 10:16:57 PM      Количество символов .  = 54 частота 0.007478188616535106
4/8/2020 10:16:57 PM      Количество символов :  = 1 частота 0.00013848497438027975
4/8/2020 10:16:57 PM      Количество символов ;  = 1 частота 0.00013848497438027975
4/8/2020 10:16:57 PM      Количество символов i  = 347 частота 0.04805428610995707
4/8/2020 10:16:57 PM      Количество символов А  = 3 частота 0.0004154549231408392
4/8/2020 10:16:57 PM      Количество символов Б  = 29 частота 0.004016064257028112
4/8/2020 10:16:57 PM      Количество символов Г  = 3 частота 0.0004154549231408392
4/8/2020 10:16:57 PM      Количество символов Д  = 16 частота 0.002215759590084476
4/8/2020 10:16:57 PM      Количество символов З  = 5 частота 0.0006924248719013987
4/8/2020 10:16:57 PM      Количество символов К  = 7 частота 0.0009693948206619581
4/8/2020 10:16:57 PM      Количество символов Л  = 1 частота 0.00013848497438027975
4/8/2020 10:16:57 PM      Количество символов М  = 2 частота 0.0002769699487605595
4/8/2020 10:16:57 PM      Количество символов Н  = 6 частота 0.0008309098462816784
4/8/2020 10:16:57 PM      Количество символов П  = 3 частота 0.0004154549231408392
4/8/2020 10:16:57 PM      Количество символов Р  = 27 частота 0.003739094308267553
4/8/2020 10:16:57 PM      Количество символов С  = 3 частота 0.0004154549231408392
4/8/2020 10:16:57 PM      Количество символов Т  = 3 частота 0.0004154549231408392
4/8/2020 10:16:57 PM      Количество символов У  = 3 частота 0.0004154549231408392
4/8/2020 10:16:57 PM      Количество символов Ч  = 1 частота 0.00013848497438027975
4/8/2020 10:16:57 PM      Количество символов а  = 1029 частота 0.14250103863730784
4/8/2020 10:16:57 PM      Количество символов б  = 92 частота 0.012740617642985737
4/8/2020 10:16:57 PM      Количество символов в  = 184 частота 0.025481235285971474
4/8/2020 10:16:57 PM      Количество символов г  = 96 частота 0.013294557540506855
4/8/2020 10:16:57 PM      Количество символов д  = 200 частота 0.02769699487605595
4/8/2020 10:16:57 PM      Количество символов е  = 196 частота 0.02714305497853483
4/8/2020 10:16:57 PM      Количество символов ж  = 86 частота 0.011909707796704057
4/8/2020 10:16:57 PM      Количество символов з  = 195 частота 0.02700457000415455
4/8/2020 10:16:57 PM      Количество символов й  = 94 частота 0.013017587591746295
4/8/2020 10:16:57 PM      Количество символов к  = 141 частота 0.019526381387619442
4/8/2020 10:16:57 PM      Количество символов л  = 195 частота 0.02700457000415455
4/8/2020 10:16:57 PM      Количество символов м  = 172 частота 0.023819415593408114
4/8/2020 10:16:57 PM      Количество символов н  = 501 частота 0.06938097216452015
4/8/2020 10:16:57 PM      Количество символов о  = 164 частота 0.02271153579836588
4/8/2020 10:16:57 PM      Количество символов п  = 156 частота 0.02160365600332364
4/8/2020 10:16:57 PM      Количество символов р  = 329 частота 0.045561556571112036
4/8/2020 10:16:57 PM      Количество символов с  = 255 частота 0.035313668466971336
4/8/2020 10:16:57 PM      Количество символов т  = 158 частота 0.0218806259520842
4/8/2020 10:16:57 PM      Количество символов у  = 171 частота 0.023680930619027835
4/8/2020 10:16:57 PM      Количество символов ф  = 7 частота 0.0009693948206619581
4/8/2020 10:16:57 PM      Количество символов х  = 64 частота 0.008863038360337904
4/8/2020 10:16:57 PM      Количество символов ц  = 207 частота 0.028666389696717906
4/8/2020 10:16:57 PM      Количество символов ч  = 47 частота 0.0065087937958731475
4/8/2020 10:16:57 PM      Количество символов ш  = 32 частота 0.004431519180168952
4/8/2020 10:16:57 PM      Количество символов ы  = 297 частота 0.041130037390943085
4/8/2020 10:16:58 PM      Количество символов ь  = 100 частота 0.013848497438027975
4/8/2020 10:16:58 PM      Количество символов э  = 91 частота 0.012602132668605456
4/8/2020 10:16:58 PM      Количество символов ю  = 56 частота 0.007755158565295665
4/8/2020 10:16:58 PM      Количество символов я  = 248 частота 0.034344273646309376
4/8/2020 10:16:58 PM      Количество символов ё  = 8 частота 0.001107879795042238
4/8/2020 10:16:58 PM      Количество символов ў  = 135 частота 0.018695471541337765
4/8/2020 10:16:58 PM      Количество символов —  = 3 частота 0.0004154549231408392
4/8/2020 10:16:58 PM      Количество символов ’  = 12 частота 0.0016618196925633569
4/8/2020 10:18:24 PM      Количество символов 
  = 48 частота 0.006647278770253427
4/8/2020 10:18:24 PM      Количество символов   = 48 частота 0.006647278770253427
4/8/2020 10:18:24 PM      Количество символов    = 821 частота 0.11369616396620967
4/8/2020 10:18:24 PM      Количество символов ,  = 63 частота 0.008724553385957623
4/8/2020 10:18:24 PM      Количество символов -  = 5 частота 0.0006924248719013987
4/8/2020 10:18:24 PM      Количество символов .  = 54 частота 0.007478188616535106
4/8/2020 10:18:24 PM      Количество символов :  = 1 частота 0.00013848497438027975
4/8/2020 10:18:24 PM      Количество символов ;  = 1 частота 0.00013848497438027975
4/8/2020 10:18:24 PM      Количество символов i  = 347 частота 0.04805428610995707
4/8/2020 10:18:24 PM      Количество символов А  = 3 частота 0.0004154549231408392
4/8/2020 10:18:24 PM      Количество символов Б  = 29 частота 0.004016064257028112
4/8/2020 10:18:24 PM      Количество символов Г  = 3 частота 0.0004154549231408392
4/8/2020 10:18:24 PM      Количество символов Д  = 16 частота 0.002215759590084476
4/8/2020 10:18:24 PM      Количество символов З  = 5 частота 0.0006924248719013987
4/8/2020 10:18:24 PM      Количество символов К  = 7 частота 0.0009693948206619581
4/8/2020 10:18:24 PM      Количество символов Л  = 1 частота 0.00013848497438027975
4/8/2020 10:18:24 PM      Количество символов М  = 2 частота 0.0002769699487605595
4/8/2020 10:18:24 PM      Количество символов Н  = 6 частота 0.0008309098462816784
4/8/2020 10:18:24 PM      Количество символов П  = 3 частота 0.0004154549231408392
4/8/2020 10:18:24 PM      Количество символов Р  = 27 частота 0.003739094308267553
4/8/2020 10:18:24 PM      Количество символов С  = 3 частота 0.0004154549231408392
4/8/2020 10:18:24 PM      Количество символов Т  = 3 частота 0.0004154549231408392
4/8/2020 10:18:24 PM      Количество символов У  = 3 частота 0.0004154549231408392
4/8/2020 10:18:24 PM      Количество символов Ч  = 1 частота 0.00013848497438027975
4/8/2020 10:18:24 PM      Количество символов а  = 1029 частота 0.14250103863730784
4/8/2020 10:18:24 PM      Количество символов б  = 92 частота 0.012740617642985737
4/8/2020 10:18:24 PM      Количество символов в  = 184 частота 0.025481235285971474
4/8/2020 10:18:24 PM      Количество символов г  = 96 частота 0.013294557540506855
4/8/2020 10:18:24 PM      Количество символов д  = 200 частота 0.02769699487605595
4/8/2020 10:18:24 PM      Количество символов е  = 196 частота 0.02714305497853483
4/8/2020 10:18:24 PM      Количество символов ж  = 86 частота 0.011909707796704057
4/8/2020 10:18:24 PM      Количество символов з  = 195 частота 0.02700457000415455
4/8/2020 10:18:24 PM      Количество символов й  = 94 частота 0.013017587591746295
4/8/2020 10:18:24 PM      Количество символов к  = 141 частота 0.019526381387619442
4/8/2020 10:18:24 PM      Количество символов л  = 195 частота 0.02700457000415455
4/8/2020 10:18:24 PM      Количество символов м  = 172 частота 0.023819415593408114
4/8/2020 10:18:24 PM      Количество символов н  = 501 частота 0.06938097216452015
4/8/2020 10:18:24 PM      Количество символов о  = 164 частота 0.02271153579836588
4/8/2020 10:18:24 PM      Количество символов п  = 156 частота 0.02160365600332364
4/8/2020 10:18:24 PM      Количество символов р  = 329 частота 0.045561556571112036
4/8/2020 10:18:24 PM      Количество символов с  = 255 частота 0.035313668466971336
4/8/2020 10:18:24 PM      Количество символов т  = 158 частота 0.0218806259520842
4/8/2020 10:18:24 PM      Количество символов у  = 171 частота 0.023680930619027835
4/8/2020 10:18:24 PM      Количество символов ф  = 7 частота 0.0009693948206619581
4/8/2020 10:18:24 PM      Количество символов х  = 64 частота 0.008863038360337904
4/8/2020 10:18:24 PM      Количество символов ц  = 207 частота 0.028666389696717906
4/8/2020 10:18:24 PM      Количество символов ч  = 47 частота 0.0065087937958731475
4/8/2020 10:18:24 PM      Количество символов ш  = 32 частота 0.004431519180168952
4/8/2020 10:18:24 PM      Количество символов ы  = 297 частота 0.041130037390943085
4/8/2020 10:18:24 PM      Количество символов ь  = 100 частота 0.013848497438027975
4/8/2020 10:18:24 PM      Количество символов э  = 91 частота 0.012602132668605456
4/8/2020 10:18:24 PM      Количество символов ю  = 56 частота 0.007755158565295665
4/8/2020 10:18:24 PM      Количество символов я  = 248 частота 0.034344273646309376
4/8/2020 10:18:24 PM      Количество символов ё  = 8 частота 0.001107879795042238
4/8/2020 10:18:24 PM      Количество символов ў  = 135 частота 0.018695471541337765
4/8/2020 10:18:25 PM      Количество символов —  = 3 частота 0.0004154549231408392
4/8/2020 10:18:25 PM      Количество символов ’  = 12 частота 0.0016618196925633569
4/8/2020 10:21:33 PM      Количество символов 
  = 48 частота 0.006647278770253427
4/8/2020 10:21:34 PM      Количество символов   = 48 частота 0.006647278770253427
4/8/2020 10:21:34 PM      Количество символов    = 821 частота 0.11369616396620967
4/8/2020 10:21:34 PM      Количество символов ,  = 63 частота 0.008724553385957623
4/8/2020 10:21:34 PM      Количество символов -  = 5 частота 0.0006924248719013987
4/8/2020 10:21:34 PM      Количество символов .  = 54 частота 0.007478188616535106
4/8/2020 10:21:34 PM      Количество символов :  = 1 частота 0.00013848497438027975
4/8/2020 10:21:34 PM      Количество символов ;  = 1 частота 0.00013848497438027975
4/8/2020 10:21:34 PM      Количество символов i  = 347 частота 0.04805428610995707
4/8/2020 10:21:34 PM      Количество символов А  = 3 частота 0.0004154549231408392
4/8/2020 10:21:34 PM      Количество символов Б  = 29 частота 0.004016064257028112
4/8/2020 10:21:34 PM      Количество символов Г  = 3 частота 0.0004154549231408392
4/8/2020 10:21:34 PM      Количество символов Д  = 16 частота 0.002215759590084476
4/8/2020 10:21:34 PM      Количество символов З  = 5 частота 0.0006924248719013987
4/8/2020 10:21:34 PM      Количество символов К  = 7 частота 0.0009693948206619581
4/8/2020 10:21:34 PM      Количество символов Л  = 1 частота 0.00013848497438027975
4/8/2020 10:21:34 PM      Количество символов М  = 2 частота 0.0002769699487605595
4/8/2020 10:21:34 PM      Количество символов Н  = 6 частота 0.0008309098462816784
4/8/2020 10:21:34 PM      Количество символов П  = 3 частота 0.0004154549231408392
4/8/2020 10:21:34 PM      Количество символов Р  = 27 частота 0.003739094308267553
4/8/2020 10:21:34 PM      Количество символов С  = 3 частота 0.0004154549231408392
4/8/2020 10:21:34 PM      Количество символов Т  = 3 частота 0.0004154549231408392
4/8/2020 10:21:34 PM      Количество символов У  = 3 частота 0.0004154549231408392
4/8/2020 10:21:34 PM      Количество символов Ч  = 1 частота 0.00013848497438027975
4/8/2020 10:21:34 PM      Количество символов а  = 1029 частота 0.14250103863730784
4/8/2020 10:21:34 PM      Количество символов б  = 92 частота 0.012740617642985737
4/8/2020 10:21:34 PM      Количество символов в  = 184 частота 0.025481235285971474
4/8/2020 10:21:34 PM      Количество символов г  = 96 частота 0.013294557540506855
4/8/2020 10:21:34 PM      Количество символов д  = 200 частота 0.02769699487605595
4/8/2020 10:21:34 PM      Количество символов е  = 196 частота 0.02714305497853483
4/8/2020 10:21:34 PM      Количество символов ж  = 86 частота 0.011909707796704057
4/8/2020 10:21:34 PM      Количество символов з  = 195 частота 0.02700457000415455
4/8/2020 10:21:34 PM      Количество символов й  = 94 частота 0.013017587591746295
4/8/2020 10:21:34 PM      Количество символов к  = 141 частота 0.019526381387619442
4/8/2020 10:21:34 PM      Количество символов л  = 195 частота 0.02700457000415455
4/8/2020 10:21:34 PM      Количество символов м  = 172 частота 0.023819415593408114
4/8/2020 10:21:34 PM      Количество символов н  = 501 частота 0.06938097216452015
4/8/2020 10:21:34 PM      Количество символов о  = 164 частота 0.02271153579836588
4/8/2020 10:21:34 PM      Количество символов п  = 156 частота 0.02160365600332364
4/8/2020 10:21:34 PM      Количество символов р  = 329 частота 0.045561556571112036
4/8/2020 10:21:34 PM      Количество символов с  = 255 частота 0.035313668466971336
4/8/2020 10:21:34 PM      Количество символов т  = 158 частота 0.0218806259520842
4/8/2020 10:21:34 PM      Количество символов у  = 171 частота 0.023680930619027835
4/8/2020 10:21:34 PM      Количество символов ф  = 7 частота 0.0009693948206619581
4/8/2020 10:21:34 PM      Количество символов х  = 64 частота 0.008863038360337904
4/8/2020 10:21:34 PM      Количество символов ц  = 207 частота 0.028666389696717906
4/8/2020 10:21:34 PM      Количество символов ч  = 47 частота 0.0065087937958731475
4/8/2020 10:21:34 PM      Количество символов ш  = 32 частота 0.004431519180168952
4/8/2020 10:21:34 PM      Количество символов ы  = 297 частота 0.041130037390943085
4/8/2020 10:21:34 PM      Количество символов ь  = 100 частота 0.013848497438027975
4/8/2020 10:21:34 PM      Количество символов э  = 91 частота 0.012602132668605456
4/8/2020 10:21:34 PM      Количество символов ю  = 56 частота 0.007755158565295665
4/8/2020 10:21:34 PM      Количество символов я  = 248 частота 0.034344273646309376
4/8/2020 10:21:34 PM      Количество символов ё  = 8 частота 0.001107879795042238
4/8/2020 10:21:34 PM      Количество символов ў  = 135 частота 0.018695471541337765
4/8/2020 10:21:34 PM      Количество символов —  = 3 частота 0.0004154549231408392
4/8/2020 10:21:34 PM      Количество символов ’  = 12 частота 0.0016618196925633569
4/9/2020 9:22:11 AM      Количество символов 
  = 48 частота 0.006647278770253427
4/9/2020 9:22:11 AM      Количество символов   = 48 частота 0.006647278770253427
4/9/2020 9:22:11 AM      Количество символов    = 821 частота 0.11369616396620967
4/9/2020 9:22:11 AM      Количество символов ,  = 63 частота 0.008724553385957623
4/9/2020 9:22:11 AM      Количество символов -  = 5 частота 0.0006924248719013987
4/9/2020 9:22:11 AM      Количество символов .  = 54 частота 0.007478188616535106
4/9/2020 9:22:11 AM      Количество символов :  = 1 частота 0.00013848497438027975
4/9/2020 9:22:11 AM      Количество символов ;  = 1 частота 0.00013848497438027975
4/9/2020 9:22:11 AM      Количество символов i  = 347 частота 0.04805428610995707
4/9/2020 9:22:11 AM      Количество символов А  = 3 частота 0.0004154549231408392
4/9/2020 9:22:11 AM      Количество символов Б  = 29 частота 0.004016064257028112
4/9/2020 9:22:11 AM      Количество символов Г  = 3 частота 0.0004154549231408392
4/9/2020 9:22:11 AM      Количество символов Д  = 16 частота 0.002215759590084476
4/9/2020 9:22:11 AM      Количество символов З  = 5 частота 0.0006924248719013987
4/9/2020 9:22:11 AM      Количество символов К  = 7 частота 0.0009693948206619581
4/9/2020 9:22:11 AM      Количество символов Л  = 1 частота 0.00013848497438027975
4/9/2020 9:22:11 AM      Количество символов М  = 2 частота 0.0002769699487605595
4/9/2020 9:22:11 AM      Количество символов Н  = 6 частота 0.0008309098462816784
4/9/2020 9:22:11 AM      Количество символов П  = 3 частота 0.0004154549231408392
4/9/2020 9:22:11 AM      Количество символов Р  = 27 частота 0.003739094308267553
4/9/2020 9:22:11 AM      Количество символов С  = 3 частота 0.0004154549231408392
4/9/2020 9:22:11 AM      Количество символов Т  = 3 частота 0.0004154549231408392
4/9/2020 9:22:11 AM      Количество символов У  = 3 частота 0.0004154549231408392
4/9/2020 9:22:11 AM      Количество символов Ч  = 1 частота 0.00013848497438027975
4/9/2020 9:22:11 AM      Количество символов а  = 1029 частота 0.14250103863730784
4/9/2020 9:22:11 AM      Количество символов б  = 92 частота 0.012740617642985737
4/9/2020 9:22:11 AM      Количество символов в  = 184 частота 0.025481235285971474
4/9/2020 9:22:11 AM      Количество символов г  = 96 частота 0.013294557540506855
4/9/2020 9:22:11 AM      Количество символов д  = 200 частота 0.02769699487605595
4/9/2020 9:22:11 AM      Количество символов е  = 196 частота 0.02714305497853483
4/9/2020 9:22:11 AM      Количество символов ж  = 86 частота 0.011909707796704057
4/9/2020 9:22:11 AM      Количество символов з  = 195 частота 0.02700457000415455
4/9/2020 9:22:11 AM      Количество символов й  = 94 частота 0.013017587591746295
4/9/2020 9:22:11 AM      Количество символов к  = 141 частота 0.019526381387619442
4/9/2020 9:22:11 AM      Количество символов л  = 195 частота 0.02700457000415455
4/9/2020 9:22:11 AM      Количество символов м  = 172 частота 0.023819415593408114
4/9/2020 9:22:11 AM      Количество символов н  = 501 частота 0.06938097216452015
4/9/2020 9:22:11 AM      Количество символов о  = 164 частота 0.02271153579836588
4/9/2020 9:22:11 AM      Количество символов п  = 156 частота 0.02160365600332364
4/9/2020 9:22:11 AM      Количество символов р  = 329 частота 0.045561556571112036
4/9/2020 9:22:11 AM      Количество символов с  = 255 частота 0.035313668466971336
4/9/2020 9:22:11 AM      Количество символов т  = 158 частота 0.0218806259520842
4/9/2020 9:22:11 AM      Количество символов у  = 171 частота 0.023680930619027835
4/9/2020 9:22:11 AM      Количество символов ф  = 7 частота 0.0009693948206619581
4/9/2020 9:22:11 AM      Количество символов х  = 64 частота 0.008863038360337904
4/9/2020 9:22:11 AM      Количество символов ц  = 207 частота 0.028666389696717906
4/9/2020 9:22:11 AM      Количество символов ч  = 47 частота 0.0065087937958731475
4/9/2020 9:22:11 AM      Количество символов ш  = 32 частота 0.004431519180168952
4/9/2020 9:22:11 AM      Количество символов ы  = 297 частота 0.041130037390943085
4/9/2020 9:22:12 AM      Количество символов ь  = 100 частота 0.013848497438027975
4/9/2020 9:22:12 AM      Количество символов э  = 91 частота 0.012602132668605456
4/9/2020 9:22:12 AM      Количество символов ю  = 56 частота 0.007755158565295665
4/9/2020 9:22:12 AM      Количество символов я  = 248 частота 0.034344273646309376
4/9/2020 9:22:12 AM      Количество символов ё  = 8 частота 0.001107879795042238
4/9/2020 9:22:12 AM      Количество символов ў  = 135 частота 0.018695471541337765
4/9/2020 9:22:12 AM      Количество символов —  = 3 частота 0.0004154549231408392
4/9/2020 9:22:12 AM      Количество символов ’  = 12 частота 0.0016618196925633569
4/9/2020 9:54:00 AM      Количество символов 
  = 48 частота 0.006647278770253427
4/9/2020 9:54:00 AM      Количество символов   = 48 частота 0.006647278770253427
4/9/2020 9:54:00 AM      Количество символов    = 821 частота 0.11369616396620967
4/9/2020 9:54:00 AM      Количество символов ,  = 63 частота 0.008724553385957623
4/9/2020 9:54:00 AM      Количество символов -  = 5 частота 0.0006924248719013987
4/9/2020 9:54:00 AM      Количество символов .  = 54 частота 0.007478188616535106
4/9/2020 9:54:00 AM      Количество символов :  = 1 частота 0.00013848497438027975
4/9/2020 9:54:00 AM      Количество символов ;  = 1 частота 0.00013848497438027975
4/9/2020 9:54:00 AM      Количество символов i  = 347 частота 0.04805428610995707
4/9/2020 9:54:00 AM      Количество символов А  = 3 частота 0.0004154549231408392
4/9/2020 9:54:00 AM      Количество символов Б  = 29 частота 0.004016064257028112
4/9/2020 9:54:00 AM      Количество символов Г  = 3 частота 0.0004154549231408392
4/9/2020 9:54:00 AM      Количество символов Д  = 16 частота 0.002215759590084476
4/9/2020 9:54:01 AM      Количество символов З  = 5 частота 0.0006924248719013987
4/9/2020 9:54:01 AM      Количество символов К  = 7 частота 0.0009693948206619581
4/9/2020 9:54:01 AM      Количество символов Л  = 1 частота 0.00013848497438027975
4/9/2020 9:54:01 AM      Количество символов М  = 2 частота 0.0002769699487605595
4/9/2020 9:54:01 AM      Количество символов Н  = 6 частота 0.0008309098462816784
4/9/2020 9:54:01 AM      Количество символов П  = 3 частота 0.0004154549231408392
4/9/2020 9:54:01 AM      Количество символов Р  = 27 частота 0.003739094308267553
4/9/2020 9:54:01 AM      Количество символов С  = 3 частота 0.0004154549231408392
4/9/2020 9:54:01 AM      Количество символов Т  = 3 частота 0.0004154549231408392
4/9/2020 9:54:01 AM      Количество символов У  = 3 частота 0.0004154549231408392
4/9/2020 9:54:01 AM      Количество символов Ч  = 1 частота 0.00013848497438027975
4/9/2020 9:54:01 AM      Количество символов а  = 1029 частота 0.14250103863730784
4/9/2020 9:54:01 AM      Количество символов б  = 92 частота 0.012740617642985737
4/9/2020 9:54:01 AM      Количество символов в  = 184 частота 0.025481235285971474
4/9/2020 9:54:01 AM      Количество символов г  = 96 частота 0.013294557540506855
4/9/2020 9:54:01 AM      Количество символов д  = 200 частота 0.02769699487605595
4/9/2020 9:54:01 AM      Количество символов е  = 196 частота 0.02714305497853483
4/9/2020 9:54:01 AM      Количество символов ж  = 86 частота 0.011909707796704057
4/9/2020 9:54:01 AM      Количество символов з  = 195 частота 0.02700457000415455
4/9/2020 9:54:01 AM      Количество символов й  = 94 частота 0.013017587591746295
4/9/2020 9:54:01 AM      Количество символов к  = 141 частота 0.019526381387619442
4/9/2020 9:54:01 AM      Количество символов л  = 195 частота 0.02700457000415455
4/9/2020 9:54:01 AM      Количество символов м  = 172 частота 0.023819415593408114
4/9/2020 9:54:01 AM      Количество символов н  = 501 частота 0.06938097216452015
4/9/2020 9:54:01 AM      Количество символов о  = 164 частота 0.02271153579836588
4/9/2020 9:54:01 AM      Количество символов п  = 156 частота 0.02160365600332364
4/9/2020 9:54:01 AM      Количество символов р  = 329 частота 0.045561556571112036
4/9/2020 9:54:01 AM      Количество символов с  = 255 частота 0.035313668466971336
4/9/2020 9:54:01 AM      Количество символов т  = 158 частота 0.0218806259520842
4/9/2020 9:54:01 AM      Количество символов у  = 171 частота 0.023680930619027835
4/9/2020 9:54:01 AM      Количество символов ф  = 7 частота 0.0009693948206619581
4/9/2020 9:54:01 AM      Количество символов х  = 64 частота 0.008863038360337904
4/9/2020 9:54:01 AM      Количество символов ц  = 207 частота 0.028666389696717906
4/9/2020 9:54:01 AM      Количество символов ч  = 47 частота 0.0065087937958731475
4/9/2020 9:54:01 AM      Количество символов ш  = 32 частота 0.004431519180168952
4/9/2020 9:54:01 AM      Количество символов ы  = 297 частота 0.041130037390943085
4/9/2020 9:54:01 AM      Количество символов ь  = 100 частота 0.013848497438027975
4/9/2020 9:54:01 AM      Количество символов э  = 91 частота 0.012602132668605456
4/9/2020 9:54:01 AM      Количество символов ю  = 56 частота 0.007755158565295665
4/9/2020 9:54:01 AM      Количество символов я  = 248 частота 0.034344273646309376
4/9/2020 9:54:01 AM      Количество символов ё  = 8 частота 0.001107879795042238
4/9/2020 9:54:01 AM      Количество символов ў  = 135 частота 0.018695471541337765
4/9/2020 9:54:01 AM      Количество символов —  = 3 частота 0.0004154549231408392
4/9/2020 9:54:01 AM      Количество символов ’  = 12 частота 0.0016618196925633569
